[IPTC, IPTC2, Other] 0 - Application Record Version: 2
[IPTC, IPTC2, Other] 15 - Category: 1
[IPTC, IPTC2, Time] 55 - Date Created: 2004:02:26
[IPTC, IPTC2, Other] 5 - Object Name: Test IPTC picture
[IPTC, IPTC2, Other] 10 - Urgency: 8 (least urgent)
[IPTC, IPTC2, Other] 20 - Supplemental Categories: amazing, image, utilities
[IPTC, IPTC2, Other] 25 - Keywords: ExifTool, Test, IPTC
[IPTC, IPTC2, Other] 40 - Special Instructions: What instructions
[IPTC, IPTC2, Author] 80 - By-line: Phil Harvey
[IPTC, IPTC2, Author] 85 - By-line Title: My Position
[IPTC, IPTC2, Location] 90 - City: Kingston
[IPTC, IPTC2, Location] 101 - Country-Primary Location Name: Canada
[IPTC, IPTC2, Other] 103 - Original Transmission Reference: What is a transmission reference
[IPTC, IPTC2, Other] 105 - Headline: No headline
[IPTC, IPTC2, Author] 110 - Credit: My Credit
[IPTC, IPTC2, Author] 115 - Source: I'm the source
[IPTC, IPTC2, Author] 116 - Copyright Notice: Copyright 2004 Phil Harvey
[IPTC, IPTC2, Other] 120 - Caption-Abstract: A witty caption
[IPTC, IPTC2, Author] 122 - Writer-Editor: I wrote it
[IPTC, IPTC2, Location] 95 - Province-State: Ont
