[ExifTool, ExifTool, ExifTool] ExifToolVersion - ExifTool Version Number: 10.25
[File, System, Image] FileName - File Name: CanonRaw_4_failed.crw
[File, System, Image] Directory - Directory: t
[File, System, Image] FileSize - File Size: 13 kB
[File, System, Time] FileModifyDate - File Modification Date/Time: 2016:07:28 07:41:10-04:00
[File, System, Time] FileAccessDate - File Access Date/Time: 2016:07:28 07:41:10-04:00
[File, System, Time] FileInodeChangeDate - File Inode Change Date/Time: 2016:07:28 07:41:10-04:00
[File, System, Image] FilePermissions - File Permissions: rw-r--r--
[File, File, Image] FileType - File Type: CRW
[File, File, Image] FileTypeExtension - File Type Extension: crw
[File, File, Image] MIMEType - MIME Type: image/x-canon-crw
[MakerNotes, CanonRaw, Camera] 8197 - Raw Data: (Binary data 22 bytes)
[MakerNotes, CanonRaw, Preview] 8199 - Jpg From Raw: (Binary data 16 bytes)
[MakerNotes, CanonRaw, Image] 0 - File Format: CRW
[MakerNotes, CanonRaw, Image] 1 - Target Compression Ratio: 10
[MakerNotes, CanonRaw, Image] 0 - Image Width: 3072
[MakerNotes, CanonRaw, Image] 1 - Image Height: 2048
[MakerNotes, CanonRaw, Image] 2 - Pixel Aspect Ratio: 1
[MakerNotes, CanonRaw, Image] 3 - Rotation: 0
[MakerNotes, CanonRaw, Image] 4 - Component Bit Depth: 8
[MakerNotes, CanonRaw, Image] 5 - Color Bit Depth: 24
[MakerNotes, CanonRaw, Image] 6 - Color BW: 257
[MakerNotes, CanonRaw, Camera] 4106 - Target Image Type: Real-world Subject
[MakerNotes, CanonRaw, Camera] 6148 - Record ID: 0
[MakerNotes, CanonRaw, Image] 6167 - File Number: 118-1861
[MakerNotes, CanonRaw, Time] 0 - Date/Time Original: 2003:12:04 06:46:52
[MakerNotes, CanonRaw, Time] 1 - Time Zone Code: 0
[MakerNotes, CanonRaw, Time] 2 - Time Zone Info: 0
[MakerNotes, CanonRaw, Camera] 2070 - Original File Name: CRW_1602.CRW
[MakerNotes, CanonRaw, Camera] 2071 - Thumbnail File Name: CRW_1602.THM
[MakerNotes, CanonRaw, Camera] 2053 - User Comment: 
[MakerNotes, CanonRaw, Camera] 6164 - Measured EV: -1.25
[MakerNotes, CanonRaw, Camera] 2053 - Canon File Description: EOS DIGITAL REBEL CMOS RAW
[MakerNotes, CanonRaw, Camera] 2069 - Canon Image Type: CRW:EOS DIGITAL REBEL CMOS RAW
[MakerNotes, CanonRaw, Camera] 2064 - Owner Name: Phil Harvey
[MakerNotes, CanonRaw, Camera] 0 - Make: Canon
[MakerNotes, CanonRaw, Camera] 6 - Camera Model Name: Canon EOS DIGITAL REBEL
[MakerNotes, CanonRaw, Camera] 6155 - Serial Number: 0000001234
[MakerNotes, CanonRaw, Camera] 4124 - Base ISO: 100
[MakerNotes, CanonRaw, Camera] 2061 - ROM Operation Mode: CDN
[MakerNotes, CanonRaw, Camera] 2059 - Canon Firmware Version: Firmware Version 1.1.1
[MakerNotes, Canon, Image] 1 - Focal Length: 34 mm
[MakerNotes, Canon, Image] 2 - Focal Plane X Size: 35.00 mm
[MakerNotes, Canon, Image] 3 - Focal Plane Y Size: 24.00 mm
[MakerNotes, Canon, Image] 1 - Auto ISO: 100
[MakerNotes, Canon, Image] 2 - Base ISO: 100
[MakerNotes, Canon, Image] 3 - Measured EV: -1.25
[MakerNotes, Canon, Image] 4 - Target Aperture: 14
[MakerNotes, Canon, Image] 5 - Target Exposure Time: 1/60
[MakerNotes, Canon, Image] 6 - Exposure Compensation: 0
[MakerNotes, Canon, Image] 7 - White Balance: Auto
[MakerNotes, Canon, Image] 8 - Slow Shutter: None
[MakerNotes, Canon, Image] 9 - Shot Number In Continuous Burst: 0
[MakerNotes, Canon, Camera] 10 - Optical Zoom Code: n/a
[MakerNotes, Canon, Image] 13 - Flash Guide Number: 0
[MakerNotes, Canon, Image] 15 - Flash Exposure Compensation: 0
[MakerNotes, Canon, Image] 16 - Auto Exposure Bracketing: Off
[MakerNotes, Canon, Image] 17 - AEB Bracket Value: 0
[MakerNotes, Canon, Image] 18 - Control Mode: Camera Local Control
[MakerNotes, Canon, Image] 19 - Focus Distance Upper: inf
[MakerNotes, Canon, Image] 20 - Focus Distance Lower: 5.46 m
[MakerNotes, Canon, Image] 21 - F Number: 14
[MakerNotes, Canon, Image] 22 - Exposure Time: 4
[MakerNotes, Canon, Image] 23 - Measured EV 2: -1.25
[MakerNotes, Canon, Image] 24 - Bulb Duration: 4
[MakerNotes, Canon, Camera] 26 - Camera Type: EOS Mid-range
[MakerNotes, Canon, Image] 27 - Auto Rotate: None
[MakerNotes, Canon, Image] 28 - ND Filter: n/a
[MakerNotes, Canon, Image] 29 - Self Timer 2: 0
[MakerNotes, Canon, Image] 3 - Bracket Mode: Off
[MakerNotes, Canon, Image] 4 - Bracket Value: 0
[MakerNotes, Canon, Image] 5 - Bracket Shot Number: 0
[MakerNotes, Canon, Camera] 1 - Macro Mode: Unknown (0)
[MakerNotes, Canon, Camera] 2 - Self Timer: Off
[MakerNotes, Canon, Camera] 3 - Quality: RAW
[MakerNotes, Canon, Camera] 4 - Canon Flash Mode: Off
[MakerNotes, Canon, Camera] 5 - Continuous Drive: Continuous
[MakerNotes, Canon, Camera] 7 - Focus Mode: Manual Focus (3)
[MakerNotes, Canon, Camera] 9 - Record Mode: CRW+THM
[MakerNotes, Canon, Camera] 10 - Canon Image Size: Large
[MakerNotes, Canon, Camera] 11 - Easy Mode: Manual
[MakerNotes, Canon, Camera] 12 - Digital Zoom: Unknown (-1)
[MakerNotes, Canon, Camera] 13 - Contrast: +1
[MakerNotes, Canon, Camera] 14 - Saturation: +1
[MakerNotes, Canon, Camera] 15 - Sharpness: +1
[MakerNotes, Canon, Camera] 16 - Camera ISO: n/a
[MakerNotes, Canon, Camera] 17 - Metering Mode: Center-weighted average
[MakerNotes, Canon, Camera] 18 - Focus Range: Not Known
[MakerNotes, Canon, Camera] 19 - AF Point: Manual AF point selection
[MakerNotes, Canon, Camera] 20 - Canon Exposure Mode: Manual
[MakerNotes, Canon, Camera] 22 - Lens Type: n/a
[MakerNotes, Canon, Camera] 23 - Max Focal Length: 55 mm
[MakerNotes, Canon, Camera] 24 - Min Focal Length: 18 mm
[MakerNotes, Canon, Camera] 25 - Focal Units: 1/mm
[MakerNotes, Canon, Camera] 26 - Max Aperture: 4
[MakerNotes, Canon, Camera] 27 - Min Aperture: 27
[MakerNotes, Canon, Camera] 28 - Flash Activity: 0
[MakerNotes, Canon, Camera] 29 - Flash Bits: (none)
[MakerNotes, Canon, Camera] 36 - Zoom Source Width: 3072
[MakerNotes, Canon, Camera] 37 - Zoom Target Width: 3072
[MakerNotes, Canon, Camera] 41 - Manual Flash Output: n/a
[MakerNotes, Canon, Camera] 42 - Color Tone: Normal
[MakerNotes, CanonRaw, Camera] 6196 - Canon Model ID: EOS Digital Rebel / 300D / Kiss Digital
[MakerNotes, Canon, Image] 1 - Sensor Width: 3152
[MakerNotes, Canon, Image] 2 - Sensor Height: 2068
[MakerNotes, Canon, Image] 5 - Sensor Left Border: 72
[MakerNotes, Canon, Image] 6 - Sensor Top Border: 16
[MakerNotes, Canon, Image] 7 - Sensor Right Border: 3143
[MakerNotes, Canon, Image] 8 - Sensor Bottom Border: 2063
[MakerNotes, Canon, Image] 9 - Black Mask Left Border: 24
[MakerNotes, Canon, Image] 10 - Black Mask Top Border: 224
[MakerNotes, Canon, Image] 11 - Black Mask Right Border: 40
[MakerNotes, Canon, Image] 12 - Black Mask Bottom Border: 1856
[MakerNotes, CanonRaw, Camera] 0 - Decoder Table Number: 1
[MakerNotes, CanonRaw, Camera] 2 - Compressed Data Offset: 514
[MakerNotes, CanonRaw, Camera] 3 - Compressed Data Length: 4120111
[MakerNotes, Canon, Camera] 0 - Num AF Points: 7
[MakerNotes, Canon, Camera] 1 - Valid AF Points: 7
[MakerNotes, Canon, Image] 2 - Canon Image Width: 3072
[MakerNotes, Canon, Image] 3 - Canon Image Height: 2048
[MakerNotes, Canon, Camera] 4 - AF Image Width: 3072
[MakerNotes, Canon, Camera] 5 - AF Image Height: 2048
[MakerNotes, Canon, Camera] 6 - AF Area Width: 151
[MakerNotes, Canon, Camera] 7 - AF Area Height: 151
[MakerNotes, Canon, Camera] 8 - AF Area X Positions: 1014 608 0 0 0 -608 -1014
[MakerNotes, Canon, Camera] 9 - AF Area Y Positions: 0 0 -506 0 506 0 0
[MakerNotes, Canon, Camera] 10 - AF Points In Focus: 3
[MakerNotes, CanonRaw, Camera] 4270 - Color Temperature: 5200
[MakerNotes, Canon, Camera] 1 - WB RGGB Levels Auto: 1719 832 831 990
[MakerNotes, Canon, Camera] 5 - WB RGGB Levels Daylight: 1722 832 831 989
[MakerNotes, Canon, Camera] 9 - WB RGGB Levels Shade: 2035 832 831 839
[MakerNotes, Canon, Camera] 13 - WB RGGB Levels Cloudy: 1878 832 831 903
[MakerNotes, Canon, Camera] 17 - WB RGGB Levels Tungsten: 1228 913 912 1668
[MakerNotes, Canon, Camera] 21 - WB RGGB Levels Fluorescent: 1506 842 841 1381
[MakerNotes, Canon, Camera] 25 - WB RGGB Levels Flash: 1933 832 831 895
[MakerNotes, Canon, Camera] 29 - WB RGGB Levels Custom: 1722 832 831 989
[MakerNotes, Canon, Camera] 33 - WB RGGB Levels Kelvin: 1722 832 831 988
[MakerNotes, Canon, Camera] 37 - WB RGGB Black Levels: 124 123 124 123
[MakerNotes, CanonRaw, Camera] 4276 - Color Space: sRGB
[MakerNotes, CanonRaw, Image] 1 - Raw Jpg Quality: Fine
[MakerNotes, CanonRaw, Image] 2 - Raw Jpg Size: Medium
[MakerNotes, CanonRaw, Image] 3 - Raw Jpg Width: 2048
[MakerNotes, CanonRaw, Image] 4 - Raw Jpg Height: 1360
[MakerNotes, CanonRaw, Camera] 6203 - Serial Number Format: Format 1
[XMP, XMP-x, Document] xmptk - XMP Toolkit: Image::ExifTool 10.25
[XMP, XMP-aux, Camera] Lens - Lens: 18.0 - 55.0 mm
[XMP, XMP-crs, Image] Temperature - Color Temperature: 5200
[XMP, XMP-dc, Image] description - Description: CRW with embedded XMP
[XMP, XMP-exif, Image] ApertureValue - Aperture Value: 14.0
[XMP, XMP-exif, Image] ColorSpace - Color Space: sRGB
[XMP, XMP-exif, Image] ComponentsConfiguration - Components Configuration: Y, Cb, Cr, -
[XMP, XMP-exif, Image] CompressedBitsPerPixel - Compressed Bits Per Pixel: 9
[XMP, XMP-exif, Camera] Contrast - Contrast: High
[XMP, XMP-exif, Image] CustomRendered - Custom Rendered: Normal
[XMP, XMP-exif, Time] DateTimeOriginal - Date/Time Original: 2003:12:04 06:46:52
[XMP, XMP-exif, Image] ExifVersion - Exif Version: 0221
[XMP, XMP-exif, Image] ExposureBiasValue - Exposure Compensation: 0
[XMP, XMP-exif, Camera] ExposureMode - Exposure Mode: Manual
[XMP, XMP-exif, Image] ExposureTime - Exposure Time: 4
[XMP, XMP-exif, Image] FNumber - F Number: 14.0
[XMP, XMP-exif, Image] FileSource - File Source: Digital Camera
[XMP, XMP-exif, Camera] FlashFired - Flash Fired: False
[XMP, XMP-exif, Camera] FlashFunction - Flash Function: False
[XMP, XMP-exif, Camera] FlashMode - Flash Mode: Unknown
[XMP, XMP-exif, Camera] FlashRedEyeMode - Flash Red Eye Mode: False
[XMP, XMP-exif, Camera] FlashReturn - Flash Return: No return detection
[XMP, XMP-exif, Image] FlashpixVersion - Flashpix Version: 0100
[XMP, XMP-exif, Camera] FocalLength - Focal Length: 34.0 mm
[XMP, XMP-exif, Camera] FocalPlaneResolutionUnit - Focal Plane Resolution Unit: inches
[XMP, XMP-exif, Camera] FocalPlaneXResolution - Focal Plane X Resolution: 3443.94615384615
[XMP, XMP-exif, Camera] FocalPlaneYResolution - Focal Plane Y Resolution: 3442.01680672269
[XMP, XMP-exif, Image] ISOSpeedRatings - ISO: 100
[XMP, XMP-exif, Camera] MaxApertureValue - Max Aperture Value: 4.5
[XMP, XMP-exif, Camera] MeteringMode - Metering Mode: Center-weighted average
[XMP, XMP-exif, Image] PixelXDimension - Exif Image Width: 160
[XMP, XMP-exif, Image] PixelYDimension - Exif Image Height: 120
[XMP, XMP-exif, Camera] Saturation - Saturation: High
[XMP, XMP-exif, Camera] SceneCaptureType - Scene Capture Type: Standard
[XMP, XMP-exif, Camera] SensingMethod - Sensing Method: One-chip color area
[XMP, XMP-exif, Camera] Sharpness - Sharpness: Hard
[XMP, XMP-exif, Image] ShutterSpeedValue - Shutter Speed Value: 1
[XMP, XMP-exif, Image] UserComment - User Comment: 
[XMP, XMP-exif, Camera] WhiteBalance - White Balance: Auto
[XMP, XMP-exifEX, Image] BodySerialNumber - Serial Number: 1234
[XMP, XMP-exifEX, Image] CameraOwnerName - Owner Name: Phil Harvey
[XMP, XMP-exifEX, Image] InteroperabilityIndex - Interoperability Index: THM - DCF thumbnail file
[XMP, XMP-pmi, Image] sequenceNumber - Sequence Number: 0
[XMP, XMP-tiff, Image] BitsPerSample - Bits Per Sample: 8
[XMP, XMP-tiff, Image] ImageLength - Image Height: 8
[XMP, XMP-tiff, Image] ImageWidth - Image Width: 8
[XMP, XMP-tiff, Camera] Make - Make: Canon
[XMP, XMP-tiff, Camera] Model - Camera Model Name: Canon EOS DIGITAL REBEL
[XMP, XMP-tiff, Image] Orientation - Orientation: Horizontal (normal)
[XMP, XMP-tiff, Image] ResolutionUnit - Resolution Unit: inches
[XMP, XMP-tiff, Image] XResolution - X Resolution: 180
[XMP, XMP-tiff, Image] YCbCrPositioning - Y Cb Cr Positioning: Centered
[XMP, XMP-tiff, Image] YCbCrSubSampling - Y Cb Cr Sub Sampling: YCbCr4:2:0 (2 2)
[XMP, XMP-tiff, Image] YResolution - Y Resolution: 180
[XMP, XMP-xmp, Time] CreateDate - Create Date: 2003:12:04 06:46:52
[XMP, XMP-xmp, Time] ModifyDate - Modify Date: 2003:12:04 06:46:52
[Composite, Composite, Image] Aperture - Aperture: 14.3
[Composite, Composite, Camera] DriveMode - Drive Mode: Continuous Shooting
[Composite, Composite, Other] Flash - Flash: No Flash
[Composite, Composite, Camera] ISO - ISO: 100
[Composite, Composite, Camera] Lens - Lens: 18.0 - 55.0 mm
[Composite, Composite, Camera] ShootingMode - Shooting Mode: Bulb
[Composite, Composite, Image] ShutterSpeed - Shutter Speed: 4
[Composite, Composite, Camera] WB_RGGBLevels - WB RGGB Levels: 1719 832 831 990
[Composite, Composite, Camera] BlueBalance - Blue Balance: 1.190619
[Composite, Composite, Image] ImageSize - Image Size: 3072x2048
[Composite, Composite, Camera] LensID - Lens ID: Unknown 18-55mm
[Composite, Composite, Image] LightValue - Light Value: 5.7
[Composite, Composite, Image] Megapixels - Megapixels: 6.3
[Composite, Composite, Camera] RedBalance - Red Balance: 2.067348
[Composite, Composite, Camera] ScaleFactor35efl - Scale Factor To 35 mm Equivalent: 1.0
[Composite, Composite, Camera] CircleOfConfusion - Circle Of Confusion: 0.029 mm
[Composite, Composite, Image] DOF - Depth Of Field: inf (2.73 m - inf)
[Composite, Composite, Image] FOV - Field Of View: 54.9 deg
[Composite, Composite, Camera] FocalLength35efl - Focal Length: 34.0 mm (35 mm equivalent: 34.7 mm)
[Composite, Composite, Camera] HyperfocalDistance - Hyperfocal Distance: 2.75 m
[Composite, Composite, Camera] Lens35efl - Lens: 18.0 - 55.0 mm (35 mm equivalent: 18.4 - 56.1 mm)
