[ExifTool, ExifTool, ExifTool] ExifToolVersion - ExifTool Version Number: 10.94
[File, System, Image] FileName - File Name: CanonRaw.cr3
[File, System, Image] Directory - Directory: t/images
[File, System, Image] FileSize - File Size: 51 kB
[File, System, Time] FileModifyDate - File Modification Date/Time: 2018:03:19 13:47:34-04:00
[File, System, Time] FileAccessDate - File Access Date/Time: 2018:04:18 11:52:17-04:00
[File, System, Time] FileInodeChangeDate - File Inode Change Date/Time: 2018:04:13 10:49:45-04:00
[File, System, Image] FilePermissions - File Permissions: rw-r--r--
[File, File, Image] FileType - File Type: CR3
[File, File, Image] FileTypeExtension - File Type Extension: cr3
[File, File, Image] MIMEType - MIME Type: image/x-canon-cr3
[File, File, Image] ExifByteOrder - Exif Byte Order: Little-endian (Intel, II)
[File, File, Image] ExifByteOrder - Exif Byte Order: Little-endian (Intel, II)
[File, File, Image] ExifByteOrder - Exif Byte Order: Little-endian (Intel, II)
[File, Track4, Image] ExifByteOrder - Exif Byte Order: Little-endian (Intel, II)
[QuickTime, QuickTime, Video] 0 - Major Brand: Canon Raw (.CRX)
[QuickTime, QuickTime, Video] 1 - Minor Version: 0.0.1
[QuickTime, QuickTime, Video] 2 - Compatible Brands: crx , isom
[QuickTime, QuickTime, Video] 0 - Movie Header Version: 0
[QuickTime, QuickTime, Time] 1 - Create Date: 2018:02:21 12:08:56
[QuickTime, QuickTime, Time] 2 - Modify Date: 2018:02:21 12:08:56
[QuickTime, QuickTime, Video] 3 - Time Scale: 1
[QuickTime, QuickTime, Video] 4 - Duration: 1.00 s
[QuickTime, QuickTime, Video] 5 - Preferred Rate: 1
[QuickTime, QuickTime, Video] 6 - Preferred Volume: 100.00%
[QuickTime, QuickTime, Video] 9 - Matrix Structure: 1 0 0 0 1 0 0 0 1
[QuickTime, QuickTime, Video] 18 - Preview Time: 0 s
[QuickTime, QuickTime, Video] 19 - Preview Duration: 0 s
[QuickTime, QuickTime, Video] 20 - Poster Time: 0 s
[QuickTime, QuickTime, Video] 21 - Selection Time: 0 s
[QuickTime, QuickTime, Video] 22 - Selection Duration: 0 s
[QuickTime, QuickTime, Video] 23 - Current Time: 0 s
[QuickTime, QuickTime, Video] 24 - Next Track ID: 5
[QuickTime, Track1, Video] 0 - Track Header Version: 0
[QuickTime, Track1, Time] 1 - Track Create Date: 2018:02:21 12:08:56
[QuickTime, Track1, Time] 2 - Track Modify Date: 2018:02:21 12:08:56
[QuickTime, Track1, Video] 3 - Track ID: 1
[QuickTime, Track1, Video] 5 - Track Duration: 1.00 s
[QuickTime, Track1, Video] 8 - Track Layer: 0
[QuickTime, Track1, Video] 9 - Track Volume: 0.00%
[QuickTime, Track1, Video] 10 - Matrix Structure: 1 0 0 0 1 0 0 0 1
[QuickTime, Track1, Video] 19 - Image Width: 6000
[QuickTime, Track1, Video] 20 - Image Height: 4000
[QuickTime, Track1, Video] 0 - Media Header Version: 0
[QuickTime, Track1, Time] 1 - Media Create Date: 2018:02:21 12:08:56
[QuickTime, Track1, Time] 2 - Media Modify Date: 2018:02:21 12:08:56
[QuickTime, Track1, Video] 3 - Media Time Scale: 1
[QuickTime, Track1, Video] 4 - Media Duration: 1.00 s
[QuickTime, Track1, Video] 5 - Media Language Code: eng
[QuickTime, Track1, Video] 8 - Handler Type: Video Track
[QuickTime, Track1, Video] 2 - Graphics Mode: srcCopy
[QuickTime, Track1, Video] 3 - Op Color: 0 0 0
[QuickTime, Track1, Image] 2 - Compressor ID: CRAW
[QuickTime, Track1, Image] 16 - Source Image Width: 6000
[QuickTime, Track1, Image] 17 - Source Image Height: 4000
[QuickTime, Track1, Image] 18 - X Resolution: 72
[QuickTime, Track1, Image] 20 - Y Resolution: 72
[QuickTime, Track1, Image] 41 - Bit Depth: 24
[QuickTime, Track1, Video] stts - Video Frame Rate: 1
[QuickTime, Track1, Video] SampleTime - Sample Time: 0 s
[QuickTime, Track1, Video] SampleDuration - Sample Duration: 1.00 s
[QuickTime, Track1, Preview] JPEG - Jpg From Raw: (Binary data 29 bytes)
[QuickTime, Track2, Video] 0 - Track Header Version: 0
[QuickTime, Track2, Time] 1 - Track Create Date: 2018:02:21 12:08:56
[QuickTime, Track2, Time] 2 - Track Modify Date: 2018:02:21 12:08:56
[QuickTime, Track2, Video] 3 - Track ID: 2
[QuickTime, Track2, Video] 5 - Track Duration: 1.00 s
[QuickTime, Track2, Video] 8 - Track Layer: 0
[QuickTime, Track2, Video] 9 - Track Volume: 0.00%
[QuickTime, Track2, Video] 10 - Matrix Structure: 1 0 0 0 1 0 0 0 1
[QuickTime, Track2, Video] 19 - Image Width: 1624
[QuickTime, Track2, Video] 20 - Image Height: 1080
[QuickTime, Track2, Video] 0 - Media Header Version: 0
[QuickTime, Track2, Time] 1 - Media Create Date: 2018:02:21 12:08:56
[QuickTime, Track2, Time] 2 - Media Modify Date: 2018:02:21 12:08:56
[QuickTime, Track2, Video] 3 - Media Time Scale: 1
[QuickTime, Track2, Video] 4 - Media Duration: 1.00 s
[QuickTime, Track2, Video] 5 - Media Language Code: eng
[QuickTime, Track2, Video] 8 - Handler Type: Video Track
[QuickTime, Track2, Video] 2 - Graphics Mode: srcCopy
[QuickTime, Track2, Video] 3 - Op Color: 0 0 0
[QuickTime, Track2, Image] 2 - Compressor ID: CRAW
[QuickTime, Track2, Image] 16 - Source Image Width: 1624
[QuickTime, Track2, Image] 17 - Source Image Height: 1080
[QuickTime, Track2, Image] 18 - X Resolution: 72
[QuickTime, Track2, Image] 20 - Y Resolution: 72
[QuickTime, Track2, Image] 41 - Bit Depth: 24
[QuickTime, Track2, Video] stts - Video Frame Rate: 1
[QuickTime, Track3, Video] 0 - Track Header Version: 0
[QuickTime, Track3, Time] 1 - Track Create Date: 2018:02:21 12:08:56
[QuickTime, Track3, Time] 2 - Track Modify Date: 2018:02:21 12:08:56
[QuickTime, Track3, Video] 3 - Track ID: 3
[QuickTime, Track3, Video] 5 - Track Duration: 1.00 s
[QuickTime, Track3, Video] 8 - Track Layer: 0
[QuickTime, Track3, Video] 9 - Track Volume: 0.00%
[QuickTime, Track3, Video] 10 - Matrix Structure: 1 0 0 0 1 0 0 0 1
[QuickTime, Track3, Video] 19 - Image Width: 6288
[QuickTime, Track3, Video] 20 - Image Height: 4056
[QuickTime, Track3, Video] 0 - Media Header Version: 0
[QuickTime, Track3, Time] 1 - Media Create Date: 2018:02:21 12:08:56
[QuickTime, Track3, Time] 2 - Media Modify Date: 2018:02:21 12:08:56
[QuickTime, Track3, Video] 3 - Media Time Scale: 1
[QuickTime, Track3, Video] 4 - Media Duration: 1.00 s
[QuickTime, Track3, Video] 5 - Media Language Code: eng
[QuickTime, Track3, Video] 8 - Handler Type: Video Track
[QuickTime, Track3, Video] 2 - Graphics Mode: srcCopy
[QuickTime, Track3, Video] 3 - Op Color: 0 0 0
[QuickTime, Track3, Image] 2 - Compressor ID: CRAW
[QuickTime, Track3, Image] 16 - Source Image Width: 6288
[QuickTime, Track3, Image] 17 - Source Image Height: 4056
[QuickTime, Track3, Image] 18 - X Resolution: 72
[QuickTime, Track3, Image] 20 - Y Resolution: 72
[QuickTime, Track3, Image] 41 - Bit Depth: 24
[QuickTime, Track3, Video] stts - Video Frame Rate: 1
[QuickTime, Track4, Video] 0 - Track Header Version: 0
[QuickTime, Track4, Time] 1 - Track Create Date: 2018:02:21 12:08:56
[QuickTime, Track4, Time] 2 - Track Modify Date: 2018:02:21 12:08:56
[QuickTime, Track4, Video] 3 - Track ID: 4
[QuickTime, Track4, Video] 5 - Track Duration: 1.00 s
[QuickTime, Track4, Video] 8 - Track Layer: 0
[QuickTime, Track4, Video] 9 - Track Volume: 0.00%
[QuickTime, Track4, Video] 10 - Matrix Structure: 1 0 0 0 1 0 0 0 1
[QuickTime, Track4, Video] 0 - Media Header Version: 0
[QuickTime, Track4, Time] 1 - Media Create Date: 2018:02:21 12:08:56
[QuickTime, Track4, Time] 2 - Media Modify Date: 2018:02:21 12:08:56
[QuickTime, Track4, Video] 3 - Media Time Scale: 1
[QuickTime, Track4, Video] 4 - Media Duration: 1.00 s
[QuickTime, Track4, Video] 5 - Media Language Code: eng
[QuickTime, Track4, Video] 8 - Handler Type: NRT Metadata
[QuickTime, Track4, Other] 4 - Meta Format: CTMD
[QuickTime, Track4, Video] SampleTime - Sample Time: 0 s
[QuickTime, Track4, Video] SampleDuration - Sample Duration: 1.00 s
[QuickTime, QuickTime, Preview] uuid - Preview Image: (Binary data 26 bytes)
[QuickTime, QuickTime, Video] mdat-size - Movie Data Size: 41065
[QuickTime, QuickTime, Video] mdat-offset - Movie Data Offset: 11437
[MakerNotes, Canon, Video] CNCV - Compressor Version: CanonCR3_001/00.09.00/00.00.00
[MakerNotes, Canon, Camera] 1 - Macro Mode: Normal
[MakerNotes, Canon, Camera] 2 - Self Timer: Off
[MakerNotes, Canon, Camera] 3 - Quality: RAW
[MakerNotes, Canon, Camera] 4 - Canon Flash Mode: Off
[MakerNotes, Canon, Camera] 5 - Continuous Drive: Single
[MakerNotes, Canon, Camera] 7 - Focus Mode: AF + MF
[MakerNotes, Canon, Camera] 9 - Record Mode: CR3
[MakerNotes, Canon, Camera] 10 - Canon Image Size: Large
[MakerNotes, Canon, Camera] 11 - Easy Mode: Manual
[MakerNotes, Canon, Camera] 12 - Digital Zoom: None
[MakerNotes, Canon, Camera] 13 - Contrast: Normal
[MakerNotes, Canon, Camera] 14 - Saturation: Normal
[MakerNotes, Canon, Camera] 16 - Camera ISO: Auto
[MakerNotes, Canon, Camera] 17 - Metering Mode: Evaluative
[MakerNotes, Canon, Camera] 18 - Focus Range: Not Known
[MakerNotes, Canon, Camera] 20 - Canon Exposure Mode: Aperture-priority AE
[MakerNotes, Canon, Camera] 22 - Lens Type: Canon EF-M 15-45mm f/3.5-6.3 IS STM
[MakerNotes, Canon, Camera] 23 - Max Focal Length: 45 mm
[MakerNotes, Canon, Camera] 24 - Min Focal Length: 15 mm
[MakerNotes, Canon, Camera] 25 - Focal Units: 1/mm
[MakerNotes, Canon, Camera] 26 - Max Aperture: 3.6
[MakerNotes, Canon, Camera] 27 - Min Aperture: 23
[MakerNotes, Canon, Camera] 28 - Flash Activity: 0
[MakerNotes, Canon, Camera] 29 - Flash Bits: E-TTL
[MakerNotes, Canon, Camera] 36 - Zoom Source Width: 0
[MakerNotes, Canon, Camera] 37 - Zoom Target Width: 0
[MakerNotes, Canon, Camera] 41 - Manual Flash Output: n/a
[MakerNotes, Canon, Camera] 42 - Color Tone: Normal
[MakerNotes, Canon, Camera] 46 - SRAW Quality: n/a
[MakerNotes, Canon, Image] 1 - Focal Length: 15 mm
[MakerNotes, Canon, Image] 1 - Auto ISO: 100
[MakerNotes, Canon, Image] 2 - Base ISO: 12800
[MakerNotes, Canon, Image] 3 - Measured EV: 2.75
[MakerNotes, Canon, Image] 4 - Target Aperture: 3.6
[MakerNotes, Canon, Image] 5 - Target Exposure Time: 1/81
[MakerNotes, Canon, Image] 6 - Exposure Compensation: 0
[MakerNotes, Canon, Image] 7 - White Balance: Auto
[MakerNotes, Canon, Image] 8 - Slow Shutter: None
[MakerNotes, Canon, Image] 9 - Shot Number In Continuous Burst: 0
[MakerNotes, Canon, Camera] 10 - Optical Zoom Code: n/a
[MakerNotes, Canon, Camera] 12 - Camera Temperature: 38 C
[MakerNotes, Canon, Image] 13 - Flash Guide Number: 0
[MakerNotes, Canon, Image] 15 - Flash Exposure Compensation: 0
[MakerNotes, Canon, Image] 16 - Auto Exposure Bracketing: Off
[MakerNotes, Canon, Image] 17 - AEB Bracket Value: 0
[MakerNotes, Canon, Image] 18 - Control Mode: Camera Local Control
[MakerNotes, Canon, Image] 21 - F Number: 3.6
[MakerNotes, Canon, Image] 22 - Exposure Time: 1/70
[MakerNotes, Canon, Image] 23 - Measured EV 2: 1.625
[MakerNotes, Canon, Image] 24 - Bulb Duration: 0
[MakerNotes, Canon, Camera] 26 - Camera Type: EOS High-end
[MakerNotes, Canon, Image] 27 - Auto Rotate: None
[MakerNotes, Canon, Image] 28 - ND Filter: n/a
[MakerNotes, Canon, Image] 6 - Canon Image Type: Canon EOS M50
[MakerNotes, Canon, Camera] 7 - Canon Firmware Version: Firmware Version 1.0.0
[MakerNotes, Canon, Camera] 9 - Owner Name: 
[MakerNotes, Canon, Camera] 16 - Canon Model ID: EOS M50 / Kiss M
[MakerNotes, Canon, Camera] 19 - Thumbnail Image Valid Area: 0 159 6 113
[MakerNotes, Canon, Camera] 1 - AF Area Mode: Face + Tracking
[MakerNotes, Canon, Camera] 2 - Num AF Points: 143
[MakerNotes, Canon, Camera] 3 - Valid AF Points: 1
[MakerNotes, Canon, Image] 4 - Canon Image Width: 6000
[MakerNotes, Canon, Image] 5 - Canon Image Height: 4000
[MakerNotes, Canon, Camera] 6 - AF Image Width: 6000
[MakerNotes, Canon, Camera] 7 - AF Image Height: 4000
[MakerNotes, Canon, Camera] 8 - AF Area Widths: 337 0 0 0 0 0 0 0 0 0 0 0 0 0 0 0 0 0 0 0 0 0 0 0 0 0 0 0 0 0 0 0 0 0 0 0 0 0 0 0 0 0 0 0 0 0 0 0 0 0 0 0 0 0 0 0 0 0 0 0 0 0 0 0 0 0 0 0 0 0 0 0 0 0 0 0 0 0 0 0 0 0 0 0 0 0 0 0 0 0 0 0 0 0 0 0 0 0 0 0 0 0 0 0 0 0 0 0 0 0 0 0 0 0 0 0 0 0 0 0 0 0 0 0 0 0 0 0 0 0 0 0 0 0 0 0 0 0 0 0 0 0 0
[MakerNotes, Canon, Camera] 9 - AF Area Heights: 299 0 0 0 0 0 0 0 0 0 0 0 0 0 0 0 0 0 0 0 0 0 0 0 0 0 0 0 0 0 0 0 0 0 0 0 0 0 0 0 0 0 0 0 0 0 0 0 0 0 0 0 0 0 0 0 0 0 0 0 0 0 0 0 0 0 0 0 0 0 0 0 0 0 0 0 0 0 0 0 0 0 0 0 0 0 0 0 0 0 0 0 0 0 0 0 0 0 0 0 0 0 0 0 0 0 0 0 0 0 0 0 0 0 0 0 0 0 0 0 0 0 0 0 0 0 0 0 0 0 0 0 0 0 0 0 0 0 0 0 0 0 0
[MakerNotes, Canon, Camera] 10 - AF Area X Positions: 392 0 0 0 0 0 0 0 0 0 0 0 0 0 0 0 0 0 0 0 0 0 0 0 0 0 0 0 0 0 0 0 0 0 0 0 0 0 0 0 0 0 0 0 0 0 0 0 0 0 0 0 0 0 0 0 0 0 0 0 0 0 0 0 0 0 0 0 0 0 0 0 0 0 0 0 0 0 0 0 0 0 0 0 0 0 0 0 0 0 0 0 0 0 0 0 0 0 0 0 0 0 0 0 0 0 0 0 0 0 0 0 0 0 0 0 0 0 0 0 0 0 0 0 0 0 0 0 0 0 0 0 0 0 0 0 0 0 0 0 0 0 0
[MakerNotes, Canon, Camera] 11 - AF Area Y Positions: -327 0 0 0 0 0 0 0 0 0 0 0 0 0 0 0 0 0 0 0 0 0 0 0 0 0 0 0 0 0 0 0 0 0 0 0 0 0 0 0 0 0 0 0 0 0 0 0 0 0 0 0 0 0 0 0 0 0 0 0 0 0 0 0 0 0 0 0 0 0 0 0 0 0 0 0 0 0 0 0 0 0 0 0 0 0 0 0 0 0 0 0 0 0 0 0 0 0 0 0 0 0 0 0 0 0 0 0 0 0 0 0 0 0 0 0 0 0 0 0 0 0 0 0 0 0 0 0 0 0 0 0 0 0 0 0 0 0 0 0 0 0 0
[MakerNotes, Canon, Camera] 12 - AF Points In Focus: 0
[MakerNotes, Canon, Camera] 13 - AF Points Selected: 0
[MakerNotes, Canon, Image] 40 - Image Unique ID: 3b7f679f6bf5d5e1b60ca2b2f051a029
[MakerNotes, Canon, Time] 1 - Time Zone: +00:00
[MakerNotes, Canon, Time] 2 - Time Zone City: London
[MakerNotes, Canon, Time] 3 - Daylight Savings: Off
[MakerNotes, Canon, Camera] 56 - Battery Type: LP-E12
[MakerNotes, Canon, Image] 3 - Bracket Mode: Off
[MakerNotes, Canon, Image] 4 - Bracket Value: 0
[MakerNotes, Canon, Image] 5 - Bracket Shot Number: 0
[MakerNotes, Canon, Image] 7 - Raw Jpg Size: Large
[MakerNotes, Canon, Image] 9 - WB Bracket Mode: Off
[MakerNotes, Canon, Image] 12 - WB Bracket Value AB: 0
[MakerNotes, Canon, Image] 13 - WB Bracket Value GM: 0
[MakerNotes, Canon, Image] 19 - Live View Shooting: On
[MakerNotes, Canon, Image] 20 - Focus Distance Upper: 0.24 m
[MakerNotes, Canon, Image] 21 - Focus Distance Lower: 0.22 m
[MakerNotes, Canon, Image] 25 - Flash Exposure Lock: Off
[MakerNotes, Canon, Camera] 149 - Lens Model: EF-M15-45mm f/3.5-6.3 IS STM
[MakerNotes, Canon, Camera] 150 - Internal Serial Number: CG0156580
[MakerNotes, Canon, Camera] 151 - Dust Removal Data: (Binary data 1024 bytes)
[MakerNotes, Canon, Camera] 0 - Crop Left Margin: 0
[MakerNotes, Canon, Camera] 1 - Crop Right Margin: 0
[MakerNotes, Canon, Camera] 2 - Crop Top Margin: 0
[MakerNotes, Canon, Camera] 3 - Crop Bottom Margin: 0
[MakerNotes, CanonCustom, Camera] 259 - ISO Expansion: Off
[MakerNotes, CanonCustom, Camera] 264 - Safety Shift: Disable
[MakerNotes, CanonCustom, Camera] 1809 - Shutter Release Without Lens: Disable
[MakerNotes, CanonCustom, Camera] 2068 - Retract Lens On Power Off: Enable
[MakerNotes, CanonCustom, Camera] 1804 - Custom Controls: 0 19 3 10 23 73 71 61 29 0 7 3 4
[MakerNotes, Canon, Camera] 0 - Aspect Ratio: 3:2
[MakerNotes, Canon, Camera] 1 - Cropped Image Width: 6000
[MakerNotes, Canon, Camera] 2 - Cropped Image Height: 4000
[MakerNotes, Canon, Camera] 3 - Cropped Image Left: 0
[MakerNotes, Canon, Camera] 4 - Cropped Image Top: 0
[MakerNotes, Canon, Image] 1 - Tone Curve: Standard
[MakerNotes, Canon, Image] 2 - Sharpness: 4
[MakerNotes, Canon, Image] 3 - Sharpness Frequency: n/a
[MakerNotes, Canon, Image] 4 - Sensor Red Level: 0
[MakerNotes, Canon, Image] 5 - Sensor Blue Level: 0
[MakerNotes, Canon, Image] 6 - White Balance Red: 0
[MakerNotes, Canon, Image] 7 - White Balance Blue: 0
[MakerNotes, Canon, Image] 9 - Color Temperature: 5200
[MakerNotes, Canon, Image] 10 - Picture Style: Auto
[MakerNotes, Canon, Image] 11 - Digital Gain: 0
[MakerNotes, Canon, Image] 12 - WB Shift AB: 0
[MakerNotes, Canon, Image] 13 - WB Shift GM: 0
[MakerNotes, Canon, Camera] 1 - Measured RGGB: 1183 1024 1024 461
[MakerNotes, Canon, Camera] 180 - Color Space: sRGB
[MakerNotes, Canon, Camera] 208 - VRD Offset: 0
[MakerNotes, Canon, Image] 1 - Sensor Width: 6288
[MakerNotes, Canon, Image] 2 - Sensor Height: 4056
[MakerNotes, Canon, Image] 5 - Sensor Left Border: 276
[MakerNotes, Canon, Image] 6 - Sensor Top Border: 48
[MakerNotes, Canon, Image] 7 - Sensor Right Border: 6275
[MakerNotes, Canon, Image] 8 - Sensor Bottom Border: 4047
[MakerNotes, Canon, Image] 9 - Black Mask Left Border: 0
[MakerNotes, Canon, Image] 10 - Black Mask Top Border: 0
[MakerNotes, Canon, Image] 11 - Black Mask Right Border: 0
[MakerNotes, Canon, Image] 12 - Black Mask Bottom Border: 0
[MakerNotes, Canon, Camera] 16392 - Picture Style User Def: Auto; Auto; Auto
[MakerNotes, Canon, Camera] 16393 - Picture Style PC: None; None; None
[MakerNotes, Canon, Camera] 16400 - Custom Picture Style File Name: 
[MakerNotes, Canon, Camera] 1 - AF Micro Adj Mode: Disable
[MakerNotes, Canon, Camera] 2 - AF Micro Adj Value: 0
[MakerNotes, Canon, Camera] 5 - Peripheral Lighting Setting: On
[MakerNotes, Canon, Camera] 6 - Chromatic Aberration Setting: On
[MakerNotes, Canon, Camera] 1 - Peripheral Illumination Corr: Off
[MakerNotes, Canon, Camera] 2 - Auto Lighting Optimizer: Standard
[MakerNotes, Canon, Camera] 3 - Highlight Tone Priority: Off
[MakerNotes, Canon, Camera] 4 - Long Exposure Noise Reduction: Off
[MakerNotes, Canon, Camera] 5 - High ISO Noise Reduction: Standard
[MakerNotes, Canon, Camera] 1 - Ambience Selection: Standard
[MakerNotes, Canon, Camera] 257 - Grainy B/W Filter: Off
[MakerNotes, Canon, Camera] 513 - Soft Focus Filter: Off
[MakerNotes, Canon, Camera] 769 - Toy Camera Filter: Off
[MakerNotes, Canon, Camera] 1025 - Miniature Filter: Off
[MakerNotes, Canon, Camera] 1026 - Miniature Filter Orientation: Horizontal
[MakerNotes, Canon, Camera] 1027 - Miniature Filter Position: 0
[MakerNotes, Canon, Camera] 1028 - Miniature Filter Parameter: 0
[MakerNotes, Canon, Camera] 1281 - Fisheye Filter: Off
[MakerNotes, Canon, Camera] 1537 - Painting Filter: Off
[MakerNotes, Canon, Camera] 1793 - Watercolor Filter: Off
[MakerNotes, Canon, Image] 1 - HDR: Off
[MakerNotes, Canon, Image] 2 - HDR Effect: Natural
[MakerNotes, Canon, Preview] THMB - Thumbnail Image: (Binary data 28 bytes)
[MakerNotes, Track4, Time] 1 - Time Stamp: 2018:02:21 12:08:56.21
[MakerNotes, Track4, Image] 0 - Focal Length: 15.0 mm
[MakerNotes, Track4, Image] 0 - F Number: 3.5
[MakerNotes, Track4, Image] 1 - Exposure Time: 1/80
[MakerNotes, Track4, Image] 2 - ISO: 12800
[MakerNotes, Track4, Camera] 1 - Macro Mode: Normal
[MakerNotes, Track4, Camera] 2 - Self Timer: Off
[MakerNotes, Track4, Camera] 3 - Quality: RAW
[MakerNotes, Track4, Camera] 4 - Canon Flash Mode: Off
[MakerNotes, Track4, Camera] 5 - Continuous Drive: Single
[MakerNotes, Track4, Camera] 7 - Focus Mode: AF + MF
[MakerNotes, Track4, Camera] 9 - Record Mode: CR3
[MakerNotes, Track4, Camera] 10 - Canon Image Size: Large
[MakerNotes, Track4, Camera] 11 - Easy Mode: Manual
[MakerNotes, Track4, Camera] 12 - Digital Zoom: None
[MakerNotes, Track4, Camera] 13 - Contrast: Normal
[MakerNotes, Track4, Camera] 14 - Saturation: Normal
[MakerNotes, Track4, Camera] 16 - Camera ISO: Auto
[MakerNotes, Track4, Camera] 17 - Metering Mode: Evaluative
[MakerNotes, Track4, Camera] 18 - Focus Range: Not Known
[MakerNotes, Track4, Camera] 20 - Canon Exposure Mode: Aperture-priority AE
[MakerNotes, Track4, Camera] 22 - Lens Type: Canon EF-M 15-45mm f/3.5-6.3 IS STM
[MakerNotes, Track4, Camera] 23 - Max Focal Length: 45 mm
[MakerNotes, Track4, Camera] 24 - Min Focal Length: 15 mm
[MakerNotes, Track4, Camera] 25 - Focal Units: 1/mm
[MakerNotes, Track4, Camera] 26 - Max Aperture: 3.6
[MakerNotes, Track4, Camera] 27 - Min Aperture: 23
[MakerNotes, Track4, Camera] 28 - Flash Activity: 0
[MakerNotes, Track4, Camera] 29 - Flash Bits: E-TTL
[MakerNotes, Track4, Camera] 36 - Zoom Source Width: 0
[MakerNotes, Track4, Camera] 37 - Zoom Target Width: 0
[MakerNotes, Track4, Camera] 41 - Manual Flash Output: n/a
[MakerNotes, Track4, Camera] 42 - Color Tone: Normal
[MakerNotes, Track4, Camera] 46 - SRAW Quality: n/a
[MakerNotes, Track4, Image] 1 - Auto ISO: 100
[MakerNotes, Track4, Image] 2 - Base ISO: 12800
[MakerNotes, Track4, Image] 3 - Measured EV: 2.75
[MakerNotes, Track4, Image] 4 - Target Aperture: 3.6
[MakerNotes, Track4, Image] 5 - Target Exposure Time: 1/81
[MakerNotes, Track4, Image] 6 - Exposure Compensation: 0
[MakerNotes, Track4, Image] 7 - White Balance: Auto
[MakerNotes, Track4, Image] 8 - Slow Shutter: None
[MakerNotes, Track4, Image] 9 - Shot Number In Continuous Burst: 0
[MakerNotes, Track4, Camera] 10 - Optical Zoom Code: n/a
[MakerNotes, Track4, Camera] 12 - Camera Temperature: 38 C
[MakerNotes, Track4, Image] 13 - Flash Guide Number: 0
[MakerNotes, Track4, Image] 15 - Flash Exposure Compensation: 0
[MakerNotes, Track4, Image] 16 - Auto Exposure Bracketing: Off
[MakerNotes, Track4, Image] 17 - AEB Bracket Value: 0
[MakerNotes, Track4, Image] 18 - Control Mode: Camera Local Control
[MakerNotes, Track4, Image] 21 - F Number: 3.6
[MakerNotes, Track4, Image] 22 - Exposure Time: 1/70
[MakerNotes, Track4, Image] 23 - Measured EV 2: 1.625
[MakerNotes, Track4, Image] 24 - Bulb Duration: 0
[MakerNotes, Track4, Camera] 26 - Camera Type: EOS High-end
[MakerNotes, Track4, Image] 27 - Auto Rotate: None
[MakerNotes, Track4, Image] 28 - ND Filter: n/a
[MakerNotes, Track4, Camera] 1 - AF Area Mode: Face + Tracking
[MakerNotes, Track4, Camera] 2 - Num AF Points: 143
[MakerNotes, Track4, Camera] 3 - Valid AF Points: 1
[MakerNotes, Track4, Image] 4 - Canon Image Width: 6000
[MakerNotes, Track4, Image] 5 - Canon Image Height: 4000
[MakerNotes, Track4, Camera] 6 - AF Image Width: 6000
[MakerNotes, Track4, Camera] 7 - AF Image Height: 4000
[MakerNotes, Track4, Camera] 8 - AF Area Widths: 337 0 0 0 0 0 0 0 0 0 0 0 0 0 0 0 0 0 0 0 0 0 0 0 0 0 0 0 0 0 0 0 0 0 0 0 0 0 0 0 0 0 0 0 0 0 0 0 0 0 0 0 0 0 0 0 0 0 0 0 0 0 0 0 0 0 0 0 0 0 0 0 0 0 0 0 0 0 0 0 0 0 0 0 0 0 0 0 0 0 0 0 0 0 0 0 0 0 0 0 0 0 0 0 0 0 0 0 0 0 0 0 0 0 0 0 0 0 0 0 0 0 0 0 0 0 0 0 0 0 0 0 0 0 0 0 0 0 0 0 0 0 0
[MakerNotes, Track4, Camera] 9 - AF Area Heights: 299 0 0 0 0 0 0 0 0 0 0 0 0 0 0 0 0 0 0 0 0 0 0 0 0 0 0 0 0 0 0 0 0 0 0 0 0 0 0 0 0 0 0 0 0 0 0 0 0 0 0 0 0 0 0 0 0 0 0 0 0 0 0 0 0 0 0 0 0 0 0 0 0 0 0 0 0 0 0 0 0 0 0 0 0 0 0 0 0 0 0 0 0 0 0 0 0 0 0 0 0 0 0 0 0 0 0 0 0 0 0 0 0 0 0 0 0 0 0 0 0 0 0 0 0 0 0 0 0 0 0 0 0 0 0 0 0 0 0 0 0 0 0
[MakerNotes, Track4, Camera] 10 - AF Area X Positions: 392 0 0 0 0 0 0 0 0 0 0 0 0 0 0 0 0 0 0 0 0 0 0 0 0 0 0 0 0 0 0 0 0 0 0 0 0 0 0 0 0 0 0 0 0 0 0 0 0 0 0 0 0 0 0 0 0 0 0 0 0 0 0 0 0 0 0 0 0 0 0 0 0 0 0 0 0 0 0 0 0 0 0 0 0 0 0 0 0 0 0 0 0 0 0 0 0 0 0 0 0 0 0 0 0 0 0 0 0 0 0 0 0 0 0 0 0 0 0 0 0 0 0 0 0 0 0 0 0 0 0 0 0 0 0 0 0 0 0 0 0 0 0
[MakerNotes, Track4, Camera] 11 - AF Area Y Positions: -327 0 0 0 0 0 0 0 0 0 0 0 0 0 0 0 0 0 0 0 0 0 0 0 0 0 0 0 0 0 0 0 0 0 0 0 0 0 0 0 0 0 0 0 0 0 0 0 0 0 0 0 0 0 0 0 0 0 0 0 0 0 0 0 0 0 0 0 0 0 0 0 0 0 0 0 0 0 0 0 0 0 0 0 0 0 0 0 0 0 0 0 0 0 0 0 0 0 0 0 0 0 0 0 0 0 0 0 0 0 0 0 0 0 0 0 0 0 0 0 0 0 0 0 0 0 0 0 0 0 0 0 0 0 0 0 0 0 0 0 0 0 0
[MakerNotes, Track4, Camera] 12 - AF Points In Focus: 0
[MakerNotes, Track4, Camera] 13 - AF Points Selected: 0
[MakerNotes, Track4, Image] 3 - Bracket Mode: Off
[MakerNotes, Track4, Image] 4 - Bracket Value: 0
[MakerNotes, Track4, Image] 5 - Bracket Shot Number: 0
[MakerNotes, Track4, Image] 7 - Raw Jpg Size: Large
[MakerNotes, Track4, Image] 9 - WB Bracket Mode: Off
[MakerNotes, Track4, Image] 12 - WB Bracket Value AB: 0
[MakerNotes, Track4, Image] 13 - WB Bracket Value GM: 0
[MakerNotes, Track4, Image] 19 - Live View Shooting: On
[MakerNotes, Track4, Image] 20 - Focus Distance Upper: 0.24 m
[MakerNotes, Track4, Image] 21 - Focus Distance Lower: 0.22 m
[MakerNotes, Track4, Image] 25 - Flash Exposure Lock: Off
[MakerNotes, Track4, Image] 1 - Tone Curve: Standard
[MakerNotes, Track4, Image] 2 - Sharpness: 4
[MakerNotes, Track4, Image] 3 - Sharpness Frequency: n/a
[MakerNotes, Track4, Image] 4 - Sensor Red Level: 0
[MakerNotes, Track4, Image] 5 - Sensor Blue Level: 0
[MakerNotes, Track4, Image] 6 - White Balance Red: 0
[MakerNotes, Track4, Image] 7 - White Balance Blue: 0
[MakerNotes, Track4, Image] 9 - Color Temperature: 5200
[MakerNotes, Track4, Image] 10 - Picture Style: Auto
[MakerNotes, Track4, Image] 11 - Digital Gain: 0
[MakerNotes, Track4, Image] 12 - WB Shift AB: 0
[MakerNotes, Track4, Image] 13 - WB Shift GM: 0
[MakerNotes, Track4, Camera] 5 - Peripheral Lighting Setting: On
[MakerNotes, Track4, Camera] 6 - Chromatic Aberration Setting: On
[MakerNotes, Track4, Camera] 0 - Color Data Version: 16 (M50)
[MakerNotes, Track4, Camera] 71 - WB RGGB Levels As Shot: 1104 1024 1024 1789
[MakerNotes, Track4, Camera] 75 - Color Temp As Shot: 3284
[MakerNotes, Track4, Camera] 76 - WB RGGB Levels Auto: 1104 1024 1024 1789
[MakerNotes, Track4, Camera] 80 - Color Temp Auto: 3284
[MakerNotes, Track4, Camera] 81 - WB RGGB Levels Measured: 1104 1024 1024 1789
[MakerNotes, Track4, Camera] 85 - Color Temp Measured: 3284
[MakerNotes, Track4, Camera] 136 - WB RGGB Levels Daylight: 1549 1024 1024 1316
[MakerNotes, Track4, Camera] 140 - Color Temp Daylight: 5200
[MakerNotes, Track4, Camera] 141 - WB RGGB Levels Shade: 1792 1024 1024 1147
[MakerNotes, Track4, Camera] 145 - Color Temp Shade: 7000
[MakerNotes, Track4, Camera] 146 - WB RGGB Levels Cloudy: 1670 1024 1024 1229
[MakerNotes, Track4, Camera] 150 - Color Temp Cloudy: 6000
[MakerNotes, Track4, Camera] 151 - WB RGGB Levels Tungsten: 1104 1024 1024 1879
[MakerNotes, Track4, Camera] 155 - Color Temp Tungsten: 3200
[MakerNotes, Track4, Camera] 156 - WB RGGB Levels Fluorescent: 1303 1024 1024 1771
[MakerNotes, Track4, Camera] 160 - Color Temp Fluorescent: 3687
[MakerNotes, Track4, Camera] 161 - WB RGGB Levels Kelvin: 1549 1024 1024 1316
[MakerNotes, Track4, Camera] 165 - Color Temp Kelvin: 5200
[MakerNotes, Track4, Camera] 166 - WB RGGB Levels Flash: 1697 1024 1024 1218
[MakerNotes, Track4, Camera] 170 - Color Temp Flash: 6166
[MakerNotes, Track4, Camera] 329 - Per Channel Black Level: 2049 2045 2045 2050
[MakerNotes, Track4, Camera] 796 - Normal White Level: 13035
[MakerNotes, Track4, Camera] 797 - Specular White Level: 14338
[MakerNotes, Track4, Camera] 798 - Linearity Upper Margin: 10025
[MakerNotes, Track4, Camera] 0 - Vignetting Corr Version: 32
[EXIF, IFD0, Image] 256 - Image Width: 6000
[EXIF, IFD0, Image] 257 - Image Height: 4000
[EXIF, IFD0, Image] 258 - Bits Per Sample: 8 8 8
[EXIF, IFD0, Image] 259 - Compression: JPEG (old-style)
[EXIF, IFD0, Camera] 271 - Make: Canon
[EXIF, IFD0, Camera] 272 - Camera Model Name: Canon EOS M50
[EXIF, IFD0, Image] 274 - Orientation: Horizontal (normal)
[EXIF, IFD0, Image] 282 - X Resolution: 72
[EXIF, IFD0, Image] 283 - Y Resolution: 72
[EXIF, IFD0, Image] 296 - Resolution Unit: inches
[EXIF, IFD0, Time] 306 - Modify Date: 2018:02:21 12:08:56
[EXIF, IFD0, Author] 315 - Artist: 
[EXIF, IFD0, Author] 33432 - Copyright: 
[EXIF, ExifIFD, Image] 33434 - Exposure Time: 1/80
[EXIF, ExifIFD, Image] 33437 - F Number: 3.5
[EXIF, ExifIFD, Camera] 34850 - Exposure Program: Aperture-priority AE
[EXIF, ExifIFD, Image] 34855 - ISO: 12800
[EXIF, ExifIFD, Image] 34864 - Sensitivity Type: Recommended Exposure Index
[EXIF, ExifIFD, Image] 34866 - Recommended Exposure Index: 12800
[EXIF, ExifIFD, Image] 36864 - Exif Version: 0231
[EXIF, ExifIFD, Time] 36867 - Date/Time Original: 2018:02:21 12:08:56
[EXIF, ExifIFD, Time] 36868 - Create Date: 2018:02:21 12:08:56
[EXIF, ExifIFD, Time] 36880 - Offset Time: +00:00
[EXIF, ExifIFD, Time] 36881 - Offset Time Original: +00:00
[EXIF, ExifIFD, Time] 36882 - Offset Time Digitized: +00:00
[EXIF, ExifIFD, Image] 37121 - Components Configuration: Y, Cb, Cr, -
[EXIF, ExifIFD, Image] 37377 - Shutter Speed Value: 1/83
[EXIF, ExifIFD, Image] 37378 - Aperture Value: 3.5
[EXIF, ExifIFD, Image] 37380 - Exposure Compensation: 0
[EXIF, ExifIFD, Camera] 37383 - Metering Mode: Multi-segment
[EXIF, ExifIFD, Camera] 37385 - Flash: No Flash
[EXIF, ExifIFD, Camera] 37386 - Focal Length: 15.0 mm
[EXIF, ExifIFD, Image] 37510 - User Comment: 
[EXIF, ExifIFD, Time] 37520 - Sub Sec Time: 21
[EXIF, ExifIFD, Time] 37521 - Sub Sec Time Original: 21
[EXIF, ExifIFD, Time] 37522 - Sub Sec Time Digitized: 21
[EXIF, ExifIFD, Image] 40960 - Flashpix Version: 0100
[EXIF, ExifIFD, Image] 40961 - Color Space: sRGB
[EXIF, ExifIFD, Image] 40962 - Exif Image Width: 6000
[EXIF, ExifIFD, Image] 40963 - Exif Image Height: 4000
[EXIF, ExifIFD, Camera] 41486 - Focal Plane X Resolution: 6514.65798
[EXIF, ExifIFD, Camera] 41487 - Focal Plane Y Resolution: 6734.006734
[EXIF, ExifIFD, Camera] 41488 - Focal Plane Resolution Unit: inches
[EXIF, ExifIFD, Image] 41985 - Custom Rendered: Normal
[EXIF, ExifIFD, Camera] 41986 - Exposure Mode: Auto
[EXIF, ExifIFD, Camera] 41987 - White Balance: Auto
[EXIF, ExifIFD, Camera] 41990 - Scene Capture Type: Standard
[EXIF, ExifIFD, Image] 42032 - Owner Name: 
[EXIF, ExifIFD, Image] 42033 - Serial Number: 613040000565
[EXIF, ExifIFD, Image] 42034 - Lens Info: 15-45mm f/0
[EXIF, ExifIFD, Image] 42036 - Lens Model: EF-M15-45mm f/3.5-6.3 IS STM
[EXIF, ExifIFD, Image] 42037 - Lens Serial Number: 0000000000
[EXIF, GPS, Location] 0 - GPS Version ID: 2.3.0.0
[EXIF, ExifIFD, Camera] 41990 - Scene Capture Type: Standard
[XMP, XMP-xmp, Image] Rating - Rating: 0
[Composite, Composite, Image] Aperture - Aperture: 3.5
[Composite, Composite, Video] AvgBitrate - Avg Bitrate: 329 kbps
[Composite, Composite, Camera] ConditionalFEC - Flash Exposure Compensation: 0
[Composite, Composite, Camera] DriveMode - Drive Mode: Single-frame Shooting
[Composite, Composite, Camera] FlashType - Flash Type: Built-In Flash
[Composite, Composite, Camera] ISO - ISO: 12800
[Composite, Composite, Camera] Lens - Lens: 15.0 - 45.0 mm
[Composite, Composite, Camera] RedEyeReduction - Red Eye Reduction: Off
[Composite, Composite, Video] Rotation - Rotation: 0
[Composite, Composite, Camera] ShootingMode - Shooting Mode: Aperture-priority AE
[Composite, Composite, Camera] ShutterCurtainHack - Shutter Curtain Sync: 1st-curtain sync
[Composite, Composite, Image] ShutterSpeed - Shutter Speed: 1/80
[Composite, Composite, Time] SubSecCreateDate - Create Date: 2018:02:21 12:08:56.21+00:00
[Composite, Composite, Time] SubSecDateTimeOriginal - Date/Time Original: 2018:02:21 12:08:56.21+00:00
[Composite, Composite, Time] SubSecModifyDate - Modify Date: 2018:02:21 12:08:56.21+00:00
[Composite, Composite, Camera] WB_RGGBLevels - WB RGGB Levels: 1104 1024 1024 1789
[Composite, Composite, Camera] BlueBalance - Blue Balance: 1.74707
[Composite, Composite, Image] ImageSize - Image Size: 6000x4000
[Composite, Composite, Camera] LensID - Lens ID: Canon EF-M 15-45mm f/3.5-6.3 IS STM
[Composite, Composite, Image] LightValue - Light Value: 2.9
[Composite, Composite, Image] Megapixels - Megapixels: 24.0
[Composite, Composite, Camera] RedBalance - Red Balance: 1.078125
[Composite, Composite, Camera] ScaleFactor35efl - Scale Factor To 35 mm Equivalent: 1.6
[Composite, Composite, Camera] CircleOfConfusion - Circle Of Confusion: 0.019 mm
[Composite, Composite, Image] DOF - Depth Of Field: 0.03 m (0.22 - 0.25 m)
[Composite, Composite, Image] FOV - Field Of View: 75.3 deg
[Composite, Composite, Camera] FocalLength35efl - Focal Length: 15.0 mm (35 mm equivalent: 23.3 mm)
[Composite, Composite, Camera] HyperfocalDistance - Hyperfocal Distance: 3.33 m
[Composite, Composite, Camera] Lens35efl - Lens: 15.0 - 45.0 mm (35 mm equivalent: 23.3 - 69.9 mm)
