[ExifTool, ExifTool, ExifTool] ExifToolVersion - ExifTool Version Number: 9.94
[File, System, Image] FileName - File Name: CanonRaw.crw
[File, System, Image] Directory - Directory: t/images
[File, System, Image] FileSize - File Size: 6.7 kB
[File, System, Time] FileModifyDate - File Modification Date/Time: 2012:01:22 13:31:59-05:00
[File, System, Time] FileAccessDate - File Access Date/Time: 2015:04:29 20:10:21-04:00
[File, System, Time] FileInodeChangeDate - File Inode Change Date/Time: 2015:04:25 10:57:00-04:00
[File, System, Image] FilePermissions - File Permissions: rw-r--r--
[File, File, Image] FileType - File Type: CRW
[File, File, Image] FileTypeExtension - File Type Extension: crw
[File, File, Image] MIMEType - MIME Type: image/x-canon-crw
[MakerNotes, CanonRaw, Camera] 8197 - Raw Data: (Binary data 22 bytes)
[MakerNotes, CanonRaw, Preview] 8199 - Jpg From Raw: (Binary data 29 bytes)
[MakerNotes, CanonRaw, Image] 0 - File Format: CRW
[MakerNotes, CanonRaw, Image] 1 - Target Compression Ratio: 10
[MakerNotes, CanonRaw, Image] 0 - Image Width: 3072
[MakerNotes, CanonRaw, Image] 1 - Image Height: 2048
[MakerNotes, CanonRaw, Image] 2 - Pixel Aspect Ratio: 1
[MakerNotes, CanonRaw, Image] 3 - Rotation: 0
[MakerNotes, CanonRaw, Image] 4 - Component Bit Depth: 8
[MakerNotes, CanonRaw, Image] 5 - Color Bit Depth: 24
[MakerNotes, CanonRaw, Image] 6 - Color BW: 257
[MakerNotes, CanonRaw, Camera] 4106 - Target Image Type: Real-world Subject
[MakerNotes, CanonRaw, Camera] 6148 - Record ID: 0
[MakerNotes, CanonRaw, Image] 6167 - File Number: 116-1602
[MakerNotes, CanonRaw, Time] 0 - Date/Time Original: 2003:11:10 17:39:26
[MakerNotes, CanonRaw, Time] 1 - Time Zone Code: 0
[MakerNotes, CanonRaw, Time] 2 - Time Zone Info: 0
[MakerNotes, CanonRaw, Camera] 2070 - Original File Name: CRW_1602.CRW
[MakerNotes, CanonRaw, Camera] 2071 - Thumbnail File Name: CRW_1602.THM
[MakerNotes, CanonRaw, Camera] 2053 - User Comment: 
[MakerNotes, CanonRaw, Camera] 6164 - Measured EV: 4.625
[MakerNotes, CanonRaw, Camera] 2053 - Canon File Description: EOS DIGITAL REBEL CMOS RAW
[MakerNotes, CanonRaw, Camera] 2069 - Canon Image Type: CRW:EOS DIGITAL REBEL CMOS RAW
[MakerNotes, CanonRaw, Camera] 2064 - Owner Name: Phil Harvey
[MakerNotes, CanonRaw, Camera] 0 - Make: Canon
[MakerNotes, CanonRaw, Camera] 6 - Camera Model Name: Canon EOS DIGITAL REBEL
[MakerNotes, CanonRaw, Camera] 6155 - Serial Number: 0560018150
[MakerNotes, CanonRaw, Camera] 4124 - Base ISO: 100
[MakerNotes, CanonRaw, Camera] 2061 - ROM Operation Mode: USA
[MakerNotes, CanonRaw, Camera] 2059 - Canon Firmware Version: Firmware Version 1.1.1
[MakerNotes, Canon, Image] 1 - Focal Length: 24 mm
[MakerNotes, Canon, Image] 2 - Focal Plane X Size: 23.22 mm
[MakerNotes, Canon, Image] 3 - Focal Plane Y Size: 15.49 mm
[MakerNotes, Canon, Image] 1 - Auto ISO: 100
[MakerNotes, Canon, Image] 2 - Base ISO: 100
[MakerNotes, Canon, Image] 3 - Measured EV: 0.00
[MakerNotes, Canon, Image] 4 - Target Aperture: 3.6
[MakerNotes, Canon, Image] 5 - Target Exposure Time: 1/60
[MakerNotes, Canon, Image] 6 - Exposure Compensation: 0
[MakerNotes, Canon, Image] 7 - White Balance: Auto
[MakerNotes, Canon, Image] 8 - Slow Shutter: None
[MakerNotes, Canon, Image] 9 - Shot Number In Continuous Burst: 0
[MakerNotes, Canon, Camera] 10 - Optical Zoom Code: n/a
[MakerNotes, Canon, Image] 15 - Flash Exposure Compensation: +2/3
[MakerNotes, Canon, Image] 16 - Auto Exposure Bracketing: Off
[MakerNotes, Canon, Image] 17 - AEB Bracket Value: 0
[MakerNotes, Canon, Image] 18 - Control Mode: Camera Local Control
[MakerNotes, Canon, Image] 19 - Focus Distance Upper: 1.42 m
[MakerNotes, Canon, Image] 20 - Focus Distance Lower: 1.19 m
[MakerNotes, Canon, Image] 21 - F Number: 3.6
[MakerNotes, Canon, Image] 22 - Exposure Time: 1/64
[MakerNotes, Canon, Image] 23 - Measured EV 2: -0.125
[MakerNotes, Canon, Image] 24 - Bulb Duration: 0
[MakerNotes, Canon, Camera] 26 - Camera Type: EOS Mid-range
[MakerNotes, Canon, Image] 27 - Auto Rotate: None
[MakerNotes, Canon, Image] 28 - ND Filter: n/a
[MakerNotes, Canon, Image] 29 - Self Timer 2: 0
[MakerNotes, Canon, Image] 3 - Bracket Mode: Off
[MakerNotes, Canon, Image] 4 - Bracket Value: 0
[MakerNotes, Canon, Image] 5 - Bracket Shot Number: 0
[MakerNotes, Canon, Camera] 1 - Macro Mode: Unknown (0)
[MakerNotes, Canon, Camera] 2 - Self Timer: Off
[MakerNotes, Canon, Camera] 3 - Quality: RAW
[MakerNotes, Canon, Camera] 4 - Canon Flash Mode: On
[MakerNotes, Canon, Camera] 5 - Continuous Drive: Continuous
[MakerNotes, Canon, Camera] 7 - Focus Mode: AI Focus AF
[MakerNotes, Canon, Camera] 9 - Record Mode: CRW+THM
[MakerNotes, Canon, Camera] 10 - Canon Image Size: Large
[MakerNotes, Canon, Camera] 11 - Easy Mode: Manual
[MakerNotes, Canon, Camera] 12 - Digital Zoom: Unknown (-1)
[MakerNotes, Canon, Camera] 13 - Contrast: +1
[MakerNotes, Canon, Camera] 14 - Saturation: +1
[MakerNotes, Canon, Camera] 15 - Sharpness: +1
[MakerNotes, Canon, Camera] 16 - Camera ISO: n/a
[MakerNotes, Canon, Camera] 17 - Metering Mode: Evaluative
[MakerNotes, Canon, Camera] 18 - Focus Range: Not Known
[MakerNotes, Canon, Camera] 19 - AF Point: Manual AF point selection
[MakerNotes, Canon, Camera] 20 - Canon Exposure Mode: Program AE
[MakerNotes, Canon, Camera] 22 - Lens Type: n/a
[MakerNotes, Canon, Camera] 23 - Max Focal Length: 55 mm
[MakerNotes, Canon, Camera] 24 - Min Focal Length: 18 mm
[MakerNotes, Canon, Camera] 25 - Focal Units: 1/mm
[MakerNotes, Canon, Camera] 26 - Max Aperture: 3.6
[MakerNotes, Canon, Camera] 27 - Min Aperture: 22
[MakerNotes, Canon, Camera] 28 - Flash Activity: 0
[MakerNotes, Canon, Camera] 29 - Flash Bits: E-TTL, Built-in
[MakerNotes, Canon, Camera] 36 - Zoom Source Width: 3072
[MakerNotes, Canon, Camera] 37 - Zoom Target Width: 3072
[MakerNotes, Canon, Camera] 41 - Manual Flash Output: n/a
[MakerNotes, Canon, Camera] 42 - Color Tone: Normal
[MakerNotes, CanonRaw, Camera] 6196 - Canon Model ID: EOS Digital Rebel / 300D / Kiss Digital
[MakerNotes, Canon, Image] 1 - Sensor Width: 3152
[MakerNotes, Canon, Image] 2 - Sensor Height: 2068
[MakerNotes, Canon, Image] 5 - Sensor Left Border: 72
[MakerNotes, Canon, Image] 6 - Sensor Top Border: 16
[MakerNotes, Canon, Image] 7 - Sensor Right Border: 3143
[MakerNotes, Canon, Image] 8 - Sensor Bottom Border: 2063
[MakerNotes, Canon, Image] 9 - Black Mask Left Border: 24
[MakerNotes, Canon, Image] 10 - Black Mask Top Border: 224
[MakerNotes, Canon, Image] 11 - Black Mask Right Border: 40
[MakerNotes, Canon, Image] 12 - Black Mask Bottom Border: 1856
[MakerNotes, CanonRaw, Camera] 0 - Decoder Table Number: 1
[MakerNotes, CanonRaw, Camera] 2 - Compressed Data Offset: 514
[MakerNotes, CanonRaw, Camera] 3 - Compressed Data Length: 4120111
[MakerNotes, Canon, Camera] 0 - Num AF Points: 7
[MakerNotes, Canon, Camera] 1 - Valid AF Points: 7
[MakerNotes, Canon, Image] 2 - Canon Image Width: 3072
[MakerNotes, Canon, Image] 3 - Canon Image Height: 2048
[MakerNotes, Canon, Camera] 4 - AF Image Width: 3072
[MakerNotes, Canon, Camera] 5 - AF Image Height: 2048
[MakerNotes, Canon, Camera] 6 - AF Area Width: 151
[MakerNotes, Canon, Camera] 7 - AF Area Height: 151
[MakerNotes, Canon, Camera] 8 - AF Area X Positions: 1014 608 0 0 0 -608 -1014
[MakerNotes, Canon, Camera] 9 - AF Area Y Positions: 0 0 -506 0 506 0 0
[MakerNotes, Canon, Camera] 10 - AF Points In Focus: 3
[MakerNotes, CanonRaw, Camera] 4270 - Color Temperature: 5200
[MakerNotes, Canon, Camera] 1 - WB RGGB Levels Auto: 1740 832 831 931
[MakerNotes, Canon, Camera] 5 - WB RGGB Levels Daylight: 1722 832 831 989
[MakerNotes, Canon, Camera] 9 - WB RGGB Levels Shade: 2035 832 831 839
[MakerNotes, Canon, Camera] 13 - WB RGGB Levels Cloudy: 1878 832 831 903
[MakerNotes, Canon, Camera] 17 - WB RGGB Levels Tungsten: 1228 913 912 1668
[MakerNotes, Canon, Camera] 21 - WB RGGB Levels Fluorescent: 1506 842 841 1381
[MakerNotes, Canon, Camera] 25 - WB RGGB Levels Flash: 1964 832 831 877
[MakerNotes, Canon, Camera] 29 - WB RGGB Levels Custom: 1722 832 831 989
[MakerNotes, Canon, Camera] 33 - WB RGGB Levels Kelvin: 1722 832 831 988
[MakerNotes, Canon, Camera] 37 - WB RGGB Black Levels: 125 124 125 124
[MakerNotes, CanonRaw, Camera] 4276 - Color Space: sRGB
[MakerNotes, CanonRaw, Image] 1 - Raw Jpg Quality: Fine
[MakerNotes, CanonRaw, Image] 2 - Raw Jpg Size: Medium
[MakerNotes, CanonRaw, Image] 3 - Raw Jpg Width: 2048
[MakerNotes, CanonRaw, Image] 4 - Raw Jpg Height: 1360
[MakerNotes, CanonRaw, Camera] 6203 - Serial Number Format: Format 1
[XMP, XMP-x, Document] xmptk - XMP Toolkit: Image::ExifTool 8.31
[XMP, XMP-dc, Image] description - Description: CRW with embedded XMP
[Composite, Composite, Image] Aperture - Aperture: 3.6
[Composite, Composite, Camera] ConditionalFEC - Flash Exposure Compensation: +2/3
[Composite, Composite, Camera] DriveMode - Drive Mode: Continuous Shooting
[Composite, Composite, Camera] FlashType - Flash Type: Built-In Flash
[Composite, Composite, Camera] ISO - ISO: 100
[Composite, Composite, Image] ImageSize - Image Size: 3072x2048
[Composite, Composite, Camera] Lens - Lens: 18.0 - 55.0 mm
[Composite, Composite, Camera] LensID - Lens ID: Unknown 18-55mm
[Composite, Composite, Image] Megapixels - Megapixels: 6.3
[Composite, Composite, Camera] RedEyeReduction - Red Eye Reduction: Off
[Composite, Composite, Camera] ScaleFactor35efl - Scale Factor To 35 mm Equivalent: 1.6
[Composite, Composite, Camera] ShootingMode - Shooting Mode: Program AE
[Composite, Composite, Camera] ShutterCurtainHack - Shutter Curtain Sync: 1st-curtain sync
[Composite, Composite, Image] ShutterSpeed - Shutter Speed: 1/64
[Composite, Composite, Camera] WB_RGGBLevels - WB RGGB Levels: 1740 832 831 931
[Composite, Composite, Camera] BlueBalance - Blue Balance: 1.119663
[Composite, Composite, Camera] CircleOfConfusion - Circle Of Confusion: 0.019 mm
[Composite, Composite, Image] DOF - Depth Of Field: 0.41 m (1.13 - 1.54 m)
[Composite, Composite, Image] FOV - Field Of View: 51.6 deg
[Composite, Composite, Camera] FocalLength35efl - Focal Length: 24.0 mm (35 mm equivalent: 37.2 mm)
[Composite, Composite, Camera] HyperfocalDistance - Hyperfocal Distance: 8.34 m
[Composite, Composite, Camera] Lens35efl - Lens: 18.0 - 55.0 mm (35 mm equivalent: 27.9 - 85.3 mm)
[Composite, Composite, Image] LightValue - Light Value: 9.7
[Composite, Composite, Camera] RedBalance - Red Balance: 2.092604
