[MakerNotes, Canon, Image] 1 - Focal Length: 34 mm
[MakerNotes, Canon, Image] 2 - Focal Plane X Size: 23.22 mm
[MakerNotes, Canon, Image] 3 - Focal Plane Y Size: 15.49 mm
[MakerNotes, Canon, Image] 1 - Auto ISO: 100
[MakerNotes, Canon, Image] 2 - Base ISO: 100
[MakerNotes, Canon, Image] 3 - Measured EV: -1.25
[MakerNotes, Canon, Image] 4 - Target Aperture: 14
[MakerNotes, Canon, Image] 6 - Exposure Compensation: 0
[MakerNotes, Canon, Image] 7 - White Balance: Auto
[MakerNotes, Canon, Image] 8 - Slow Shutter: None
[MakerNotes, Canon, Image] 9 - Shot Number In Continuous Burst: 0
[MakerNotes, Canon, Image] 13 - Flash Guide Number: 0
[MakerNotes, Canon, Image] 15 - Flash Exposure Compensation: 0
[MakerNotes, Canon, Image] 16 - Auto Exposure Bracketing: Off
[MakerNotes, Canon, Image] 17 - AEB Bracket Value: 0
[MakerNotes, Canon, Image] 18 - Control Mode: Camera Local Control
[MakerNotes, Canon, Image] 19 - Focus Distance Upper: inf
[MakerNotes, Canon, Image] 20 - Focus Distance Lower: 5.46 m
[MakerNotes, Canon, Image] 21 - F Number: 14
[MakerNotes, Canon, Image] 22 - Exposure Time: 128
[MakerNotes, Canon, Image] 23 - Measured EV 2: -1.25
[MakerNotes, Canon, Image] 24 - Bulb Duration: 4
[MakerNotes, Canon, Image] 27 - Auto Rotate: None
[MakerNotes, Canon, Image] 28 - ND Filter: n/a
[MakerNotes, Canon, Image] 29 - Self Timer 2: 0
[MakerNotes, Canon, Image] 3 - Bracket Mode: Off
[MakerNotes, Canon, Image] 4 - Bracket Value: 0
[MakerNotes, Canon, Image] 5 - Bracket Shot Number: 0
[MakerNotes, Canon, Image] 6 - Canon Image Type: CRW:EOS DIGITAL REBEL CMOS RAW
[MakerNotes, Canon, Image] 8 - File Number: 118-1861
[MakerNotes, Canon, Image] 14 - Canon File Length: 4480822
[MakerNotes, Canon, Image] 2 - Canon Image Width: 3072
[MakerNotes, Canon, Image] 3 - Canon Image Height: 2048
