---- Canon:Camera ----
AFAreaHeight : 151
AFAreaWidth : 151
AFAreaXPositions : 1014 608 0 0 0 -608 -1014
AFAreaYPositions : 0 0 -506 0 506 0 0
AFImageHeight : 2048
AFImageWidth : 3072
AFPointsInFocus : (none)
CameraISO : n/a
CameraType : EOS Mid-range
CanonExposureMode : Manual
CanonFirmwareVersion : Firmware Version 1.1.1
CanonFlashMode : Off
CanonImageSize : Large
CanonModelID : EOS Digital Rebel / 300D / Kiss Digital
ColorSpace (1) : sRGB
ColorTemperature : 5200
ColorTone : Normal
ContinuousDrive : Continuous
Contrast : +1
DigitalZoom : Unknown (-1)
EasyMode : Manual
FlashActivity : 0
FlashBits : (none)
FocalUnits : 1/mm
FocusMode : Manual Focus (3)
FocusRange : Not Known
LensType : n/a
MacroMode : Unknown (0)
ManualFlashOutput : n/a
MaxAperture : 4
MaxFocalLength : 55 mm
MeasuredRGGB : 998 1022 1026 808
MeteringMode : Center-weighted average
MinAperture : 27
MinFocalLength : 18 mm
NumAFPoints : 7
OpticalZoomCode : n/a
OwnerName : Phil Harvey
Quality : RAW
RecordMode : CRW+THM
Saturation : +1
SelfTimer : Off
SerialNumber : 0560018150
SerialNumberFormat : Format 1
Sharpness : +1
ThumbnailImageValidArea : 0 159 7 112
ValidAFPoints : 7
WB_RGGBBlackLevels : 124 123 124 123
WB_RGGBLevelsAuto : 1719 832 831 990
WB_RGGBLevelsCloudy : 1878 832 831 903
WB_RGGBLevelsCustom : 1722 832 831 989
WB_RGGBLevelsDaylight : 1722 832 831 989
WB_RGGBLevelsFlash : 1933 832 831 895
WB_RGGBLevelsFluorescent : 1506 842 841 1381
WB_RGGBLevelsKelvin : 1722 832 831 988
WB_RGGBLevelsShade : 2035 832 831 839
WB_RGGBLevelsTungsten : 1228 913 912 1668
ZoomSourceWidth : 3072
ZoomTargetWidth : 3072
---- Canon:Image ----
AEBBracketValue : 0
AutoExposureBracketing : Off
AutoISO : 100
AutoRotate : None
BaseISO : 100
BracketMode : Off
BracketShotNumber : 0
BracketValue : 0
BulbDuration : 4
CanonFileLength : 4480822
CanonImageHeight : 2048
CanonImageType : CRW:EOS DIGITAL REBEL CMOS RAW
CanonImageWidth : 3072
ControlMode : Camera Local Control
ExposureCompensation : 0
ExposureTime (1) : 128
FNumber (1) : 14
FileNumber : 118-1861
FlashExposureComp : 0
FlashGuideNumber : 0
FocalLength (1) : 34 mm
FocalPlaneXSize : 23.22 mm
FocalPlaneYSize : 15.49 mm
FocusDistanceLower : 5.46 m
FocusDistanceUpper : inf
MeasuredEV : -1.25
MeasuredEV2 : -1.25
NDFilter : n/a
SelfTimer2 : 0
SequenceNumber : 0
SlowShutter : None
TargetAperture : 14
WhiteBalance : Auto
---- Composite:Camera ----
BlueBalance : 1.190619
CircleOfConfusion : 0.019 mm
DriveMode : Continuous Shooting
FocalLength35efl : 34.0 mm (35 mm equivalent: 54.0 mm)
HyperfocalDistance : 4.37 m
ISO (1) : 100
Lens : 18.0 - 55.0 mm
Lens35efl : 18.0 - 55.0 mm (35 mm equivalent: 28.6 - 87.4 mm)
LensID : Unknown 18-55mm
RedBalance : 2.067348
ScaleFactor35efl : 1.6
ShootingMode : Bulb
WB_RGGBLevels : 1719 832 831 990
---- Composite:Image ----
Aperture : 14.0
DOF : inf (4.31 m - inf)
FOV : 36.9 deg
ImageSize : 8x8
LightValue : 5.6
Megapixels : 0.000064
ShutterSpeed : 4
---- ExifIFD:Camera ----
ExposureMode : Manual
Flash : No Flash
FocalLength : 34.0 mm
FocalPlaneResolutionUnit : inches
FocalPlaneXResolution : 3443.946188
FocalPlaneYResolution : 3442.016807
MaxApertureValue : 4.5
MeteringMode (1) : Average
SceneCaptureType : Standard
SensingMethod : One-chip color area
WhiteBalance (1) : Auto
---- ExifIFD:Image ----
ApertureValue : 14.0
ColorSpace : sRGB
ComponentsConfiguration : Y, Cb, Cr, -
CompressedBitsPerPixel : 9
CustomRendered : Normal
ExifImageHeight : 120
ExifImageWidth : 160
ExifVersion : 0221
ExposureCompensation (1) : 0
ExposureTime : 4
FNumber : 14.0
FileSource : Digital Camera
FlashpixVersion : 0100
ISO : 100
ShutterSpeedValue : 0
UserComment : 
---- ExifIFD:Time ----
CreateDate : 2003:12:04 06:46:52
DateTimeOriginal : 2003:12:04 06:46:52
---- File:Image ----
BitsPerSample : 8
ColorComponents : 3
EncodingProcess : Baseline DCT, Huffman coding
ExifByteOrder : Little-endian (Intel, II)
ImageHeight : 8
ImageWidth : 8
YCbCrSubSampling : YCbCr4:2:0 (2 2)
---- File:Other ----
FileType : JPEG
FileTypeExtension : jpg
MIMEType : image/jpeg
---- IFD0:Camera ----
Make : Canon
Model : Canon EOS DIGITAL REBEL
---- IFD0:Image ----
Orientation : Horizontal (normal)
ResolutionUnit : inches
XResolution : 180
YCbCrPositioning : Centered
YResolution : 180
---- IFD0:Time ----
ModifyDate : 2003:12:04 06:46:52
---- InteropIFD:Image ----
InteropIndex : THM - DCF thumbnail file
InteropVersion : 0100
RelatedImageHeight : 2048
RelatedImageWidth : 3072
---- System:Other ----
Directory : t/images
FileName : Canon.jpg
FilePermissions : -rw-r--r--
FileSize : 2.7 kB
---- System:Time ----
FileAccessDate : 2022:06:01 14:16:34-04:00
FileInodeChangeDate : 2021:10:31 20:34:50-04:00
FileModifyDate : 2006:10:03 15:10:31-04:00
