ApertureValue: 14.0
ColorSpace: sRGB
ComponentsConfiguration: Y, Cb, Cr, -
CompressedBitsPerPixel: 9
CreateDate: 2003:12:04 06:46:52
CustomRendered: Normal
DateTimeOriginal: 2003:12:04 06:46:52
ExifImageHeight: 120
ExifImageWidth: 160
ExifVersion: 0221
ExposureCompensation (1): 0
ExposureMode: Manual
ExposureTime: 4
FNumber: 14.0
FileSource: Digital Camera
Flash: No Flash
FlashpixVersion: 0100
FocalLength: 34.0 mm
FocalPlaneResolutionUnit: inches
FocalPlaneXResolution: 3443.946188
FocalPlaneYResolution: 3442.016807
ISO: 100
InteropIndex: THM - DCF thumbnail file
InteropVersion: 0100
Make: Canon
MaxApertureValue: 4.5
MeteringMode (1): Average
Model: Canon EOS DIGITAL REBEL
ModifyDate: 2003:12:04 06:46:52
Orientation: Horizontal (normal)
RelatedImageHeight: 2048
RelatedImageWidth: 3072
ResolutionUnit: inches
SceneCaptureType: Standard
SensingMethod: One-chip color area
ShutterSpeedValue: 0
UserComment: 
WhiteBalance (1): Auto
XResolution: 180
YCbCrPositioning: Centered
YResolution: 180
