[File, System, Other] FileName - File Name: ExifTool.jpg
[File, System, Other] Directory - Directory: t/images
[File, System, Other] FileSize - File Size: ##_kB
[File, System, Time] FileModifyDate - File Modification Date/Time: ####:##:##_##:##:##-##:##
[File, System, Time] FileAccessDate - File Access Date/Time: ####:##:##_##:##:##-##:##
[File, System, Time] FileInodeChangeDate - File Inode Change Date/Time: ####:##:##_##:##:##-##:##
[File, System, Other] FilePermissions - File Permissions: -rw-r--r--
[File, File, Other] FileType - File Type: JPEG
[File, File, Other] FileTypeExtension - File Type Extension: jpg
[File, File, Other] MIMEType - MIME Type: image/jpeg
[File, File, Image] ExifByteOrder - Exif Byte Order: Little-endian_(Intel,_II)
[File, File, Image] Comment - Comment: ©_PhotoStudio_Unicode_comment;;
[File, File, Image] CurrentIPTCDigest - Current IPTC Digest: ####be##ef#a######f###aa#####c##
[File, File, Image] Comment - Comment: a_comment
[File, File, Image] ImageWidth - Image Width: #
[File, File, Image] ImageHeight - Image Height: #
[File, File, Image] EncodingProcess - Encoding Process: Baseline_DCT,_Huffman_coding
[File, File, Image] BitsPerSample - Bits Per Sample: #
[File, File, Image] ColorComponents - Color Components: #
[File, File, Image] YCbCrSubSampling - Y Cb Cr Sub Sampling: YCbCr#:#:#_(#_#)
[EXIF, IFD0, Image] 270 - Image Description: A_witty_caption
[EXIF, IFD0, Camera] 271 - Make: FUJIFILM
[EXIF, IFD0, Camera] 272 - Camera Model Name: FinePix####Zoom
[EXIF, IFD0, Image] 274 - Orientation: Horizontal_(normal)
[EXIF, IFD0, Image] 282 - X Resolution: ##
[EXIF, IFD0, Image] 283 - Y Resolution: ##
[EXIF, IFD0, Image] 296 - Resolution Unit: inches
[EXIF, IFD0, Image] 305 - Software: Adobe_Photoshop_#.#
[EXIF, IFD0, Time] 306 - Modify Date: ####:##:##_##:##:##
[EXIF, IFD0, Author] 315 - Artist: Phil_Harvey
[EXIF, IFD0, Image] 531 - Y Cb Cr Positioning: Co-sited
[EXIF, IFD0, Author] 33432 - Copyright: Copyright_####_Phil_Harvey
[EXIF, ExifIFD, Image] 33437 - F Number: #.#
[EXIF, ExifIFD, Camera] 34850 - Exposure Program: Program_AE
[EXIF, ExifIFD, Image] 34855 - ISO: ###
[EXIF, ExifIFD, Image] 36864 - Exif Version: ####
[EXIF, ExifIFD, Time] 36867 - Date/Time Original: ####:##:##_##:##:##
[EXIF, ExifIFD, Time] 36868 - Create Date: ####:##:##_##:##:##
[EXIF, ExifIFD, Image] 37121 - Components Configuration: Y,_Cb,_Cr,_-
[EXIF, ExifIFD, Image] 37122 - Compressed Bits Per Pixel: #.#
[EXIF, ExifIFD, Image] 37377 - Shutter Speed Value: #/##
[EXIF, ExifIFD, Image] 37378 - Aperture Value: #.#
[EXIF, ExifIFD, Image] 37379 - Brightness Value: #
[EXIF, ExifIFD, Image] 37380 - Exposure Compensation: #
[EXIF, ExifIFD, Camera] 37381 - Max Aperture Value: #.#
[EXIF, ExifIFD, Camera] 37383 - Metering Mode: Multi-segment
[EXIF, ExifIFD, Camera] 37385 - Flash: Fired
[EXIF, ExifIFD, Camera] 37386 - Focal Length: #.#_mm
[EXIF, ExifIFD, Image] 40960 - Flashpix Version: ####
[EXIF, ExifIFD, Image] 40961 - Color Space: sRGB
[EXIF, ExifIFD, Image] 40962 - Exif Image Width: ###
[EXIF, ExifIFD, Image] 40963 - Exif Image Height: ##
[EXIF, ExifIFD, Camera] 41486 - Focal Plane X Resolution: ####
[EXIF, ExifIFD, Camera] 41487 - Focal Plane Y Resolution: ####
[EXIF, ExifIFD, Camera] 41488 - Focal Plane Resolution Unit: cm
[EXIF, ExifIFD, Camera] 41495 - Sensing Method: One-chip_color_area
[EXIF, ExifIFD, Image] 41728 - File Source: Digital_Camera
[EXIF, ExifIFD, Image] 41729 - Scene Type: Directly_photographed
[EXIF, IFD1, Image] 259 - Compression: JPEG_(old-style)
[EXIF, IFD1, Image] 282 - X Resolution: ##
[EXIF, IFD1, Image] 283 - Y Resolution: ##
[EXIF, IFD1, Image] 296 - Resolution Unit: inches
[EXIF, IFD1, Image] 513 - Thumbnail Offset: ###
[EXIF, IFD1, Image] 514 - Thumbnail Length: #
[JFIF, JFIF, Image] 0 - JFIF Version: #.##
[JFIF, JFIF, Image] 2 - Resolution Unit: inches
[JFIF, JFIF, Image] 3 - X Resolution: ###
[JFIF, JFIF, Image] 5 - Y Resolution: ###
[JFIF, JFXX, Preview] 16 - Thumbnail Image: (Binary data 1558 bytes)
[APP8, SPIFF, Image] 0 - SPIFF Version: #.#
[APP8, SPIFF, Image] 2 - Profile ID: Continuous-tone_Base
[APP8, SPIFF, Image] 3 - Color Components: #
[APP8, SPIFF, Image] 6 - Image Height: ####
[APP8, SPIFF, Image] 10 - Image Width: ####
[APP8, SPIFF, Image] 14 - Color Space: YCbCr,_ITU-R_BT_###,_video
[APP8, SPIFF, Image] 15 - Bits Per Sample: #
[APP8, SPIFF, Image] 16 - Compression: JPEG
[APP8, SPIFF, Image] 17 - Resolution Unit: inches
[APP8, SPIFF, Image] 18 - Y Resolution: ###
[APP8, SPIFF, Image] 22 - X Resolution: ###
[MakerNotes, CIFF, Image] 0 - File Format: JPEG_(lossy)
[MakerNotes, CIFF, Image] 1 - Target Compression Ratio: #
[MakerNotes, CIFF, Image] 0 - Image Width: ###
[MakerNotes, CIFF, Image] 1 - Image Height: ###
[MakerNotes, CIFF, Image] 2 - Pixel Aspect Ratio: #
[MakerNotes, CIFF, Image] 3 - Rotation: #
[MakerNotes, CIFF, Image] 4 - Component Bit Depth: #
[MakerNotes, CIFF, Image] 5 - Color Bit Depth: ##
[MakerNotes, CIFF, Image] 6 - Color BW: #
[MakerNotes, CIFF, Camera] 4106 - Target Image Type: Real-world_Subject
[MakerNotes, CIFF, Camera] 6148 - Record ID: #
[MakerNotes, CIFF, Image] 6167 - File Number: ##
[MakerNotes, CIFF, Time] 0 - Date/Time Original: ####:##:##_##:##:##
[MakerNotes, CIFF, Time] 1 - Time Zone Code: #
[MakerNotes, CIFF, Time] 2 - Time Zone Info: #
[MakerNotes, CIFF, Camera] 2070 - Original File Name: C:\DC##\CTG_####\AUT_####.JPG
[MakerNotes, CIFF, Camera] 2071 - Thumbnail File Name: C:\DC##\CTG_####\THM_####.JPG
[MakerNotes, CIFF, Camera] 4112 - Shutter Release Method: Single_Shot
[MakerNotes, CIFF, Camera] 4113 - Shutter Release Timing: Priority_on_focus
[MakerNotes, CIFF, Image] 0 - Flash Guide Number: #
[MakerNotes, CIFF, Image] 1 - Flash Threshold: #
[MakerNotes, CIFF, Image] 0 - Exposure Compensation: #
[MakerNotes, CIFF, Image] 1 - Shutter Speed Value: #/##
[MakerNotes, CIFF, Image] 2 - Aperture Value: #.#
[MakerNotes, CIFF, Camera] 6151 - Target Distance Setting: ###_mm
[MakerNotes, CIFF, Camera] 6164 - Measured EV: ##.##
[MakerNotes, CIFF, Camera] 2053 - Canon File Description: 
[MakerNotes, CIFF, Camera] 2069 - Canon Image Type: AUT:Full_automatic_mode
[MakerNotes, CIFF, Camera] 2064 - Owner Name: 
[MakerNotes, CIFF, Camera] 0 - Make: Canon
[MakerNotes, CIFF, Camera] 6 - Camera Model Name: Canon_PowerShot_A#
[MakerNotes, CIFF, Camera] 4124 - Base ISO: ###
[MakerNotes, CIFF, Camera] 2061 - ROM Operation Mode: USA
[MakerNotes, CIFF, Camera] 2059 - Canon Firmware Version: Firmware_Version_##.##
[MakerNotes, CIFF, Camera] 1 - Free Bytes: (Binary data 12 bytes)
[MakerNotes, CIFF, Image] 0 - Focal Type: Fixed
[MakerNotes, CIFF, Image] 1 - Focal Length: #_mm
[MakerNotes, CIFF, Image] 2 - Focal Plane X Size: #.##_mm
[MakerNotes, CIFF, Image] 3 - Focal Plane Y Size: #.##_mm
[MakerNotes, Qualcomm, Camera] aec_current_sensor_luma - AEC Current Sensor Luma: ##
[MakerNotes, Qualcomm, Camera] af_position - AF Position: ##
[MakerNotes, Qualcomm, Camera] aec_current_exp_index - AEC Current Exp Index: ###
[MakerNotes, Qualcomm, Camera] awb_sample_decision - AWB Sample Decision: #
[MakerNotes, Qualcomm, Camera] asf5_enable - ASF5 Enable: #
[MakerNotes, Qualcomm, Camera] asf5_filter_mode - ASF5 Filter Mode: #
[MakerNotes, Qualcomm, Camera] asf5_exposure_index_1 - ASF5 Exposure Index 1: ###
[MakerNotes, Qualcomm, Camera] asf5_exposure_index_2 - ASF5 Exposure Index 2: ###
[MakerNotes, Qualcomm, Camera] asf5_max_exposure_index - ASF5 Max Exposure Index: ###
[MakerNotes, Samsung, Other] 0x0100-name - Embedded Audio File Name: SoundShot_###
[MakerNotes, Samsung, Audio] 0x0100 - Embedded Audio File: (Binary data 16 bytes)
[APP0, AVI1, Image] 0 - Interleaved Field: Not_Interleaved
[XMP, XMP-x, Document] xmptk - XMP Toolkit: Image::ExifTool_#.##
[XMP, XMP-rdf, Document] about - About: uuid:#####b##-####-fa##-####-#f#ed##cd##d
[XMP, XMP-dc, Author] creator - Creator: Phil_Harvey
[XMP, XMP-dc, Image] description - Description: UTF-##_(big-endian)_encoded_XMP
[XMP, XMP-dc, Author] rights - Rights: Copyright_####_Phil_Harvey
[XMP, XMP-dc, Image] subject - Subject: ExifTool, Test, XMP
[XMP, XMP-dc, Image] title - Title: Test_IPTC_picture
[XMP, XMP-photoshop, Author] AuthorsPosition - Authors Position: My_Position
[XMP, XMP-photoshop, Author] CaptionWriter - Caption Writer: I_wrote_it
[XMP, XMP-photoshop, Image] Category - Category: #
[XMP, XMP-photoshop, Location] City - City: Kingston
[XMP, XMP-photoshop, Location] Country - Country: Canada
[XMP, XMP-photoshop, Author] Credit - Credit: My_Credit
[XMP, XMP-photoshop, Time] DateCreated - Date Created: ####:##:##
[XMP, XMP-photoshop, Image] Headline - Headline: No_headline
[XMP, XMP-photoshop, Image] Instructions - Instructions: What_instructions
[XMP, XMP-photoshop, Author] Source - Source: I'm_the_source
[XMP, XMP-photoshop, Location] State - State: Ont
[XMP, XMP-photoshop, Image] SupplementalCategories - Supplemental Categories: amazing, image, utilities
[XMP, XMP-photoshop, Image] TransmissionReference - Transmission Reference: What_is_a_transmission_reference?
[XMP, XMP-photoshop, Image] Urgency - Urgency: #_(least_urgent)
[XMP, XMP-xmpBJ, Other] JobRefName - Job Ref Name: My_Job
[XMP, XMP-xmpMM, Other] DocumentID - Document ID: adobe:docid:photoshop:#cc#b###-##d#-##d#-#ac#-bb##c##f#d#a
[XMP, XMP-xmpRights, Author] Marked - Marked: False
[XMP, XMP-xmpRights, Author] WebStatement - Web Statement: https://exiftool.org/
[ICC_Profile, ICC-header, Image] 4 - Profile CMM Type: Adobe_Systems_Inc.
[ICC_Profile, ICC-header, Image] 8 - Profile Version: #.#.#
[ICC_Profile, ICC-header, Image] 12 - Profile Class: Display_Device_Profile
[ICC_Profile, ICC-header, Image] 16 - Color Space Data: RGB_
[ICC_Profile, ICC-header, Image] 20 - Profile Connection Space: XYZ_
[ICC_Profile, ICC-header, Time] 24 - Profile Date Time: ####:##:##_##:##:##
[ICC_Profile, ICC-header, Image] 36 - Profile File Signature: acsp
[ICC_Profile, ICC-header, Image] 40 - Primary Platform: Apple_Computer_Inc.
[ICC_Profile, ICC-header, Image] 44 - CMM Flags: Not_Embedded,_Independent
[ICC_Profile, ICC-header, Image] 48 - Device Manufacturer: none
[ICC_Profile, ICC-header, Image] 52 - Device Model: 
[ICC_Profile, ICC-header, Image] 56 - Device Attributes: Reflective,_Glossy,_Positive,_Color
[ICC_Profile, ICC-header, Image] 64 - Rendering Intent: Perceptual
[ICC_Profile, ICC-header, Image] 68 - Connection Space Illuminant: #.####_#_#.#####
[ICC_Profile, ICC-header, Image] 80 - Profile Creator: Adobe_Systems_Inc.
[ICC_Profile, ICC-header, Image] 84 - Profile ID: #
[ICC_Profile, ICC_Profile, Image] cprt - Profile Copyright: Copyright_####_Adobe_Systems_Incorporated
[ICC_Profile, ICC_Profile, Image] desc - Profile Description: Adobe_RGB_(####)
[ICC_Profile, ICC_Profile, Image] wtpt - Media White Point: #.#####_#_#.#####
[ICC_Profile, ICC_Profile, Image] bkpt - Media Black Point: #_#_#
[ICC_Profile, ICC_Profile, Image] rTRC - Red Tone Reproduction Curve: (Binary data 14 bytes)
[ICC_Profile, ICC_Profile, Image] gTRC - Green Tone Reproduction Curve: (Binary data 14 bytes)
[ICC_Profile, ICC_Profile, Image] bTRC - Blue Tone Reproduction Curve: (Binary data 14 bytes)
[ICC_Profile, ICC_Profile, Image] rXYZ - Red Matrix Column: #.#####_#.#####_#.#####
[ICC_Profile, ICC_Profile, Image] gXYZ - Green Matrix Column: #.#####_#.#####_#.#####
[ICC_Profile, ICC_Profile, Image] bXYZ - Blue Matrix Column: #.#####_#.#####_#.#####
[FlashPix, FlashPix, Other] 1 - Code Page: Unicode_UTF-##,_little_endian
[FlashPix, FlashPix, Other] 268435456 - Used Extension Numbers: #
[FlashPix, FlashPix, Other] 1 - Extension Name: Screen_nail
[FlashPix, FlashPix, Other] 2 - Extension Class ID: ########-#FC#-##D#-BD##-########A###
[FlashPix, FlashPix, Other] 3 - Extension Persistence: Invalidated_By_Modification
[FlashPix, FlashPix, Time] 4 - Extension Create Date: ####:##:##_##:##:##
[FlashPix, FlashPix, Time] 5 - Extension Modify Date: ####:##:##_##:##:##
[FlashPix, FlashPix, Other] 6 - Creating Application: Digita
[FlashPix, FlashPix, Other] 7 - Extension Description: Presized_image_for_LCD_display
[FlashPix, FlashPix, Other] 4096 - Storage-Stream Pathname: /.Screen_Nail_bd##########a###
[FlashPix, FlashPix, Other] Screen Nail - Screen Nail: (Binary data 5917 bytes)
[FlashPix, FlashPix, Preview] FlashPix-PreviewImage - Preview Image: (Binary data 5777 bytes)
[MPF, MPF0, Image] 45056 - MPF Version: ####
[MPF, MPF0, Image] 45057 - Number Of Images: #
[MPF, MPImage1, Image] 0.1 - MP Image Flags: Dependent_parent_image
[MPF, MPImage1, Image] 0.2 - MP Image Format: JPEG
[MPF, MPImage1, Image] 0.3 - MP Image Type: Baseline_MP_Primary_Image
[MPF, MPImage1, Image] 4 - MP Image Length: #######
[MPF, MPImage1, Image] 8 - MP Image Start: #
[MPF, MPImage1, Image] 12 - Dependent Image 1 Entry Number: #
[MPF, MPImage1, Image] 14 - Dependent Image 2 Entry Number: #
[MPF, MPImage2, Image] 0.1 - MP Image Flags: Dependent_child_image
[MPF, MPImage2, Image] 0.2 - MP Image Format: JPEG
[MPF, MPImage2, Image] 0.3 - MP Image Type: Large_Thumbnail_(full_HD_equivalent)
[MPF, MPImage2, Image] 4 - MP Image Length: #######
[MPF, MPImage2, Image] 8 - MP Image Start: #######
[MPF, MPImage2, Image] 12 - Dependent Image 1 Entry Number: #
[MPF, MPImage2, Image] 14 - Dependent Image 2 Entry Number: #
[MPF, MPImage2, Preview] PreviewImage - Preview Image: (Binary data 25 bytes)
[Meta, MetaIFD, Image] 50000 - Film Product Code: ##
[Meta, MetaIFD, Image] 50001 - Image Source EK: #
[Meta, MetaIFD, Image] 50002 - Capture Conditions PAR: #
[Meta, MetaIFD, Image] 50009 - Frame Number: #
[Meta, MetaIFD, Image] 50010 - Film Category: #
[Meta, MetaIFD, Image] 50011 - Film Gencode: #
[Meta, MetaIFD, Image] 50012 - Model And Version: Version_#
[Meta, MetaIFD, Image] 50013 - Film Size: #
[Meta, MetaIFD, Image] 50014 - SBA RGB Shifts: #_#_#
[Meta, MetaIFD, Image] 50015 - SBA Input Image Colorspace: #
[Meta, MetaIFD, Image] 50016 - SBA Input Image Bit Depth: ##_##_##
[Meta, MetaIFD, Image] 50017 - SBA Exposure Record: (Binary data 368 bytes)
[Meta, MetaIFD, Image] 50018 - User Adj SBA RGB Shifts: (Binary data 5 bytes)
[Meta, MetaIFD, Image] 50019 - Image Rotation Status: #
[Meta, MetaIFD, Image] 50020 - Roll Guid Elements: ################################
[Meta, MetaIFD, Image] 50021 - Metadata Number: ####
[APP5, RMETA, Image] Sign type - Sign Type: Information
[APP5, RMETA, Image] Location - Location: Roundabout
[APP5, RMETA, Image] Lit - Lit: No
[APP5, RMETA, Image] Condition - Condition: Good
[APP5, RMETA, Image] Azimuth - Azimuth: E
[PrintIM, PrintIM, Printing] PrintIMVersion - PrintIM Version: ####
[APP6, NITF, Image] 0 - NITF Version: #.##
[APP6, NITF, Image] 2 - Image Format: IMode_B
[APP6, NITF, Image] 3 - Blocks Per Row: #
[APP6, NITF, Image] 5 - Blocks Per Column: #
[APP6, NITF, Image] 7 - Image Color: Monochrome
[APP6, NITF, Image] 8 - Bit Depth: #
[APP6, NITF, Image] 9 - Image Class: General_Purpose
[APP6, NITF, Image] 10 - JPEG Process: Baseline_sequential_DCT,_Huffman_coding,_#-bit_samples
[APP6, NITF, Image] 11 - Quality: #
[APP6, NITF, Image] 12 - Stream Color: Monochrome
[APP6, NITF, Image] 13 - Stream Bit Depth: #
[APP6, NITF, Image] 14 - Flags: #x#######
[XML, MediaJukebox, Image] Tool_Name - Tool Name: Media_Center
[XML, MediaJukebox, Image] Tool_Version - Tool Version: ##.#.##
[XML, MediaJukebox, Image] People - People: Santa
[XML, MediaJukebox, Image] Places - Places: Jamaica
[XML, MediaJukebox, Time] Date - Date: ####:##:##_##:##:##
[XML, MediaJukebox, Image] Album - Album: ####-##-##
[XML, MediaJukebox, Image] Name - Name: Glass_home_at_night
[APP11, JPEG-HDR, Image] ver - JPEG-HDR Version: ##
[APP11, JPEG-HDR, Image] ln0 - Ln0: #.######
[APP11, JPEG-HDR, Image] ln1 - Ln1: #.######
[APP11, JPEG-HDR, Image] s2n - S2n: #.######e+##
[APP11, JPEG-HDR, Image] alp - Alpha: #.######
[APP11, JPEG-HDR, Image] bet - Beta: #.######
[APP11, JPEG-HDR, Image] cor - Correction Method: #
[APP11, JPEG-HDR, Preview] RatioImage - Ratio Image: (Binary data 19 bytes)
[JUMBF, JUMBF, Image] type - JUMD Type: (cacb)-####-####-######aa#####b##
[JUMBF, JUMBF, Image] label - JUMD Label: cai
[JUMBF, JUMBF, Image] type - JUMD Type: (cast)-####-####-######aa#####b##
[JUMBF, JUMBF, Image] label - JUMD Label: cb.reuters_#
[JUMBF, JUMBF, Image] type - JUMD Type: (caas)-####-####-######aa#####b##
[JUMBF, JUMBF, Image] label - JUMD Label: cai.assertions
[JUMBF, JUMBF, Image] type - JUMD Type: (json)-####-####-######aa#####b##
[JUMBF, JUMBF, Image] label - JUMD Label: adobe.asset.info
[JUMBF, JSON, Other] title - Title: HEALTHCORONAVIRUSUSAOREGON_SALEM_##.jpg
[JUMBF, JUMBF, Image] type - JUMD Type: (json)-####-####-######aa#####b##
[JUMBF, JUMBF, Image] label - JUMD Label: cai.location.broad
[JUMBF, JSON, Other] location - Location: Salem,_Oregon
[JUMBF, JUMBF, Image] type - JUMD Type: (json)-####-####-######aa#####b##
[JUMBF, JUMBF, Image] label - JUMD Label: cai.rights
[JUMBF, JSON, Other] copyright - Copyright: Alisha_Jucevic
[APP12, PictureInfo, Time] TimeDate - Date/Time Original: ####:##:##_##:##:##
[APP12, PictureInfo, Image] Shutter - Exposure Time: #/###
[APP12, PictureInfo, Image] Flash - Flash: Off
[APP12, PictureInfo, Image] Resolution - Resolution: #
[APP12, PictureInfo, Image] Protect - Protect: #
[APP12, PictureInfo, Image] ContTake - Cont Take: #
[APP12, PictureInfo, Image] ImageSize - Image Size: ####x###
[APP12, PictureInfo, Image] ColorMode - Color Mode: #
[APP12, PictureInfo, Image] FNumber - F Number: ##.#
[APP12, PictureInfo, Image] Zoom - Zoom: #.#
[APP12, PictureInfo, Image] Macro - Macro: Off
[APP12, PictureInfo, Image] LightS - Light S: #
[APP12, PictureInfo, Image] ExpBias - Exposure Compensation: +#.#
[APP12, PictureInfo, Camera] Type - Camera Type: SR##
[APP12, PictureInfo, Camera] Serial# - Serial Number: #########
[APP12, PictureInfo, Camera] Version - Version: v##-##
[APP12, PictureInfo, Camera] ID - ID: AGFA_DIGITAL_CAMERA
[APP12, PictureInfo, Image] PicLen - Pic Len: ######
[APP12, PictureInfo, Image] ThmLen - Thm Len: ####
[APP12, PictureInfo, Image] Q - Tag Q: ##
[APP12, PictureInfo, Image] R - Tag R: ###
[APP12, PictureInfo, Image] B - Tag B: ###
[APP12, PictureInfo, Image] s0 - S0: #e#,#,##b#,#f##,##cf,####,####,#######,a#e####,#,#f####d,#f###c#,#######,#,#
[APP12, PictureInfo, Image] T0 - T0: ##b#####,#######,e##c#f,#,#,#
[Ducky, Ducky, Image] 1 - Quality: ##%
[Ducky, Ducky, Author] 3 - Copyright: Copyright_####_Phil_Harvey
[IPTC, IPTC, Other] 0 - Application Record Version: #
[IPTC, IPTC, Other] 120 - Caption-Abstract: A_witty_caption
[IPTC, IPTC, Author] 122 - Writer-Editor: I_wrote_it
[IPTC, IPTC, Other] 105 - Headline: No_headline
[IPTC, IPTC, Other] 40 - Special Instructions: What_instructions
[IPTC, IPTC, Author] 80 - By-line: Phil_Harvey
[IPTC, IPTC, Author] 85 - By-line Title: My_Position
[IPTC, IPTC, Author] 110 - Credit: My_Credit
[IPTC, IPTC, Other] 5 - Object Name: Test_IPTC_picture
[IPTC, IPTC, Time] 55 - Date Created: ####:##:##
[IPTC, IPTC, Location] 90 - City: Kingston
[IPTC, IPTC, Location] 95 - Province-State: Ont
[IPTC, IPTC, Location] 101 - Country-Primary Location Name: Canada
[IPTC, IPTC, Other] 103 - Original Transmission Reference: What_is_a_transmission_reference
[IPTC, IPTC, Other] 15 - Category: #
[IPTC, IPTC, Other] 20 - Supplemental Categories: amazing, image, utilities
[IPTC, IPTC, Author] 116 - Copyright Notice: Copyright_####_Phil_Harvey
[IPTC, IPTC, Other] 10 - Urgency: #_(least_urgent)
[IPTC, IPTC, Author] 115 - Source: I'm_the_source
[IPTC, IPTC, Other] 25 - Keywords: jambalaya
[IPTC, IPTC2, Other] 0 - Application Record Version: #
[IPTC, IPTC3, Other] 0 - Application Record Version: #
[IPTC, IPTC3, Other] 15 - Category: p
[IPTC, IPTC3, Time] 55 - Date Created: ####:##:##
[IPTC, IPTC3, Other] 5 - Object Name: object_name
[IPTC, IPTC3, Other] 10 - Urgency: #
[IPTC, IPTC3, Other] 20 - Supplemental Categories: supp_cat
[IPTC, IPTC3, Other] 40 - Special Instructions: special_instructions
[IPTC, IPTC3, Author] 80 - By-line: byline
[IPTC, IPTC3, Author] 85 - By-line Title: byline_title
[IPTC, IPTC3, Location] 90 - City: city
[IPTC, IPTC3, Location] 101 - Country-Primary Location Name: country_name
[IPTC, IPTC3, Other] 103 - Original Transmission Reference: otr
[IPTC, IPTC3, Other] 105 - Headline: headline
[IPTC, IPTC3, Author] 110 - Credit: credit
[IPTC, IPTC3, Author] 115 - Source: source
[IPTC, IPTC3, Author] 116 - Copyright Notice: copy_freely
[IPTC, IPTC3, Other] 120 - Caption-Abstract: ExifTool_AFCP_test
[IPTC, IPTC3, Author] 122 - Writer-Editor: caption_writer
[IPTC, IPTC3, Location] 95 - Province-State: state
[IPTC, IPTC3, Other] 25 - Keywords: jambalaya
[Photoshop, Photoshop, Image] 1061 - IPTC Digest: ##ad####b#a##f#f####ac###fa###da
[Photoshop, Photoshop, Image] 0 - X Resolution: ##
[Photoshop, Photoshop, Image] 2 - Displayed Units X: inches
[Photoshop, Photoshop, Image] 4 - Y Resolution: ##
[Photoshop, Photoshop, Image] 6 - Displayed Units Y: inches
[Photoshop, Photoshop, Image] 0 - Print Style: Centered
[Photoshop, Photoshop, Image] 2 - Print Position: #_#
[Photoshop, Photoshop, Image] 10 - Print Scale: #
[Photoshop, Photoshop, Image] 1037 - Global Angle: ##
[Photoshop, Photoshop, Image] 1049 - Global Altitude: ##
[Photoshop, Photoshop, Author] 1034 - Copyright Flag: False
[Photoshop, Photoshop, Author] 1035 - URL: https://exiftool.org/____________________
[Photoshop, Photoshop, Image] 1054 - URL List: 
[Photoshop, Photoshop, Other] 20 - Slices Group Name: IPTC
[Photoshop, Photoshop, Other] 24 - Num Slices: #
[Photoshop, Photoshop, Image] 4 - Has Real Merged Data: Yes
[Photoshop, Photoshop, Image] 5 - Writer Name: Adobe_Photoshop
[Photoshop, Photoshop, Image] 9 - Reader Name: Adobe_Photoshop_#.#
[Photoshop, Photoshop, Image] 0 - Photoshop Quality: #
[Photoshop, Photoshop, Image] 1 - Photoshop Format: Standard
[ExifTool, ExifTool, ExifTool] Warning - Warning: IPTCDigest_is_not_current._XMP_may_be_out_of_sync
[APP13, AdobeCM, Image] 0 - Adobe CM Type: #
[APP14, Adobe, Image] 0 - DCT Encode Version: ###
[APP14, Adobe, Image] 1 - APP14 Flags 0: (none)
[APP14, Adobe, Image] 2 - APP14 Flags 1: (none)
[APP14, Adobe, Image] 3 - Color Transform: YCbCr
[APP15, GraphConv, Image] Q - Quality: ##
[MIE, MIE-Doc, Author] Copyright - Copyright: ©_####_Phil_Harvey
[MIE, MIE-Main, Other] zmie - Trailer Signature: 
[PhotoMechanic, PhotoMechanic, Image] 221 - Tagged: Yes
[PhotoMechanic, PhotoMechanic, Image] 222 - Color Class: #_(Typical_alt)
[PhotoMechanic, PhotoMechanic, Image] 216 - Rotation: ###
[PhotoMechanic, PhotoMechanic, Image] 217 - Crop Left: ###
[PhotoMechanic, PhotoMechanic, Image] 218 - Crop Top: ###
[PhotoMechanic, PhotoMechanic, Image] 219 - Crop Right: ###
[PhotoMechanic, PhotoMechanic, Image] 220 - Crop Bottom: ####
[CanonVRD, CanonVRD, Image] 2 - VRD Version: #.#.#
[CanonVRD, CanonVRD, Image] 6 - WB Adj RGGB Levels: #_#_#_#
[CanonVRD, CanonVRD, Image] 24 - White Balance Adj: Shot_Settings
[CanonVRD, CanonVRD, Image] 26 - WB Adj Color Temp: ####
[CanonVRD, CanonVRD, Image] 36 - WB Fine Tune Active: No
[CanonVRD, CanonVRD, Image] 40 - WB Fine Tune Saturation: #
[CanonVRD, CanonVRD, Image] 44 - WB Fine Tune Tone: #
[CanonVRD, CanonVRD, Image] 46 - Raw Color Adj: Shot_Settings
[CanonVRD, CanonVRD, Image] 48 - Raw Custom Saturation: #
[CanonVRD, CanonVRD, Image] 52 - Raw Custom Tone: #
[CanonVRD, CanonVRD, Image] 56 - Raw Brightness Adj: #.##
[CanonVRD, CanonVRD, Image] 60 - Tone Curve Property: Shot_Settings
[CanonVRD, CanonVRD, Image] 122 - Dynamic Range Min: #
[CanonVRD, CanonVRD, Image] 124 - Dynamic Range Max: ####
[CanonVRD, CanonVRD, Image] 272 - Tone Curve Active: No
[CanonVRD, CanonVRD, Image] 275 - Tone Curve Mode: RGB
[CanonVRD, CanonVRD, Image] 276 - Brightness Adj: #
[CanonVRD, CanonVRD, Image] 277 - Contrast Adj: #
[CanonVRD, CanonVRD, Image] 278 - Saturation Adj: ###
[CanonVRD, CanonVRD, Image] 286 - Color Tone Adj: #
[CanonVRD, CanonVRD, Image] 294 - Luminance Curve Points: (#,#)_(###,###)
[CanonVRD, CanonVRD, Image] 336 - Luminance Curve Limits: ###_#_###_#
[CanonVRD, CanonVRD, Image] 345 - Tone Curve Interpolation: Curve
[CanonVRD, CanonVRD, Image] 352 - Red Curve Points: (#,#)_(###,###)
[CanonVRD, CanonVRD, Image] 394 - Red Curve Limits: ###_#_###_#
[CanonVRD, CanonVRD, Image] 410 - Green Curve Points: (#,#)_(###,###)
[CanonVRD, CanonVRD, Image] 452 - Green Curve Limits: ###_#_###_#
[CanonVRD, CanonVRD, Image] 468 - Blue Curve Points: (#,#)_(###,###)
[CanonVRD, CanonVRD, Image] 510 - Blue Curve Limits: ###_#_###_#
[CanonVRD, CanonVRD, Image] 526 - RGB Curve Points: (#,#)_(###,###)
[CanonVRD, CanonVRD, Image] 568 - RGB Curve Limits: ###_#_###_#
[CanonVRD, CanonVRD, Image] 580 - Crop Active: No
[CanonVRD, CanonVRD, Image] 582 - Crop Left: #
[CanonVRD, CanonVRD, Image] 584 - Crop Top: #
[CanonVRD, CanonVRD, Image] 586 - Crop Width: #
[CanonVRD, CanonVRD, Image] 588 - Crop Height: #
[CanonVRD, CanonVRD, Image] 602 - Sharpness Adj: #
[CanonVRD, CanonVRD, Image] 608 - Crop Aspect Ratio: Free
[CanonVRD, CanonVRD, Image] 610 - Constrained Crop Width: #
[CanonVRD, CanonVRD, Image] 614 - Constrained Crop Height: #
[CanonVRD, CanonVRD, Image] 618 - Check Mark: Clear
[CanonVRD, CanonVRD, Image] 622 - Rotation: ##
[CanonVRD, CanonVRD, Image] 624 - Work Color Space: sRGB
[FotoStation, FotoStation, Image] 0 - Original Image Width: ##
[FotoStation, FotoStation, Image] 1 - Original Image Height: ##
[FotoStation, FotoStation, Image] 2 - Color Planes: #
[FotoStation, FotoStation, Image] 3 - XY Resolution: #
[FotoStation, FotoStation, Image] 4 - Rotation: #
[FotoStation, FotoStation, Image] 6 - Crop Left: ##.###%
[FotoStation, FotoStation, Image] 7 - Crop Top: ##.##%
[FotoStation, FotoStation, Image] 8 - Crop Right: ##.###%
[FotoStation, FotoStation, Image] 9 - Crop Bottom: ##.##%
[FotoStation, FotoStation, Image] 11 - Crop Rotation: #
[Composite, Composite, Image] Exif-Aperture - Aperture: #.#
[Composite, Composite, Image] Exif-ImageSize - Image Size: #x#
[Composite, Composite, Image] Exif-Megapixels - Megapixels: #.######
[Composite, Composite, Image] Exif-ShutterSpeed - Shutter Speed: #/###
[Composite, Composite, Image] Exif-LightValue - Light Value: ##.#
[Composite, Composite, Camera] Exif-ScaleFactor35efl - Scale Factor To 35 mm Equivalent: #.#
[Composite, Composite, Camera] Exif-CircleOfConfusion - Circle Of Confusion: #.###_mm
[Composite, Composite, Image] Exif-FOV - Field Of View: ##.#_deg
[Composite, Composite, Camera] Exif-FocalLength35efl - Focal Length: #.#_mm_(##_mm_equivalent:_##.#_mm)
[Composite, Composite, Camera] Exif-HyperfocalDistance - Hyperfocal Distance: #.##_m
