[ExifTool, ExifTool, ExifTool] ExifToolVersion - ExifTool Version Number: 13.00
[File, System, Other] FileName - File Name: Font.ttf
[File, System, Other] Directory - Directory: t/images
[File, System, Other] FileSize - File Size: 1252 bytes
[File, System, Time] FileModifyDate - File Modification Date/Time: 2010:01:21 09:37:50-05:00
[File, System, Time] FileAccessDate - File Access Date/Time: 2024:10:28 15:49:02-04:00
[File, System, Time] FileInodeChangeDate - File Inode Change Date/Time: 2024:10:18 21:30:19-04:00
[File, System, Other] FilePermissions - File Permissions: -rw-r--r--
[File, File, Other] FileType - File Type: TTF
[File, File, Other] FileTypeExtension - File Type Extension: ttf
[File, File, Other] MIMEType - MIME Type: application/font-ttf
[Font, Font, Author] 0 - Copyright: © Apple Computer, Inc. 1991-1995
[Font, Font, Document] 1 - Font Family: Raanana
[Font, Font, Document] 2 - Font Subfamily: Regular
[Font, Font, Document] 3 - Font Subfamily ID: Raanana; 5.0d2e1; Wed, May 26, 2004
[Font, Font, Document] 4 - Font Name: Raanana
[Font, Font, Document] 5 - Name Table Version: 5.0d2e1
[Font, Font, Document] 6 - PostScript Font Name: Raanana
[Font, Font, Document] 8 - Manufacturer: Apple Computer, Inc.
[Font, Font, Document] 2-fr - Font Subfamily (fr): Régulier
[Font, Font, Document] 2-de - Font Subfamily (de): Normal
[Font, Font, Document] 2-it - Font Subfamily (it): Regolare
[Font, Font, Document] 2-nl-NL - Font Subfamily (nl-NL): Regelmatig
[Font, Font, Document] 2-sv - Font Subfamily (sv): Normalt
[Font, Font, Document] 2-es - Font Subfamily (es): Normal
[Font, Font, Document] 2-da - Font Subfamily (da): Almindelig
[Font, Font, Document] 2-pt - Font Subfamily (pt): Normal
[Font, Font, Document] 2-no - Font Subfamily (no): Vanlig
[Font, Font, Document] 2-fi - Font Subfamily (fi): Normaali
[Font, Font, Document] 2-ja - Font Subfamily (ja): レギュラー
[Font, Font, Document] 2-zh-TW - Font Subfamily (zh-TW): 標準體
[Font, Font, Document] 2-ko - Font Subfamily (ko): 일반
[Font, Font, Author] 0-he - Copyright (he): (c) Apple Computer, Inc. 1991-1995
[Font, Font, Document] 1-he - Font Family (he): רעננה
[Font, Font, Document] 2-he - Font Subfamily (he): Regular
[Font, Font, Document] 4-he - Font Name (he): רעננה
[Font, Font, Document] 2-zh-CN - Font Subfamily (zh-CN): 常规
