[ExifTool, ExifTool, ExifTool] ExifToolVersion - ExifTool Version Number: 10.38
[ExifTool, ExifTool, ExifTool] Warning - Warning: [minor] Suspicious MakerNotes offset for GE_0x0200
[ExifTool, ExifTool, ExifTool] Warning - Warning: [minor] Suspicious MakerNotes offset for GE_0x0206
[File, System, Image] FileName - File Name: GE.jpg
[File, System, Image] Directory - Directory: t/images
[File, System, Image] FileSize - File Size: 1467 bytes
[File, System, Time] FileModifyDate - File Modification Date/Time: 2010:12:14 19:15:30-05:00
[File, System, Time] FileAccessDate - File Access Date/Time: 2016:12:30 10:41:38-05:00
[File, System, Time] FileInodeChangeDate - File Inode Change Date/Time: 2015:03:07 15:31:15-05:00
[File, System, Image] FilePermissions - File Permissions: rw-r--r--
[File, File, Image] FileType - File Type: JPEG
[File, File, Image] FileTypeExtension - File Type Extension: jpg
[File, File, Image] MIMEType - MIME Type: image/jpeg
[File, File, Image] ExifByteOrder - Exif Byte Order: Big-endian (Motorola, MM)
[File, File, Image] ImageWidth - Image Width: 8
[File, File, Image] ImageHeight - Image Height: 8
[File, File, Image] EncodingProcess - Encoding Process: Baseline DCT, Huffman coding
[File, File, Image] BitsPerSample - Bits Per Sample: 8
[File, File, Image] ColorComponents - Color Components: 3
[File, File, Image] YCbCrSubSampling - Y Cb Cr Sub Sampling: YCbCr4:2:0 (2 2)
[JFIF, JFIF, Image] 0 - JFIF Version: 1.01
[JFIF, JFIF, Image] 2 - Resolution Unit: inches
[JFIF, JFIF, Image] 3 - X Resolution: 96
[JFIF, JFIF, Image] 5 - Y Resolution: 96
[EXIF, IFD0, Image] 270 - Image Description: GE DIGITAL CAMERA
[EXIF, IFD0, Camera] 271 - Make: General Imaging Co.
[EXIF, IFD0, Camera] 272 - Camera Model Name: E1035
[EXIF, IFD0, Image] 274 - Orientation: Horizontal (normal)
[EXIF, IFD0, Image] 282 - X Resolution: 96
[EXIF, IFD0, Image] 283 - Y Resolution: 96
[EXIF, IFD0, Image] 296 - Resolution Unit: inches
[EXIF, IFD0, Image] 305 - Software: GIMP 2.6.3
[EXIF, IFD0, Time] 306 - Modify Date: 2009:07:05 23:58:52
[EXIF, IFD0, Image] 531 - Y Cb Cr Positioning: Co-sited
[EXIF, ExifIFD, Image] 33434 - Exposure Time: 1/77
[EXIF, ExifIFD, Image] 33437 - F Number: 5.1
[EXIF, ExifIFD, Camera] 34850 - Exposure Program: Program AE
[EXIF, ExifIFD, Image] 34855 - ISO: 64
[EXIF, ExifIFD, Image] 36864 - Exif Version: 0221
[EXIF, ExifIFD, Time] 36867 - Date/Time Original: 2008:09:17 04:18:57
[EXIF, ExifIFD, Time] 36868 - Create Date: 2008:09:17 04:18:57
[EXIF, ExifIFD, Image] 37121 - Components Configuration: Y, Cb, Cr, -
[EXIF, ExifIFD, Image] 37377 - Shutter Speed Value: 1/77
[EXIF, ExifIFD, Image] 37378 - Aperture Value: 5.1
[EXIF, ExifIFD, Image] 37380 - Exposure Compensation: 0
[EXIF, ExifIFD, Camera] 37381 - Max Aperture Value: 5.1
[EXIF, ExifIFD, Camera] 37383 - Metering Mode: Average
[EXIF, ExifIFD, Camera] 37384 - Light Source: Unknown
[EXIF, ExifIFD, Camera] 37385 - Flash: Auto, Did not fire
[EXIF, ExifIFD, Camera] 37386 - Focal Length: 22.5 mm
[EXIF, ExifIFD, Image] 37510 - User Comment: R:  139 G:  255 B:  189 X:39852 Y:    0 S:    0 Zs:   6 Zp: 115 F:  531 I:    1 ImgVer:08.01.09.10
[EXIF, ExifIFD, Image] 40960 - Flashpix Version: 0100
[EXIF, ExifIFD, Image] 40961 - Color Space: sRGB
[EXIF, ExifIFD, Image] 40962 - Exif Image Width: 0
[EXIF, ExifIFD, Image] 40963 - Exif Image Height: 0
[EXIF, InteropIFD, Image] 1 - Interoperability Index: R98 - DCF basic file (sRGB)
[EXIF, InteropIFD, Image] 2 - Interoperability Version: 0100
[EXIF, ExifIFD, Image] 41728 - File Source: Digital Camera
[EXIF, ExifIFD, Image] 41985 - Custom Rendered: Normal
[EXIF, ExifIFD, Camera] 41986 - Exposure Mode: Auto
[EXIF, ExifIFD, Camera] 41987 - White Balance: Auto
[EXIF, ExifIFD, Camera] 41988 - Digital Zoom Ratio: 1
[EXIF, ExifIFD, Camera] 41990 - Scene Capture Type: Standard
[EXIF, ExifIFD, Camera] 41991 - Gain Control: None
[EXIF, IFD1, Image] 259 - Compression: JPEG (old-style)
[EXIF, IFD1, Image] 282 - X Resolution: 0.01041666667
[EXIF, IFD1, Image] 283 - Y Resolution: 0.01041666667
[EXIF, IFD1, Image] 296 - Resolution Unit: inches
[EXIF, IFD1, Image] 513 - Thumbnail Offset: 1190
[EXIF, IFD1, Image] 514 - Thumbnail Length: 28
[EXIF, IFD1, Preview] ThumbnailImage - Thumbnail Image: (Binary data 28 bytes)
[MakerNotes, GE, Camera] 260 - GE 0x0104: 1694568960
[MakerNotes, GE, Camera] 514 - Macro: Off
[MakerNotes, GE, Camera] 515 - GE 0x0203: 0
[MakerNotes, GE, Camera] 516 - GE 0x0204: 1
[MakerNotes, GE, Camera] 517 - GE 0x0205: 9.47
[MakerNotes, GE, Camera] 519 - GE Model: E1035
[MakerNotes, GE, Camera] 768 - GE Make: GE DIGITAL CAMERA
[MakerNotes, GE, Camera] 1280 - GE 0x0500: 0
[MakerNotes, GE, Camera] 1536 - GE 0x0600: 0
[Composite, Composite, Image] Aperture - Aperture: 5.1
[Composite, Composite, Image] ImageSize - Image Size: 8x8
[Composite, Composite, Image] Megapixels - Megapixels: 0.000064
[Composite, Composite, Image] ShutterSpeed - Shutter Speed: 1/77
[Composite, Composite, Camera] FocalLength35efl - Focal Length: 22.5 mm
[Composite, Composite, Image] LightValue - Light Value: 11.6
