[ExifTool, ExifTool, Location] GeolocationWarning - Geolocation Warning: Search matched 2 cities
[ExifTool, ExifTool, Location] GeolocationCity - Geolocation City: Munich
[ExifTool, ExifTool, Location] GeolocationRegion - Geolocation Region: Bavaria
[ExifTool, ExifTool, Location] GeolocationSubregion - Geolocation Subregion: Upper Bavaria
[ExifTool, ExifTool, Location] GeolocationCountryCode - Geolocation Country Code: DE
[ExifTool, ExifTool, Location] GeolocationCountry - Geolocation Country: Germany
[ExifTool, ExifTool, Location] GeolocationTimeZone - Geolocation Time Zone: Europe/Berlin
[ExifTool, ExifTool, Location] GeolocationFeatureCode - Geolocation Feature Code: PPLA
[ExifTool, ExifTool, Location] GeolocationFeatureType - Geolocation Feature Type: Seat of a First-order Administrative Division
[ExifTool, ExifTool, Location] GeolocationPopulation - Geolocation Population: 1300000
[ExifTool, ExifTool, Location] GeolocationPosition - Geolocation Position: 48.1375, 11.5755
[ExifTool, ExifTool, Location] GeolocationDistance - Geolocation Distance: 0.00 km
[ExifTool, ExifTool, Location] GeolocationBearing - Geolocation Bearing: 0
[ExifTool, ExifTool, Location] GeolocationCity - Geolocation City: Unterföhring
[ExifTool, ExifTool, Location] GeolocationRegion - Geolocation Region: Bavaria
[ExifTool, ExifTool, Location] GeolocationSubregion - Geolocation Subregion: Upper Bavaria
[ExifTool, ExifTool, Location] GeolocationCountryCode - Geolocation Country Code: DE
[ExifTool, ExifTool, Location] GeolocationCountry - Geolocation Country: Germany
[ExifTool, ExifTool, Location] GeolocationTimeZone - Geolocation Time Zone: Europe/Berlin
[ExifTool, ExifTool, Location] GeolocationFeatureCode - Geolocation Feature Code: PPLA4
[ExifTool, ExifTool, Location] GeolocationFeatureType - Geolocation Feature Type: Seat of a Fourth-order Administrative Division
[ExifTool, ExifTool, Location] GeolocationPopulation - Geolocation Population: 11000
[ExifTool, ExifTool, Location] GeolocationPosition - Geolocation Position: 48.1926, 11.6428
[ExifTool, ExifTool, Location] GeolocationDistance - Geolocation Distance: 7.90 km
[ExifTool, ExifTool, Location] GeolocationBearing - Geolocation Bearing: 51
