BackgroundColor: 0
BitsPerPixel: 8
BlueMatrixColumn: 0.1492 0.06322 0.74463
BlueTRC: (Binary data 14 bytes)
CMMFlags: Not Embedded, Independent
ColorResolutionDepth: 8
ColorSpaceData: RGB 
Comment: SCANNERMAKER: Canon;;SCANNER: Canon EOS DIGITAL REBEL;;SOFTWARE: GraphicConverter;;DATE: 2004:02:20 08:07:49;;DESCRIPTION: The picture caption;;;;Ignored Tags: $02BC, $9000, $9004, $9101, $9286, $A000, $A001, $A002, $A003, $A20E, $A20F, $A210, $A217, $A300, $A401, $A402, $A403, $A406;;
ConnectionSpaceIlluminant: 0.9642 1 0.82491
DeviceAttributes: Reflective, Glossy, Positive, Color
DeviceManufacturer: none
DeviceModel: 
ExifToolVersion: 12.42
FileSize: 2.3 kB
FileType: GIF
FileTypeExtension: gif
GIFVersion: 89a
GreenMatrixColumn: 0.20525 0.62566 0.06087
GreenTRC: (Binary data 14 bytes)
HasColorMap: Yes
ImageHeight: 8
ImageSize: 8x8
ImageWidth: 8
MIMEType: image/gif
MediaWhitePoint: 0.9505 1 1.0891
Megapixels: 0.000064
PixelAspectRatio: 1
PrimaryPlatform: Apple Computer Inc.
ProfileCMMType: Nikon Corporation
ProfileClass: Display Device Profile
ProfileConnectionSpace: XYZ 
ProfileCopyright: Nikon Inc. & Nikon Corporation 2001
ProfileCreator: 
ProfileDateTime: 1999:12:07 18:59:22
ProfileDescription: Nikon Adobe RGB 4.0.0.3000
ProfileFileSignature: acsp
ProfileID: 0
ProfileVersion: 2.2.0
RedMatrixColumn: 0.60976 0.31113 0.01947
RedTRC: (Binary data 14 bytes)
RenderingIntent: Perceptual
Title: GIF with XMP
XMPToolkit: Image::ExifTool 7.27
