[ExifTool, ExifTool, ExifTool] ExifToolVersion - ExifTool Version Number: 13.37
[ExifTool, ExifTool, ExifTool] Warning - Warning: [minor] Error reading GainMap image/jpeg from trailer
[File, System, Other] FileName - File Name: Google.jpg
[File, System, Other] Directory - Directory: t/images
[File, System, Other] FileSize - File Size: 41 kB
[File, System, Time] FileModifyDate - File Modification Date/Time: 2025:09:20 17:57:30-04:00
[File, System, Time] FileAccessDate - File Access Date/Time: 2025:09:21 18:59:08-04:00
[File, System, Time] FileInodeChangeDate - File Inode Change Date/Time: 2025:09:20 18:02:56-04:00
[File, System, Other] FilePermissions - File Permissions: -rw-r--r--
[File, File, Other] FileType - File Type: JPEG
[File, File, Other] FileTypeExtension - File Type Extension: jpg
[File, File, Other] MIMEType - MIME Type: image/jpeg
[File, File, Image] ExifByteOrder - Exif Byte Order: Little-endian (Intel, II)
[File, File, Image] ImageWidth - Image Width: 8
[File, File, Image] ImageHeight - Image Height: 8
[File, File, Image] EncodingProcess - Encoding Process: Baseline DCT, Huffman coding
[File, File, Image] BitsPerSample - Bits Per Sample: 8
[File, File, Image] ColorComponents - Color Components: 3
[File, File, Image] YCbCrSubSampling - Y Cb Cr Sub Sampling: YCbCr4:2:0 (2 2)
[EXIF, IFD0, Camera] 271 - Make: Google
[EXIF, IFD0, Camera] 272 - Camera Model Name: Pixel 8 Pro
[EXIF, IFD0, Image] 274 - Orientation: Horizontal (normal)
[EXIF, IFD0, Image] 282 - X Resolution: 72
[EXIF, IFD0, Image] 283 - Y Resolution: 72
[EXIF, IFD0, Image] 296 - Resolution Unit: inches
[EXIF, IFD0, Image] 305 - Software: HDR+ 1.0.570503588zd
[EXIF, IFD0, Time] 306 - Modify Date: 2023:10:06 22:53:51
[EXIF, IFD0, Image] 531 - Y Cb Cr Positioning: Centered
[EXIF, ExifIFD, Image] 33434 - Exposure Time: 1/33
[EXIF, ExifIFD, Image] 33437 - F Number: 1.7
[EXIF, ExifIFD, Camera] 34850 - Exposure Program: Program AE
[EXIF, ExifIFD, Image] 34855 - ISO: 1160
[EXIF, ExifIFD, Image] 36864 - Exif Version: 0232
[EXIF, ExifIFD, Time] 36867 - Date/Time Original: 2023:10:06 22:53:51
[EXIF, ExifIFD, Time] 36868 - Create Date: 2023:10:06 22:53:51
[EXIF, ExifIFD, Time] 36880 - Offset Time: +02:00
[EXIF, ExifIFD, Time] 36881 - Offset Time Original: +02:00
[EXIF, ExifIFD, Time] 36882 - Offset Time Digitized: +02:00
[EXIF, ExifIFD, Image] 37121 - Components Configuration: Y, Cb, Cr, -
[EXIF, ExifIFD, Image] 37377 - Shutter Speed Value: 1/33
[EXIF, ExifIFD, Image] 37378 - Aperture Value: 1.7
[EXIF, ExifIFD, Image] 37379 - Brightness Value: -1.98
[EXIF, ExifIFD, Image] 37380 - Exposure Compensation: 0
[EXIF, ExifIFD, Camera] 37381 - Max Aperture Value: 1.7
[EXIF, ExifIFD, Camera] 37382 - Subject Distance: 17.853 m
[EXIF, ExifIFD, Camera] 37383 - Metering Mode: Center-weighted average
[EXIF, ExifIFD, Camera] 37385 - Flash: Off, Did not fire
[EXIF, ExifIFD, Camera] 37386 - Focal Length: 6.9 mm
[EXIF, ExifIFD, Time] 37520 - Sub Sec Time: 724
[EXIF, ExifIFD, Time] 37521 - Sub Sec Time Original: 724
[EXIF, ExifIFD, Time] 37522 - Sub Sec Time Digitized: 724
[EXIF, ExifIFD, Image] 40960 - Flashpix Version: 0100
[EXIF, ExifIFD, Image] 40961 - Color Space: sRGB
[EXIF, ExifIFD, Image] 40962 - Exif Image Width: 3072
[EXIF, ExifIFD, Image] 40963 - Exif Image Height: 4080
[EXIF, InteropIFD, Image] 1 - Interoperability Index: R98 - DCF basic file (sRGB)
[EXIF, InteropIFD, Image] 2 - Interoperability Version: 0100
[EXIF, ExifIFD, Camera] 41495 - Sensing Method: One-chip color area
[EXIF, ExifIFD, Image] 41729 - Scene Type: Directly photographed
[EXIF, ExifIFD, Image] 41985 - Custom Rendered: Custom
[EXIF, ExifIFD, Camera] 41986 - Exposure Mode: Auto
[EXIF, ExifIFD, Camera] 41987 - White Balance: Auto
[EXIF, ExifIFD, Camera] 41988 - Digital Zoom Ratio: 2
[EXIF, ExifIFD, Camera] 41989 - Focal Length In 35mm Format: 24 mm
[EXIF, ExifIFD, Camera] 41990 - Scene Capture Type: Standard
[EXIF, ExifIFD, Camera] 41992 - Contrast: Normal
[EXIF, ExifIFD, Camera] 41993 - Saturation: Normal
[EXIF, ExifIFD, Camera] 41994 - Sharpness: Normal
[EXIF, ExifIFD, Camera] 41996 - Subject Distance Range: Distant
[EXIF, ExifIFD, Image] 42035 - Lens Make: Google
[EXIF, ExifIFD, Image] 42036 - Lens Model: Pixel 8 Pro back camera 6.9mm f/1.68
[EXIF, ExifIFD, Image] 42080 - Composite Image: Composite Image Captured While Shooting
[EXIF, GPS, Location] 0 - GPS Version ID: 2.2.0.0
[EXIF, GPS, Location] 1 - GPS Latitude Ref: North
[EXIF, GPS, Location] 2 - GPS Latitude: 40 deg 24' 0.25"
[EXIF, GPS, Location] 3 - GPS Longitude Ref: West
[EXIF, GPS, Location] 4 - GPS Longitude: 3 deg 42' 52.73"
[EXIF, GPS, Location] 5 - GPS Altitude Ref: Above Sea Level
[EXIF, GPS, Location] 6 - GPS Altitude: 634 m
[EXIF, GPS, Time] 7 - GPS Time Stamp: 20:52:10
[EXIF, GPS, Location] 16 - GPS Img Direction Ref: Magnetic North
[EXIF, GPS, Location] 17 - GPS Img Direction: 164
[EXIF, GPS, Time] 29 - GPS Date Stamp: 2023:10:06
[EXIF, IFD1, Image] 259 - Compression: JPEG (old-style)
[EXIF, IFD1, Image] 274 - Orientation: Horizontal (normal)
[EXIF, IFD1, Image] 282 - X Resolution: 72
[EXIF, IFD1, Image] 283 - Y Resolution: 72
[EXIF, IFD1, Image] 296 - Resolution Unit: inches
[EXIF, IFD1, Image] 513 - Thumbnail Offset: 1322
[EXIF, IFD1, Image] 514 - Thumbnail Length: 23
[EXIF, IFD1, Preview] Exif-ThumbnailImage - Thumbnail Image: (Binary data 23 bytes)
[JFIF, JFIF, Image] 0 - JFIF Version: 1.02
[JFIF, JFIF, Image] 2 - Resolution Unit: None
[JFIF, JFIF, Image] 3 - X Resolution: 1
[JFIF, JFIF, Image] 5 - Y Resolution: 1
[XMP, XMP-x, Document] xmptk - XMP Toolkit: Adobe XMP Core 5.1.0-jc003
[XMP, XMP-hdrgm, Image] Version - Version: 1.0
[XMP, XMP-xmpNote, Other] HasExtendedXMP - Has Extended XMP: 22971CCA47F8A8E11D0A48E790AF56C7
[XMP, XMP-GContainer, Image] DirectoryItemMime - Directory Item Mime: image/jpeg, image/jpeg
[XMP, XMP-GContainer, Image] DirectoryItemSemantic - Directory Item Semantic: Primary, GainMap
[XMP, XMP-GContainer, Image] DirectoryItemLength - Directory Item Length: 52666
[XMP, XMP-GCamera, Camera] HdrPlusMakernote - HDR Plus Maker Note: (Binary data 38356 bytes)
[MakerNotes, Google, Image] 1-1 - Image Name: Payload frame 00
[MakerNotes, Google, Image] 1-2 - Image Data: (Binary data 212 bytes)
[MakerNotes, Google, Image] 1-1 - Image Name: Payload frame 01
[MakerNotes, Google, Image] 1-2 - Image Data: (Binary data 212 bytes)
[MakerNotes, Google, Image] 1-1 - Image Name: Payload frame 02
[MakerNotes, Google, Image] 1-2 - Image Data: (Binary data 212 bytes)
[MakerNotes, Google, Image] 1-1 - Image Name: Payload frame 03
[MakerNotes, Google, Image] 1-2 - Image Data: (Binary data 212 bytes)
[MakerNotes, Google, Image] 1-1 - Image Name: Payload frame 04
[MakerNotes, Google, Image] 1-2 - Image Data: (Binary data 212 bytes)
[MakerNotes, Google, Image] 1-1 - Image Name: Payload frame 05
[MakerNotes, Google, Image] 1-2 - Image Data: (Binary data 212 bytes)
[MakerNotes, Google, Image] 1-1 - Image Name: Payload frame 06
[MakerNotes, Google, Image] 1-2 - Image Data: (Binary data 212 bytes)
[MakerNotes, Google, Image] 1-1 - Image Name: Payload frame 07
[MakerNotes, Google, Image] 1-2 - Image Data: (Binary data 212 bytes)
[MakerNotes, Google, Image] 1-1 - Image Name: Payload frame 08
[MakerNotes, Google, Image] 1-2 - Image Data: (Binary data 212 bytes)
[MakerNotes, Google, Image] 1-1 - Image Name: Payload frame 09
[MakerNotes, Google, Image] 1-2 - Image Data: (Binary data 212 bytes)
[MakerNotes, Google, Image] 1-1 - Image Name: Payload frame 10
[MakerNotes, Google, Image] 1-2 - Image Data: (Binary data 212 bytes)
[MakerNotes, Google, Image] 1-1 - Image Name: Merged image
[MakerNotes, Google, Image] 1-2 - Image Data: (Binary data 2324 bytes)
[MakerNotes, Google, Image] 1-1 - Image Name: Finished image
[MakerNotes, Google, Image] 1-2 - Image Data: (Binary data 9236 bytes)
[MakerNotes, Google, Image] 2 - Time Log Text: (Binary data 3600 bytes)
[MakerNotes, Google, Image] 3 - Summary Text: (Binary data 13164 bytes)
[MakerNotes, Google, Image] 9-3 - Frame Count: 11
[MakerNotes, Google, Time] 9-36-1 - Create Date: 2023:10:06 16:53:51-04:00
[MakerNotes, Google, Device] 12-1 - Device Make: Google
[MakerNotes, Google, Device] 12-2 - Device Model: Pixel 8 Pro
[MakerNotes, Google, Device] 12-3 - Device Codename: husky
[MakerNotes, Google, Device] 12-4 - Device Hardware Revision: MP1.0
[MakerNotes, Google, Device] 12-6 - HDRP Software: HDR+ 1.0.570503588
[MakerNotes, Google, Device] 12-7 - Android Release: google/husky/husky:14/UD1A.230803.041/10808477:user/release-keys
[MakerNotes, Google, Time] 12-8 - Software Date: 2023:09:14 06:57:19.000-04:00
[MakerNotes, Google, Device] 12-9 - Application: com.google.android.GoogleCamera
[MakerNotes, Google, Device] 12-10 - App Version: 9.1.098.570503546.23
[MakerNotes, Google, Camera] 12-12-1 - Exposure Time Min: 2.63449996709824e-05
[MakerNotes, Google, Camera] 12-12-2 - Exposure Time Max: 32
[MakerNotes, Google, Camera] 12-13-1 - ISO Min: 20.8333320617676
[MakerNotes, Google, Camera] 12-13-2 - ISO Max: 10666.666015625
[MakerNotes, Google, Camera] 12-14 - Max Analog ISO: 666.666625976562
[Composite, Composite, Image] Exif-Aperture - Aperture: 1.7
[Composite, Composite, Image] Exif-ImageSize - Image Size: 8x8
[Composite, Composite, Image] Exif-Megapixels - Megapixels: 0.000064
[Composite, Composite, Camera] Exif-ScaleFactor35efl - Scale Factor To 35 mm Equivalent: 3.5
[Composite, Composite, Image] Exif-ShutterSpeed - Shutter Speed: 1/33
[Composite, Composite, Time] Exif-SubSecCreateDate - Create Date: 2023:10:06 22:53:51.724+02:00
[Composite, Composite, Time] Exif-SubSecDateTimeOriginal - Date/Time Original: 2023:10:06 22:53:51.724+02:00
[Composite, Composite, Time] Exif-SubSecModifyDate - Modify Date: 2023:10:06 22:53:51.724+02:00
[Composite, Composite, Location] GPS-GPSAltitude - GPS Altitude: 634 m Above Sea Level
[Composite, Composite, Time] GPS-GPSDateTime - GPS Date/Time: 2023:10:06 20:52:10Z
[Composite, Composite, Location] GPS-GPSLatitude - GPS Latitude: 40 deg 24' 0.25" N
[Composite, Composite, Location] GPS-GPSLongitude - GPS Longitude: 3 deg 42' 52.73" W
[Composite, Composite, Camera] Exif-CircleOfConfusion - Circle Of Confusion: 0.009 mm
[Composite, Composite, Image] Exif-DOF - Depth Of Field: inf (2.77 m - inf)
[Composite, Composite, Image] Exif-FOV - Field Of View: 73.7 deg
[Composite, Composite, Camera] Exif-FocalLength35efl - Focal Length: 6.9 mm (35 mm equivalent: 24.0 mm)
[Composite, Composite, Location] Exif-GPSPosition - GPS Position: 40 deg 24' 0.25" N, 3 deg 42' 52.73" W
[Composite, Composite, Camera] Exif-HyperfocalDistance - Hyperfocal Distance: 3.28 m
[Composite, Composite, Image] Exif-LightValue - Light Value: 3.0
[Composite, Composite, Camera] Exif-LensID-2 - Lens ID: Pixel 8 Pro back camera 6.9mm f/1.68
