[APP6, GoPro, Camera] DVID - Device ID: 1
[APP6, GoPro, Camera] DVNM - Device Name: Photo Global Settings
[APP6, GoPro, Camera] TICK - GoPro TICK: 85473
[APP6, GoPro, Camera] TSMP - Total Samples: 192
[APP6, GoPro, Camera] TICK - GoPro TICK: 85473
[APP6, GoPro, Camera] FMWR - Firmware Version: HD6.01.01.51.00
[APP6, GoPro, Camera] LINF - GoPro LINF: LAJ7061317601275
[APP6, GoPro, Camera] CINF - GoPro CINF: 60 49 27 73 22 20 157 168 225 252 86 165 90 126 204 208
[APP6, GoPro, Camera] CASN - Camera Serial Number: C3221324657219
[APP6, GoPro, Camera] MINF - Camera Model Name: HERO6 Black
[APP6, GoPro, Camera] MUID - GoPro MUID: 1226518844 2828866582 2773941473 3503062618 0 0 0 0
[APP6, GoPro, Camera] CMOD - GoPro CMOD: 17
[APP6, GoPro, Camera] MTYP - GoPro MTYP: 11
[APP6, GoPro, Camera] OREN - Auto Rotation: Up
[APP6, GoPro, Camera] DZOM - Digital Zoom: Yes
[APP6, GoPro, Camera] DZST - GoPro DZST: 0
[APP6, GoPro, Camera] SMTR - GoPro SMTR: N
[APP6, GoPro, Camera] PRTN - Pro Tune: On
[APP6, GoPro, Camera] PTWB - White Balance: AUTO
[APP6, GoPro, Camera] PTSH - Sharpness: HIGH
[APP6, GoPro, Camera] PTCL - Color Mode: FLAT
[APP6, GoPro, Camera] EXPT - GoPro EXPT: 
[APP6, GoPro, Camera] PIMX - Auto ISO Max: 3200
[APP6, GoPro, Camera] PIMN - Auto ISO Min: 3200
[APP6, GoPro, Camera] PTEV - Exposure Compensation: 0.0
[APP6, GoPro, Camera] RATE - Rate: 4_1SEC
[APP6, GoPro, Camera] PRES - Photo Resolution: 12MP_W
[APP6, GoPro, Camera] PHDR - HDR Setting: 0
[APP6, GoPro, Camera] PRAW - GoPro PRAW: 0
[APP6, GoPro, Camera] HFLG - GoPro HFLG: 0
