[EXIF, IFD0, Camera] 271 - 메이커: FUJIFILM
[EXIF, IFD0, Camera] 272 - 카메라 모델: FinePix2400Zoom
[EXIF, IFD0, Image] 274 - 이미지 위치: 0° (위쪽/좌측)
[EXIF, IFD0, Image] 282 - 수평 해상도: 72
[EXIF, IFD0, Image] 283 - 수직 해상도: 72
[EXIF, IFD0, Image] 296 - X 와 Y 해상도 단위: 인치
[EXIF, IFD0, Image] 305 - 소프트웨어: Digital Camera FinePix2400Zoom Ver1.70
[EXIF, IFD0, Time] 306 - 파일 변경 날짜 및 시간: 2001:05:19 18:36:41
[EXIF, IFD0, Image] 531 - Y and C 위치: 주변
[EXIF, IFD0, Author] 33432 - 저작권 소유자: 
[EXIF, ExifIFD, Image] 33437 - F 숫자: 3.5
[EXIF, ExifIFD, Camera] 34850 - 노출 프로그램: 보통 프로그램
[EXIF, ExifIFD, Image] 34855 - ISO 속도: 100
[EXIF, ExifIFD, Image] 36864 - Exif 버전: 0210
[EXIF, ExifIFD, Time] 36867 - 원본 데이터 생성 일시: 2001:05:19 18:36:41
[EXIF, ExifIFD, Time] 36868 - 디지털 데이터 생성 일시: 2001:05:19 18:36:41
[EXIF, ExifIFD, Image] 37121 - 각 구성 요소의 의미: Y, Cb, Cr, -
[EXIF, ExifIFD, Image] 37122 - 이미지 압축 모드: 1.6
[EXIF, ExifIFD, Image] 37377 - 셔터 속도: 1/64
[EXIF, ExifIFD, Image] 37378 - 조리개: 3.5
[EXIF, ExifIFD, Image] 37379 - 밝기: 2
[EXIF, ExifIFD, Image] 37380 - 노출 보정: 0
[EXIF, ExifIFD, Camera] 37381 - 최대 렌즈 조리개: 3.5
[EXIF, ExifIFD, Camera] 37383 - 측광 모드: 멀티 패턴
[EXIF, ExifIFD, Camera] 37385 - 플래시: 플래시 발광
[EXIF, ExifIFD, Camera] 37386 - 초점 길이: 6.0 mm
[EXIF, ExifIFD, Image] 40960 - 지원되는 Flashpix 버전: 0100
[EXIF, ExifIFD, Image] 40961 - 색공간: sRGB
[EXIF, ExifIFD, Image] 40962 - 이미지 넓이: 1600
[EXIF, ExifIFD, Image] 40963 - 이미지 높이: 1200
[EXIF, InteropIFD, Image] 1 - 상호운용성 증명: R98 - DCF basic file (sRGB)
[EXIF, InteropIFD, Image] 2 - 상호 운용성 버전: 0100
[EXIF, ExifIFD, Camera] 41486 - 수평 해상도 초점면: 3053
[EXIF, ExifIFD, Camera] 41487 - 수직 해상도 초점면: 3053
[EXIF, ExifIFD, Camera] 41488 - 초점면 해상도 단위: cm
[EXIF, ExifIFD, Camera] 41495 - 검출 방식: One-chip 색상 영역 센서
[EXIF, ExifIFD, Image] 41728 - 파일 출처: 디지털 카메라
[EXIF, ExifIFD, Image] 41729 - 장면 형식: 직접 촬영된 이미지
[EXIF, IFD1, Image] 259 - 압축 설계: JPEG (예전 스타일)
[EXIF, IFD1, Image] 274 - 이미지 위치: 0° (위쪽/좌측)
[EXIF, IFD1, Image] 282 - 수평 해상도: 72
[EXIF, IFD1, Image] 283 - 수직 해상도: 72
[EXIF, IFD1, Image] 296 - X 와 Y 해상도 단위: 인치
[EXIF, IFD1, Image] 513 - Thumbnail Offset: 1096
[EXIF, IFD1, Image] 514 - Thumbnail Length: 28
[EXIF, IFD1, Image] 531 - Y and C 위치: 주변
[EXIF, IFD1, Preview] ThumbnailImage - 축소 그림: (Binary data 28 bytes)
