[EXIF, IFD0, Camera] 271 - 製造商: FUJIFILM
[EXIF, IFD0, Camera] 272 - 相機型號: FinePix2400Zoom
[EXIF, IFD0, Image] 274 - 影像的方向: 0° (頂端/左邊)
[EXIF, IFD0, Image] 282 - 水平解析度: 72
[EXIF, IFD0, Image] 283 - 垂直解析度: 72
[EXIF, IFD0, Image] 296 - 寬與高的單位: 英吋
[EXIF, IFD0, Image] 305 - 軟體: Digital Camera FinePix2400Zoom Ver1.70
[EXIF, IFD0, Time] 306 - 檔案建立日期及時間: 2001:05:19 18:36:41
[EXIF, IFD0, Image] 531 - Y 及 C 的設定: 一致
[EXIF, IFD0, Author] 33432 - 版權擁有人: 
[EXIF, ExifIFD, Image] 33437 - 光圈: 3.5
[EXIF, ExifIFD, Camera] 34850 - 拍攝模式: 正常
[EXIF, ExifIFD, Image] 34855 - ISO: 100
[EXIF, ExifIFD, Image] 36864 - Exif 版本: 0210
[EXIF, ExifIFD, Time] 36867 - 原始影像日期時間: 2001:05:19 18:36:41
[EXIF, ExifIFD, Time] 36868 - 數位化的日期時間: 2001:05:19 18:36:41
[EXIF, ExifIFD, Image] 37121 - 每個組成部分的意義: Y, Cb, Cr, -
[EXIF, ExifIFD, Image] 37122 - 影像壓縮模式: 1.6
[EXIF, ExifIFD, Image] 37377 - 快門: 1/64
[EXIF, ExifIFD, Image] 37378 - 光圈: 3.5
[EXIF, ExifIFD, Image] 37379 - 亮度: 2
[EXIF, ExifIFD, Image] 37380 - 曝光補償: 0
[EXIF, ExifIFD, Camera] 37381 - 鏡頭最大光圈: 3.5
[EXIF, ExifIFD, Camera] 37383 - 測光模式: 評價測光
[EXIF, ExifIFD, Camera] 37385 - 閃光燈: 閃光燈擊發
[EXIF, ExifIFD, Camera] 37386 - 焦距: 6.0 mm
[EXIF, ExifIFD, Image] 40960 - 支援 Flashpix 版本: 0100
[EXIF, ExifIFD, Image] 40961 - 色彩空間: sRGB
[EXIF, ExifIFD, Image] 40962 - 影像寬度: 1600
[EXIF, ExifIFD, Image] 40963 - 影像高度: 1200
[EXIF, InteropIFD, Image] 1 - 互通性鑑定: R98 - DCF basic file (sRGB)
[EXIF, InteropIFD, Image] 2 - 互通性版本: 0100
[EXIF, ExifIFD, Camera] 41486 - X軸焦平面分辨率: 3053
[EXIF, ExifIFD, Camera] 41487 - Y軸焦平面分辨率: 3053
[EXIF, ExifIFD, Camera] 41488 - 焦平面分辨率單位: cm
[EXIF, ExifIFD, Camera] 41495 - 感測器類型: 單晶片彩色感測器
[EXIF, ExifIFD, Image] 41728 - 檔案來源: 數位相機
[EXIF, ExifIFD, Image] 41729 - 場景類型: 直接拍攝的影像
[EXIF, IFD1, Image] 259 - 壓縮方式: JPEG (舊式)
[EXIF, IFD1, Image] 274 - 影像的方向: 0° (頂端/左邊)
[EXIF, IFD1, Image] 282 - 水平解析度: 72
[EXIF, IFD1, Image] 283 - 垂直解析度: 72
[EXIF, IFD1, Image] 296 - 寬與高的單位: 英吋
[EXIF, IFD1, Image] 513 - Thumbnail Offset: 1096
[EXIF, IFD1, Image] 514 - Thumbnail Length: 28
[EXIF, IFD1, Image] 531 - Y 及 C 的設定: 一致
[EXIF, IFD1, Preview] ThumbnailImage - 縮略圖: (Binary data 28 bytes)
