[EXIF, IFD0, Camera] 271 - Üretici: FUJIFILM
[EXIF, IFD0, Camera] 272 - Kamera: FinePix2400Zoom
[EXIF, IFD0, Image] 274 - Yönelim: Pozitif yön
[EXIF, IFD0, Image] 282 - X Resolution: 72
[EXIF, IFD0, Image] 283 - Y Resolution: 72
[EXIF, IFD0, Image] 296 - X ve Y birim çözünürlüğü: inç
[EXIF, IFD0, Image] 305 - Kullanılan yazılım: Digital Camera FinePix2400Zoom Ver1.70
[EXIF, IFD0, Time] 306 - Dosya değişim tarih ve zamanı: 2001:05:19 18:36:41
[EXIF, IFD0, Image] 531 - Y ve C konumlama: Birlikte-konumlanmış
[EXIF, IFD0, Author] 33432 - Telif hakkı sahibi: 
[EXIF, ExifIFD, Image] 33437 - Açıklık: 3.5
[EXIF, ExifIFD, Camera] 34850 - Pozlama program: Normal program
[EXIF, ExifIFD, Image] 34855 - ISO değeri: 100
[EXIF, ExifIFD, Image] 36864 - Exif sürüm: 0210
[EXIF, ExifIFD, Time] 36867 - Orjinal Tarih & Zaman: 2001:05:19 18:36:41
[EXIF, ExifIFD, Time] 36868 - Oluşturma Tarihi: 2001:05:19 18:36:41
[EXIF, ExifIFD, Image] 37121 - Her komponentin anlamı: Y, Cb, Cr, -
[EXIF, ExifIFD, Image] 37122 - İmaj sıkıştıma modu: 1.6
[EXIF, ExifIFD, Image] 37377 - Deklanşör hızı: 1/64
[EXIF, ExifIFD, Image] 37378 - Açıklık: 3.5
[EXIF, ExifIFD, Image] 37379 - Brightness Value: 2
[EXIF, ExifIFD, Image] 37380 - Pozlama Sapması: 0
[EXIF, ExifIFD, Camera] 37381 - Max Aperture Value: 3.5
[EXIF, ExifIFD, Camera] 37383 - Ölçü modu: Desen
[EXIF, ExifIFD, Camera] 37385 - Flaş: Flaş patladı
[EXIF, ExifIFD, Camera] 37386 - Odak uzunluğu: 6.0 mm
[EXIF, ExifIFD, Image] 40960 - Desteklenen Flashpix sürümü: 0100
[EXIF, ExifIFD, Image] 40961 - Renk alanı bilgisi: sRGB
[EXIF, ExifIFD, Image] 40962 - Geçerli imaj eni: 1600
[EXIF, ExifIFD, Image] 40963 - Geçerli imaj yüksekliği: 1200
[EXIF, InteropIFD, Image] 1 - Interoperabilite Tanımı: R98 - DCF basic file (sRGB)
[EXIF, InteropIFD, Image] 2 - Interoperabilite Sürümü: 0100
[EXIF, ExifIFD, Camera] 41486 - Odak düzlemi X çözünürlüğü: 3053
[EXIF, ExifIFD, Camera] 41487 - Odak düzlemi Y çözünürlüğü: 3053
[EXIF, ExifIFD, Camera] 41488 - Odak düzlemi çözünürlük birimi: cm
[EXIF, ExifIFD, Camera] 41495 - Alıcı metodu: Tek-çip renk alanı alıcı
[EXIF, ExifIFD, Image] 41728 - Dosya kaynağı: DSC
[EXIF, ExifIFD, Image] 41729 - Senaryo tipi: Doğrudan fotograflanmış imaj
[EXIF, IFD1, Image] 259 - Sıkıştırma planı: JPEG (old-style)
[EXIF, IFD1, Image] 274 - Yönelim: Pozitif yön
[EXIF, IFD1, Image] 282 - X Resolution: 72
[EXIF, IFD1, Image] 283 - Y Resolution: 72
[EXIF, IFD1, Image] 296 - X ve Y birim çözünürlüğü: inç
[EXIF, IFD1, Image] 513 - Thumbnail Offset: 1096
[EXIF, IFD1, Image] 514 - Thumbnail Length: 28
[EXIF, IFD1, Image] 531 - Y ve C konumlama: Birlikte-konumlanmış
[EXIF, IFD1, Preview] ThumbnailImage - Küçük Resim: (Binary data 28 bytes)
