[EXIF, IFD0, Camera] 271 - Marca: FUJIFILM
[EXIF, IFD0, Camera] 272 - Modelo: FinePix2400Zoom
[EXIF, IFD0, Image] 274 - Orientación de Imagen: 0° (arriba/izquierda)
[EXIF, IFD0, Image] 282 - Resolución Imagen Horizontal: 72
[EXIF, IFD0, Image] 283 - Resolución Imagen Vertical: 72
[EXIF, IFD0, Image] 296 - Unidad de Resolución de X e Y: Pulgada
[EXIF, IFD0, Image] 305 - Programa Utilizado: Digital Camera FinePix2400Zoom Ver1.70
[EXIF, IFD0, Time] 306 - Fecha y Hora de Cambio del Archivo: 2001:05:19 18:36:41
[EXIF, IFD0, Image] 531 - Posicionamiento Y y C: Vecino
[EXIF, IFD0, Author] 33432 - Copyright Perfil: 
[EXIF, ExifIFD, Image] 33437 - Número F: 3.5
[EXIF, ExifIFD, Camera] 34850 - Programa Exposición: Programa normal
[EXIF, ExifIFD, Image] 34855 - Ratio Velocidad ISO: 100
[EXIF, ExifIFD, Image] 36864 - Versión Exif: 0210
[EXIF, ExifIFD, Time] 36867 - Fecha y Hora de Datos Original: 2001:05:19 18:36:41
[EXIF, ExifIFD, Time] 36868 - Fecha y Hora de Datos Digital: 2001:05:19 18:36:41
[EXIF, ExifIFD, Image] 37121 - Configuración de Componentes: Y, Cb, Cr, -
[EXIF, ExifIFD, Image] 37122 - Modo Compresión Imagen: 1.6
[EXIF, ExifIFD, Image] 37377 - Velocidad Obturación: 1/64
[EXIF, ExifIFD, Image] 37378 - Apertura: 3.5
[EXIF, ExifIFD, Image] 37379 - Luminosidad: 2
[EXIF, ExifIFD, Image] 37380 - Compensación Exposición: 0
[EXIF, ExifIFD, Camera] 37381 - Apertura Lente Máxima: 3.5
[EXIF, ExifIFD, Camera] 37383 - Modo Medición: Multi-segmento
[EXIF, ExifIFD, Camera] 37385 - Flash: Flash disparado
[EXIF, ExifIFD, Camera] 37386 - Distancia Focal Objetivo: 6.0 mm
[EXIF, ExifIFD, Image] 40960 - Versión Flashpix Soportado: 0100
[EXIF, ExifIFD, Image] 40961 - Espacio Color: sRGB
[EXIF, ExifIFD, Image] 40962 - Ancho Imagen: 1600
[EXIF, ExifIFD, Image] 40963 - Alto Imagen: 1200
[EXIF, InteropIFD, Image] 1 - Identificación Interoperabilidad: R98: Archivo básico DCF (sRGB)
[EXIF, InteropIFD, Image] 2 - Versión Interoperabilidad: 0100
[EXIF, ExifIFD, Camera] 41486 - Resolución X Plano Focal: 3053
[EXIF, ExifIFD, Camera] 41487 - Resolución Y Plano Focal: 3053
[EXIF, ExifIFD, Camera] 41488 - Unidad Resolución Plano Focal: cm
[EXIF, ExifIFD, Camera] 41495 - Método Sensor: Sensor monochip de color
[EXIF, ExifIFD, Image] 41728 - Fuente Archivo: Cámara Digital
[EXIF, ExifIFD, Image] 41729 - Tipo Escena: Imagen fotografiada directamente
[EXIF, IFD1, Image] 259 - Compresión: JPEG (estilo antiguo)
[EXIF, IFD1, Image] 274 - Orientación de Imagen: 0° (arriba/izquierda)
[EXIF, IFD1, Image] 282 - Resolución Imagen Horizontal: 72
[EXIF, IFD1, Image] 283 - Resolución Imagen Vertical: 72
[EXIF, IFD1, Image] 296 - Unidad de Resolución de X e Y: Pulgada
[EXIF, IFD1, Image] 513 - Thumbnail Offset: 1096
[EXIF, IFD1, Image] 514 - Thumbnail Length: 28
[EXIF, IFD1, Image] 531 - Posicionamiento Y y C: Vecino
[EXIF, IFD1, Preview] Exif-ThumbnailImage - Miniatura: (Binary data 28 bytes)
