[EXIF, IFD0, Camera] 271 - Fabricant: FUJIFILM
[EXIF, IFD0, Camera] 272 - Modèle de l'appareil photo: FinePix2400Zoom
[EXIF, IFD0, Image] 274 - Orientation de l'image: Horizontale (normale)
[EXIF, IFD0, Image] 282 - Résolution horizontale de l'image: 72
[EXIF, IFD0, Image] 283 - Résolution verticale de l'image: 72
[EXIF, IFD0, Image] 296 - Unité de résolutions: pouce
[EXIF, IFD0, Image] 305 - Logiciel: Digital Camera FinePix2400Zoom Ver1.70
[EXIF, IFD0, Time] 306 - Date de modification du fichier: 2001:05:19 18:36:41
[EXIF, IFD0, Image] 531 - Positionnement YCbCr: Côte à côte
[EXIF, IFD0, Author] 33432 - Propriétaire du copyright: 
[EXIF, ExifIFD, Image] 33437 - Diaphragme ƒ: 3.5
[EXIF, ExifIFD, Camera] 34850 - Programme d'exposition: Programme normal
[EXIF, ExifIFD, Image] 34855 - Sensibilité ISO: 100
[EXIF, ExifIFD, Image] 36864 - Version Exif: 0210
[EXIF, ExifIFD, Time] 36867 - Date de création des données originales: 2001:05:19 18:36:41
[EXIF, ExifIFD, Time] 36868 - Date de création des données numériques: 2001:05:19 18:36:41
[EXIF, ExifIFD, Image] 37121 - Configuration des composants: Y, Cb, Cr, -
[EXIF, ExifIFD, Image] 37122 - Mode de compression de l'image: 1.6
[EXIF, ExifIFD, Image] 37377 - Vitesse d'obturation: 1/64
[EXIF, ExifIFD, Image] 37378 - Ouverture: 3.5
[EXIF, ExifIFD, Image] 37379 - Luminosité: 2
[EXIF, ExifIFD, Image] 37380 - Décalage d'exposition: 0
[EXIF, ExifIFD, Camera] 37381 - Ouverture maximale de l'objectif: 3.5
[EXIF, ExifIFD, Camera] 37383 - Mode de mesure: Multi-segments
[EXIF, ExifIFD, Camera] 37385 - Flash : Flash déclenché
[EXIF, ExifIFD, Camera] 37386 - Focale de l'objectif: 6.0 mm
[EXIF, ExifIFD, Image] 40960 - Version Flashpix: 0100
[EXIF, ExifIFD, Image] 40961 - Espace colorimétrique: sRVB
[EXIF, ExifIFD, Image] 40962 - Largeur de l'image: 1600
[EXIF, ExifIFD, Image] 40963 - Hauteur de l'image: 1200
[EXIF, InteropIFD, Image] 1 - Identification d'interopérabilité: R98: fichier de base DCF (sRVB)
[EXIF, InteropIFD, Image] 2 - Version d'interopérabilité: 0100
[EXIF, ExifIFD, Camera] 41486 - Résolution du plan focal horizontal: 3053
[EXIF, ExifIFD, Camera] 41487 - Résolution du plan focal vertical: 3053
[EXIF, ExifIFD, Camera] 41488 - Unité de résolution de plan focal: cm
[EXIF, ExifIFD, Camera] 41495 - Méthode de capture: Capteur mono-puce couleur
[EXIF, ExifIFD, Image] 41728 - Source du fichier: Appareil photo numérique
[EXIF, ExifIFD, Image] 41729 - Type de scène: Photographié directement
[EXIF, IFD1, Image] 259 - Schéma de compression: JPEG (ancien schéma)
[EXIF, IFD1, Image] 274 - Orientation de l'image: Horizontale (normale)
[EXIF, IFD1, Image] 282 - Résolution horizontale de l'image: 72
[EXIF, IFD1, Image] 283 - Résolution verticale de l'image: 72
[EXIF, IFD1, Image] 296 - Unité de résolutions: pouce
[EXIF, IFD1, Image] 513 - Décalage de la vignette: 1096
[EXIF, IFD1, Image] 514 - Longueur de la vignette: 28
[EXIF, IFD1, Image] 531 - Positionnement YCbCr: Côte à côte
[EXIF, IFD1, Preview] Exif-ThumbnailImage - Vignette: (Binary data 28 bytes)
