[EXIF, IFD0, Camera] 271 - Valmistaja: FUJIFILM
[EXIF, IFD0, Camera] 272 - Malli: FinePix2400Zoom
[EXIF, IFD0, Image] 274 - Kuvan suunta: 0° (ylä/vasen)
[EXIF, IFD0, Image] 282 - Kuvan vaakaresoluutio: 72
[EXIF, IFD0, Image] 283 - Kuvan pystyresoluutio: 72
[EXIF, IFD0, Image] 296 - X- ja Y-resoluution yksikkö: Tuuma
[EXIF, IFD0, Image] 305 - Ohjelmisto: Digital Camera FinePix2400Zoom Ver1.70
[EXIF, IFD0, Time] 306 - Tiedostomuutoksen päiväys ja aika: 2001:05:19 18:36:41
[EXIF, IFD0, Image] 531 - Y:n ja C:n sijoitus: Vierekkäin
[EXIF, IFD0, Author] 33432 - Profiilin copyright: 
[EXIF, ExifIFD, Image] 33437 - Aukkoarvo: 3.5
[EXIF, ExifIFD, Camera] 34850 - Valotusohjelma: Normaali ohjelma
[EXIF, ExifIFD, Image] 34855 - ISO-herkkyys: 100
[EXIF, ExifIFD, Image] 36864 - Exif-versio: 0210
[EXIF, ExifIFD, Time] 36867 - Alkuperäisen datan luonnin päiväys ja aika: 2001:05:19 18:36:41
[EXIF, ExifIFD, Time] 36868 - Digitaalisen datan luonnin päiväys ja aika: 2001:05:19 18:36:41
[EXIF, ExifIFD, Image] 37121 - Kunkin komponentin tarkoitus: Y, Cb, Cr, -
[EXIF, ExifIFD, Image] 37122 - Kuvan pakkausmuoto: 1.6
[EXIF, ExifIFD, Image] 37377 - Suljinnopeuden arvo: 1/64
[EXIF, ExifIFD, Image] 37378 - Aukkoarvo: 3.5
[EXIF, ExifIFD, Image] 37379 - Kirkkausarvo: 2
[EXIF, ExifIFD, Image] 37380 - Valotuksen korjaus: 0
[EXIF, ExifIFD, Camera] 37381 - Objektiivin maksimiaukko: 3.5
[EXIF, ExifIFD, Camera] 37383 - Valonmittaustapa: Monisegmenttimittaus
[EXIF, ExifIFD, Camera] 37385 - Salama: Salama lauennut
[EXIF, ExifIFD, Camera] 37386 - Polttoväli: 6.0 mm
[EXIF, ExifIFD, Image] 40960 - Tuettu Flashpix-versio: 0100
[EXIF, ExifIFD, Image] 40961 - Väriavaruus: sRGB
[EXIF, ExifIFD, Image] 40962 - Kuvan leveys: 1600
[EXIF, ExifIFD, Image] 40963 - Kuvan korkeus: 1200
[EXIF, InteropIFD, Image] 1 - Interoperabiliteetin identifiointi: R98: DCF-perustiedosto (sRGB)
[EXIF, InteropIFD, Image] 2 - Interoperabiliteetin versio: 0100
[EXIF, ExifIFD, Camera] 41486 - Polttopistetason vaakaresoluutio: 3053
[EXIF, ExifIFD, Camera] 41487 - Polttopistetason pystyresoluutio: 3053
[EXIF, ExifIFD, Camera] 41488 - Polttopistetason resoluutioyksikkö: cm
[EXIF, ExifIFD, Camera] 41495 - Mittausmetodi: Yhden chipin värialueen anturi
[EXIF, ExifIFD, Image] 41728 - Tiedoston lähde: Digitaalikamera
[EXIF, ExifIFD, Image] 41729 - Näkymätyyppi: Suoraan otettu valokuva
[EXIF, IFD1, Image] 259 - Pakkausskeema: JPEG (old-style)
[EXIF, IFD1, Image] 274 - Kuvan suunta: 0° (ylä/vasen)
[EXIF, IFD1, Image] 282 - Kuvan vaakaresoluutio: 72
[EXIF, IFD1, Image] 283 - Kuvan pystyresoluutio: 72
[EXIF, IFD1, Image] 296 - X- ja Y-resoluution yksikkö: Tuuma
[EXIF, IFD1, Image] 513 - Thumbnail Offset: 1096
[EXIF, IFD1, Image] 514 - Thumbnail Length: 28
[EXIF, IFD1, Image] 531 - Y:n ja C:n sijoitus: Vierekkäin
[EXIF, IFD1, Preview] Exif-ThumbnailImage - Näytekuva: (Binary data 28 bytes)
