[EXIF, IFD0, Camera] 271 - Изготовитель: FUJIFILM
[EXIF, IFD0, Camera] 272 - Камера: FinePix2400Zoom
[EXIF, IFD0, Image] 274 - Ориентация: Положительное направление
[EXIF, IFD0, Image] 282 - X Resolution: 72
[EXIF, IFD0, Image] 283 - Y Resolution: 72
[EXIF, IFD0, Image] 296 - Элемент разрешения по X и Y: дюймы
[EXIF, IFD0, Image] 305 - Имя и версия ПО: Digital Camera FinePix2400Zoom Ver1.70
[EXIF, IFD0, Time] 306 - "Файл, изменить дату и время": 2001:05:19 18:36:41
[EXIF, IFD0, Image] 531 - Позиция по Y и C: совпадающий по месту
[EXIF, IFD0, Author] 33432 - Владелец копирайта: 
[EXIF, ExifIFD, Image] 33437 - Диафрагма: 3.5
[EXIF, ExifIFD, Camera] 34850 - Экспозиция программная: Нормальная программа
[EXIF, ExifIFD, Image] 34855 - Значение ISO: 100
[EXIF, ExifIFD, Image] 36864 - Exif версия: 0210
[EXIF, ExifIFD, Time] 36867 - Исходная дата и время: 2001:05:19 18:36:41
[EXIF, ExifIFD, Time] 36868 - Дата создания: 2001:05:19 18:36:41
[EXIF, ExifIFD, Image] 37121 - Значение каждого компонента: Y, Cb, Cr, -
[EXIF, ExifIFD, Image] 37122 - Режим сжатия изображения: 1.6
[EXIF, ExifIFD, Image] 37377 - Выдержка: 1/64
[EXIF, ExifIFD, Image] 37378 - Диафрагма: 3.5
[EXIF, ExifIFD, Image] 37379 - Brightness Value: 2
[EXIF, ExifIFD, Image] 37380 - "Экспозиция, калибровка": 0
[EXIF, ExifIFD, Camera] 37381 - Max Aperture Value: 3.5
[EXIF, ExifIFD, Camera] 37383 - Экспозамер: Узор
[EXIF, ExifIFD, Camera] 37385 - Вспышка: Вспышка сработала
[EXIF, ExifIFD, Camera] 37386 - Фокусное расстояние: 6.0 mm
[EXIF, ExifIFD, Image] 40960 - Поддерживаемая версия Flashpix: 0100
[EXIF, ExifIFD, Image] 40961 - Данные о цветовой среде: sRGB
[EXIF, ExifIFD, Image] 40962 - Допустимая ширина снимка: 1600
[EXIF, ExifIFD, Image] 40963 - Допустимая высота снимка: 1200
[EXIF, InteropIFD, Image] 1 - Идентификация взаимной совместимости: R98 - DCF basic file (sRGB)
[EXIF, InteropIFD, Image] 2 - Версия взаимной совместимости: 0100
[EXIF, ExifIFD, Camera] 41486 - Разрешение в фокальной плоскости по X: 3053
[EXIF, ExifIFD, Camera] 41487 - Разрешение в фокальной плоскости по Y: 3053
[EXIF, ExifIFD, Camera] 41488 - Элемент разрешения в фокальной плоскости: cm
[EXIF, ExifIFD, Camera] 41495 - Метод регистрации: Однопроцессорный сенсор цветовой области
[EXIF, ExifIFD, Image] 41728 - Источник файла: DSC
[EXIF, ExifIFD, Image] 41729 - Тип сюжета: Непосредственно полученный снимок
[EXIF, IFD1, Image] 259 - Схема сжатия: JPEG (old-style)
[EXIF, IFD1, Image] 274 - Ориентация: Положительное направление
[EXIF, IFD1, Image] 282 - X Resolution: 72
[EXIF, IFD1, Image] 283 - Y Resolution: 72
[EXIF, IFD1, Image] 296 - Элемент разрешения по X и Y: дюймы
[EXIF, IFD1, Image] 513 - Thumbnail Offset: 1096
[EXIF, IFD1, Image] 514 - Thumbnail Length: 28
[EXIF, IFD1, Image] 531 - Позиция по Y и C: совпадающий по месту
[EXIF, IFD1, Preview] ThumbnailImage - Пиктограмма: (Binary data 28 bytes)
