[EXIF, IFD0, Camera] 271 - 厂商: FUJIFILM
[EXIF, IFD0, Camera] 272 - 型号: FinePix2400Zoom
[EXIF, IFD0, Image] 274 - 图像取向: 0° (上/左)
[EXIF, IFD0, Image] 282 - X Resolution: 72
[EXIF, IFD0, Image] 283 - Y Resolution: 72
[EXIF, IFD0, Image] 296 - 图像高宽分辨率单位: 英寸
[EXIF, IFD0, Image] 305 - 使用软件: Digital Camera FinePix2400Zoom Ver1.70
[EXIF, IFD0, Time] 306 - 文件改变的日期和时间: 2001:05:19 18:36:41
[EXIF, IFD0, Image] 531 - YCC 像素结构(Y 和 C 的位置): 一致
[EXIF, IFD0, Author] 33432 - 专利拥有者: 
[EXIF, ExifIFD, Image] 33437 - 光圈数: 3.5
[EXIF, ExifIFD, Camera] 34850 - 曝光程序: 一般程序
[EXIF, ExifIFD, Image] 34855 - ISO: 100
[EXIF, ExifIFD, Image] 36864 - Exif 版本: 0210
[EXIF, ExifIFD, Time] 36867 - 原始数据产生的日期和时间: 2001:05:19 18:36:41
[EXIF, ExifIFD, Time] 36868 - 数字数据产生的日期和时间: 2001:05:19 18:36:41
[EXIF, ExifIFD, Image] 37121 - 各分组的含义: Y, Cb, Cr, -
[EXIF, ExifIFD, Image] 37122 - 图像压缩模式: 1.6
[EXIF, ExifIFD, Image] 37377 - 快门速度: 1/64
[EXIF, ExifIFD, Image] 37378 - 光圈: 3.5
[EXIF, ExifIFD, Image] 37379 - 亮度: 2
[EXIF, ExifIFD, Image] 37380 - 曝光偏差: 0
[EXIF, ExifIFD, Camera] 37381 - 最大镜头光圈: 3.5
[EXIF, ExifIFD, Camera] 37383 - 测量方式: 分割测光
[EXIF, ExifIFD, Camera] 37385 - 闪光: 闪光灯亮
[EXIF, ExifIFD, Camera] 37386 - 焦距: 6.0 mm
[EXIF, ExifIFD, Image] 40960 - 支持的 Flashpix 版本: 0100
[EXIF, ExifIFD, Image] 40961 - 色彩空间信息: sRGB
[EXIF, ExifIFD, Image] 40962 - 像宽: 1600
[EXIF, ExifIFD, Image] 40963 - 像高: 1200
[EXIF, InteropIFD, Image] 1 - 互用标识: R98 - DCF basic file (sRGB)
[EXIF, InteropIFD, Image] 2 - 互用版本: 0100
[EXIF, ExifIFD, Camera] 41486 - 焦平面 X 分辨率: 3053
[EXIF, ExifIFD, Camera] 41487 - 焦平面 Y 分辨率: 3053
[EXIF, ExifIFD, Camera] 41488 - 焦平面分辨率单位: cm
[EXIF, ExifIFD, Camera] 41495 - 感应方法: 单片色彩区感应器
[EXIF, ExifIFD, Image] 41728 - 文件来源: 数码相机
[EXIF, ExifIFD, Image] 41729 - 场景类型: 直接拍摄的图像
[EXIF, IFD1, Image] 259 - 压缩方案: JPEG (旧样式)
[EXIF, IFD1, Image] 274 - 图像取向: 0° (上/左)
[EXIF, IFD1, Image] 282 - X Resolution: 72
[EXIF, IFD1, Image] 283 - Y Resolution: 72
[EXIF, IFD1, Image] 296 - 图像高宽分辨率单位: 英寸
[EXIF, IFD1, Image] 513 - Thumbnail Offset: 1096
[EXIF, IFD1, Image] 514 - Thumbnail Length: 28
[EXIF, IFD1, Image] 531 - YCC 像素结构(Y 和 C 的位置): 一致
[EXIF, IFD1, Preview] ThumbnailImage - 缩略图: (Binary data 28 bytes)
