[EXIF, IFD0, Camera] 271 - Producent: FUJIFILM
[EXIF, IFD0, Camera] 272 - Aparat: FinePix2400Zoom
[EXIF, IFD0, Image] 274 - Orientacja obrazu: 0° (góra/lewo)
[EXIF, IFD0, Image] 282 - Rozdzielczość obrazu w poziomie: 72
[EXIF, IFD0, Image] 283 - Rozdzielczość obrazu w pionie: 72
[EXIF, IFD0, Image] 296 - Jednostka rozdzielczości X i Y: Cal
[EXIF, IFD0, Image] 305 - Oprogramowanie: Digital Camera FinePix2400Zoom Ver1.70
[EXIF, IFD0, Time] 306 - Data i godzina zmiany pliku: 2001:05:19 18:36:41
[EXIF, IFD0, Image] 531 - Pozycje Y i C: Obok siebie (?)
[EXIF, IFD0, Author] 33432 - Posiadacz praw autorskich: 
[EXIF, ExifIFD, Image] 33437 - Przysłona: 3.5
[EXIF, ExifIFD, Camera] 34850 - Program ekspozycji: Normalny program
[EXIF, ExifIFD, Image] 34855 - Czułość ISO: 100
[EXIF, ExifIFD, Image] 36864 - Wersja Exif: 0210
[EXIF, ExifIFD, Time] 36867 - Pierwotna data i godzina: 2001:05:19 18:36:41
[EXIF, ExifIFD, Time] 36868 - Data utworzenia: 2001:05:19 18:36:41
[EXIF, ExifIFD, Image] 37121 - Znaczenie każdego komponentu: Y, Cb, Cr, -
[EXIF, ExifIFD, Image] 37122 - Tryb kompresji obrazu: 1.6
[EXIF, ExifIFD, Image] 37377 - Prędkość migawki: 1/64
[EXIF, ExifIFD, Image] 37378 - Przysłona: 3.5
[EXIF, ExifIFD, Image] 37379 - Brightness Value: 2
[EXIF, ExifIFD, Image] 37380 - Różnica ekspozycji: 0
[EXIF, ExifIFD, Camera] 37381 - Max Aperture Value: 3.5
[EXIF, ExifIFD, Camera] 37383 - Tryb pomiaru: Wzór
[EXIF, ExifIFD, Camera] 37385 - Lampa: Nastąpił błysk lampy
[EXIF, ExifIFD, Camera] 37386 - Ogniskowa: 6.0 mm
[EXIF, ExifIFD, Image] 40960 - Obsługiwana wersja Flashpix: 0100
[EXIF, ExifIFD, Image] 40961 - Informacja o przestrzeni barwowej: sRGB
[EXIF, ExifIFD, Image] 40962 - Szerokość obrazu: 1600
[EXIF, ExifIFD, Image] 40963 - Wysokość obrazu: 1200
[EXIF, InteropIFD, Image] 1 - Identyfikacja wzajemnej zgodności: R98: Plik zasadniczy DCF (sRGB)
[EXIF, InteropIFD, Image] 2 - Wersja wzajemnej zgodności: 0100
[EXIF, ExifIFD, Camera] 41486 - Rozdzielczość w płaszczyźnie ogniskowej - oś x: 3053
[EXIF, ExifIFD, Camera] 41487 - Rozdzielczość w płaszczyźnie ogniskowej - oś y: 3053
[EXIF, ExifIFD, Camera] 41488 - Jednostka rozdzielczości w płaszczyźnie ogniskowej: cm
[EXIF, ExifIFD, Camera] 41495 - Metoda pomiaru: Jednoprocesorowy sensor obszaru koloru
[EXIF, ExifIFD, Image] 41728 - Źródło pliku: DSC
[EXIF, ExifIFD, Image] 41729 - Rodzaj sceny: Zdjęcie uzyskane bezpośrednio
[EXIF, IFD1, Image] 259 - Algorytm kompresji: JPEG (w starym stylu)
[EXIF, IFD1, Image] 274 - Orientacja obrazu: 0° (góra/lewo)
[EXIF, IFD1, Image] 282 - Rozdzielczość obrazu w poziomie: 72
[EXIF, IFD1, Image] 283 - Rozdzielczość obrazu w pionie: 72
[EXIF, IFD1, Image] 296 - Jednostka rozdzielczości X i Y: Cal
[EXIF, IFD1, Image] 513 - Thumbnail Offset: 1096
[EXIF, IFD1, Image] 514 - Thumbnail Length: 28
[EXIF, IFD1, Image] 531 - Pozycje Y i C: Obok siebie (?)
[EXIF, IFD1, Preview] ThumbnailImage - Miniatura: (Binary data 28 bytes)
