[EXIF, IFD0, Camera] 271 - Výrobce: FUJIFILM
[EXIF, IFD0, Camera] 272 - Typ fotoaparátu: FinePix2400Zoom
[EXIF, IFD0, Image] 274 - Orientace: 0° (nahoru/vlevo)
[EXIF, IFD0, Image] 282 - Rozlišení obrázku na šířku: 72
[EXIF, IFD0, Image] 283 - Rozlišení obrázku na výšku: 72
[EXIF, IFD0, Image] 296 - Jednotka X a Y rozlišení: Palce
[EXIF, IFD0, Image] 305 - Použitý software: Digital Camera FinePix2400Zoom Ver1.70
[EXIF, IFD0, Time] 306 - Datum a čas změny souboru: 2001:05:19 18:36:41
[EXIF, IFD0, Image] 531 - Y a C pozice: Po stranách
[EXIF, IFD0, Author] 33432 - Držitel práv: 
[EXIF, ExifIFD, Image] 33437 - F hodnota: 3.5
[EXIF, ExifIFD, Camera] 34850 - Expoziční mod: Normální program
[EXIF, ExifIFD, Image] 34855 - Citlivost ISO: 100
[EXIF, ExifIFD, Image] 36864 - Exif verze: 0210
[EXIF, ExifIFD, Time] 36867 - Datum a čas vzniku originálních dat: 2001:05:19 18:36:41
[EXIF, ExifIFD, Time] 36868 - Datum a čas generování digitálních dat: 2001:05:19 18:36:41
[EXIF, ExifIFD, Image] 37121 - Určení složek: Y, Cb, Cr, -
[EXIF, ExifIFD, Image] 37122 - Komprimační mod: 1.6
[EXIF, ExifIFD, Image] 37377 - Čas závěrky: 1/64
[EXIF, ExifIFD, Image] 37378 - Clona: 3.5
[EXIF, ExifIFD, Image] 37379 - Jas: 2
[EXIF, ExifIFD, Image] 37380 - Korekce expozice: 0
[EXIF, ExifIFD, Camera] 37381 - Max clona objektivu: 3.5
[EXIF, ExifIFD, Camera] 37383 - Režim měření expozice: Multi segment
[EXIF, ExifIFD, Camera] 37385 - Blesk: Blesk ano
[EXIF, ExifIFD, Camera] 37386 - Ohnisková vzdálenost: 6.0 mm
[EXIF, ExifIFD, Image] 40960 - Podporovaná verze Flashpix: 0100
[EXIF, ExifIFD, Image] 40961 - Barevný prostor: sRGB
[EXIF, ExifIFD, Image] 40962 - Šířka: 1600
[EXIF, ExifIFD, Image] 40963 - Výška: 1200
[EXIF, InteropIFD, Image] 1 - Identifikace: R98: DCF basic file (sRGB)
[EXIF, InteropIFD, Image] 2 - Verze kompatibility: 0100
[EXIF, ExifIFD, Camera] 41486 - Horizontální rozlišení senzoru: 3053
[EXIF, ExifIFD, Camera] 41487 - Vertikální rozlišení senzoru: 3053
[EXIF, ExifIFD, Camera] 41488 - Jednotka rozlišení senzoru: cm
[EXIF, ExifIFD, Camera] 41495 - Metoda měření: Jednočipový barevný senzor
[EXIF, ExifIFD, Image] 41728 - Zdroj dat: Digitální fotoaparát
[EXIF, ExifIFD, Image] 41729 - Typ scény: Přímo pořízený snímek
[EXIF, IFD1, Image] 259 - Kompresní algoritmus: JPEG (pův. verze)
[EXIF, IFD1, Image] 274 - Orientace: 0° (nahoru/vlevo)
[EXIF, IFD1, Image] 282 - Rozlišení obrázku na šířku: 72
[EXIF, IFD1, Image] 283 - Rozlišení obrázku na výšku: 72
[EXIF, IFD1, Image] 296 - Jednotka X a Y rozlišení: Palce
[EXIF, IFD1, Image] 513 - Thumbnail Offset: 1096
[EXIF, IFD1, Image] 514 - Thumbnail Length: 28
[EXIF, IFD1, Image] 531 - Y a C pozice: Po stranách
[EXIF, IFD1, Preview] Exif-ThumbnailImage - Náhled: (Binary data 28 bytes)
