[EXIF, IFD0, Camera] 271 - Fabrikant: FUJIFILM
[EXIF, IFD0, Camera] 272 - Camera model: FinePix2400Zoom
[EXIF, IFD0, Image] 274 - Oriëntatie van de afbeelding: 0° (boven/links)
[EXIF, IFD0, Image] 282 - Horizontale afbeelding resolutie: 72
[EXIF, IFD0, Image] 283 - Vertikale afbeelding resolutie: 72
[EXIF, IFD0, Image] 296 - Eenheid van de X und Y resolutie: inches
[EXIF, IFD0, Image] 305 - Gebruikte software: Digital Camera FinePix2400Zoom Ver1.70
[EXIF, IFD0, Time] 306 - Datum bestand wijziging: 2001:05:19 18:36:41
[EXIF, IFD0, Image] 531 - Y en C positie: Naast liggend
[EXIF, IFD0, Author] 33432 - Copyright houder: 
[EXIF, ExifIFD, Image] 33437 - F waarde: 3.5
[EXIF, ExifIFD, Camera] 34850 - Belichtingsprogramma: Normaal programma
[EXIF, ExifIFD, Image] 34855 - ISO gevoeligheid: 100
[EXIF, ExifIFD, Image] 36864 - Exif versie: 0210
[EXIF, ExifIFD, Time] 36867 - Datum van de originele data generatie: 2001:05:19 18:36:41
[EXIF, ExifIFD, Time] 36868 - Datum van de originele data generatie: 2001:05:19 18:36:41
[EXIF, ExifIFD, Image] 37121 - Betekenis van elke component: Y, Cb, Cr, -
[EXIF, ExifIFD, Image] 37122 - Afbeelding compressie modus: 1.6
[EXIF, ExifIFD, Image] 37377 - Belichtingstijd: 1/64
[EXIF, ExifIFD, Image] 37378 - Diafragma: 3.5
[EXIF, ExifIFD, Image] 37379 - Helderheid: 2
[EXIF, ExifIFD, Image] 37380 - Belichtingscorrectie: 0
[EXIF, ExifIFD, Camera] 37381 - Grootste diafragma: 3.5
[EXIF, ExifIFD, Camera] 37383 - Belichting meet methode: Multi segment
[EXIF, ExifIFD, Camera] 37385 - Flits: Flits afgevuurd
[EXIF, ExifIFD, Camera] 37386 - Brandpuntafstand: 6.0 mm
[EXIF, ExifIFD, Image] 40960 - Ondersteunde Flashpix versie: 0100
[EXIF, ExifIFD, Image] 40961 - Kleur ruimte: sRGB
[EXIF, ExifIFD, Image] 40962 - Afbeelding breedte: 1600
[EXIF, ExifIFD, Image] 40963 - Afbeelding hoogte: 1200
[EXIF, InteropIFD, Image] 1 - Interoperabiliteits Identificatie: R98: DCF Basis formaat (sRGB)
[EXIF, InteropIFD, Image] 2 - Interoperabiliteits versie: 0100
[EXIF, ExifIFD, Camera] 41486 - Horizontale sensor resolutie: 3053
[EXIF, ExifIFD, Camera] 41487 - Verticale sensor resolutie: 3053
[EXIF, ExifIFD, Camera] 41488 - Sensor resolutie eenheid: cm
[EXIF, ExifIFD, Camera] 41495 - Meet methode: Één chip kleur sensor
[EXIF, ExifIFD, Image] 41728 - Bestand bron: Digitale camera
[EXIF, ExifIFD, Image] 41729 - Scene type: Direkt opgenomen afbeelding
[EXIF, IFD1, Image] 259 - Compressie schema: JPEG (oude versie)
[EXIF, IFD1, Image] 274 - Oriëntatie van de afbeelding: 0° (boven/links)
[EXIF, IFD1, Image] 282 - Horizontale afbeelding resolutie: 72
[EXIF, IFD1, Image] 283 - Vertikale afbeelding resolutie: 72
[EXIF, IFD1, Image] 296 - Eenheid van de X und Y resolutie: inches
[EXIF, IFD1, Image] 513 - Thumbnail Offset: 1096
[EXIF, IFD1, Image] 514 - Thumbnail Length: 28
[EXIF, IFD1, Image] 531 - Y en C positie: Naast liggend
[EXIF, IFD1, Preview] Exif-ThumbnailImage - Miniatuur: (Binary data 28 bytes)
