[EXIF, IFD0, Camera] 271 - メーカー: FUJIFILM
[EXIF, IFD0, Camera] 272 - 画像入力機器モデル: FinePix2400Zoom
[EXIF, IFD0, Image] 274 - 画像の向き: 水平（標準）
[EXIF, IFD0, Image] 282 - 画像幅の解像度: 72
[EXIF, IFD0, Image] 283 - 画像高さの解像度: 72
[EXIF, IFD0, Image] 296 - XとY解像度単位: インチ
[EXIF, IFD0, Image] 305 - ソフトウェア: Digital Camera FinePix2400Zoom Ver1.70
[EXIF, IFD0, Time] 306 - ファイル作成日時: 2001:05:19 18:36:41
[EXIF, IFD0, Image] 531 - YとCの位置: 相互配置
[EXIF, IFD0, Author] 33432 - 版権所有者: 
[EXIF, ExifIFD, Image] 33437 - F値: 3.5
[EXIF, ExifIFD, Camera] 34850 - 露出プログラム: ノーマルプログラム
[EXIF, ExifIFD, Image] 34855 - ISOスピードレート: 100
[EXIF, ExifIFD, Image] 36864 - Exifバージョン: 0210
[EXIF, ExifIFD, Time] 36867 - オリジナルデータ作成日時: 2001:05:19 18:36:41
[EXIF, ExifIFD, Time] 36868 - デジタルデータ作成日時: 2001:05:19 18:36:41
[EXIF, ExifIFD, Image] 37121 - 各構成要素の意味: Y, Cb, Cr, -
[EXIF, ExifIFD, Image] 37122 - 画像圧縮モード: 1.6
[EXIF, ExifIFD, Image] 37377 - シャッタースピード: 1/64
[EXIF, ExifIFD, Image] 37378 - 絞り: 3.5
[EXIF, ExifIFD, Image] 37379 - ブライトネス: 2
[EXIF, ExifIFD, Image] 37380 - 露出補正値: 0
[EXIF, ExifIFD, Camera] 37381 - 最大レンズ口径: 3.5
[EXIF, ExifIFD, Camera] 37383 - 測光モード: パターン
[EXIF, ExifIFD, Camera] 37385 - ストロボ: フラッシュ発光
[EXIF, ExifIFD, Camera] 37386 - レンズ焦点距離: 6.0 mm
[EXIF, ExifIFD, Image] 40960 - サポートフラッシュピックスバージョン: 0100
[EXIF, ExifIFD, Image] 40961 - 色空間: sRGB
[EXIF, ExifIFD, Image] 40962 - 画像幅: 1600
[EXIF, ExifIFD, Image] 40963 - 画像高さ: 1200
[EXIF, InteropIFD, Image] 1 - インターオペラビリティID: R98: DCF基本ファイル(sRGB)
[EXIF, InteropIFD, Image] 2 - インターオペラビリティバージョン: 0100
[EXIF, ExifIFD, Camera] 41486 - 焦点面X解像度: 3053
[EXIF, ExifIFD, Camera] 41487 - 焦点面Y解像度: 3053
[EXIF, ExifIFD, Camera] 41488 - 焦点面解像度単位: cm
[EXIF, ExifIFD, Camera] 41495 - センサー方式: 単板式カラーセンサー
[EXIF, ExifIFD, Image] 41728 - ファイルソース: デジタルカメラ
[EXIF, ExifIFD, Image] 41729 - シーンタイプ: 直接撮影画像
[EXIF, IFD1, Image] 259 - 圧縮計画: JPEG (古い形式)
[EXIF, IFD1, Image] 274 - 画像の向き: 水平（標準）
[EXIF, IFD1, Image] 282 - 画像幅の解像度: 72
[EXIF, IFD1, Image] 283 - 画像高さの解像度: 72
[EXIF, IFD1, Image] 296 - XとY解像度単位: インチ
[EXIF, IFD1, Image] 513 - Thumbnail Offset: 1096
[EXIF, IFD1, Image] 514 - Thumbnail Length: 28
[EXIF, IFD1, Image] 531 - YとCの位置: 相互配置
[EXIF, IFD1, Preview] ThumbnailImage - サムネイル画像: (Binary data 28 bytes)
