[EXIF, IFD0, Camera] 271 - Make: FUJIFILM
[EXIF, IFD0, Camera] 272 - Camera Model Name: FinePix2400Zoom
[EXIF, IFD0, Image] 274 - Orientation: Horizontal (normal)
[EXIF, IFD0, Image] 282 - X Resolution: 72
[EXIF, IFD0, Image] 283 - Y Resolution: 72
[EXIF, IFD0, Image] 296 - Resolution Unit: inches
[EXIF, IFD0, Image] 305 - Software: Digital Camera FinePix2400Zoom Ver1.70
[EXIF, IFD0, Time] 306 - Modify Date: 2001:05:19 18:36:41
[EXIF, IFD0, Image] 531 - Y Cb Cr Positioning: Co-sited
[EXIF, IFD0, Author] 33432 - Copyright: 
[EXIF, ExifIFD, Image] 33437 - F Number: 3.5
[EXIF, ExifIFD, Camera] 34850 - Exposure Program: Program AE
[EXIF, ExifIFD, Image] 34855 - ISO: 100
[EXIF, ExifIFD, Image] 36864 - Exif Version: 0210
[EXIF, ExifIFD, Time] 36867 - Date/Time Original: 2001:05:19 18:36:41
[EXIF, ExifIFD, Time] 36868 - Create Date: 2001:05:19 18:36:41
[EXIF, ExifIFD, Image] 37121 - Components Configuration: Y, Cb, Cr, -
[EXIF, ExifIFD, Image] 37122 - Compressed Bits Per Pixel: 1.6
[EXIF, ExifIFD, Image] 37377 - Shutter Speed Value: 1/64
[EXIF, ExifIFD, Image] 37378 - Aperture Value: 3.5
[EXIF, ExifIFD, Image] 37379 - Brightness Value: 2
[EXIF, ExifIFD, Image] 37380 - Exposure Compensation: 0
[EXIF, ExifIFD, Camera] 37381 - Max Aperture Value: 3.5
[EXIF, ExifIFD, Camera] 37383 - Metering Mode: Multi-segment
[EXIF, ExifIFD, Camera] 37385 - Flash: Fired
[EXIF, ExifIFD, Camera] 37386 - Focal Length: 6.0 mm
[EXIF, ExifIFD, Image] 40960 - Flashpix Version: 0100
[EXIF, ExifIFD, Image] 40961 - Colour Space: sRGB
[EXIF, ExifIFD, Image] 40962 - Exif Image Width: 1600
[EXIF, ExifIFD, Image] 40963 - Exif Image Height: 1200
[EXIF, InteropIFD, Image] 1 - Interoperability Index: R98 - DCF basic file (sRGB)
[EXIF, InteropIFD, Image] 2 - Interoperability Version: 0100
[EXIF, ExifIFD, Camera] 41486 - Focal Plane X Resolution: 3053
[EXIF, ExifIFD, Camera] 41487 - Focal Plane Y Resolution: 3053
[EXIF, ExifIFD, Camera] 41488 - Focal Plane Resolution Unit: cm
[EXIF, ExifIFD, Camera] 41495 - Sensing Method: One-chip colour area
[EXIF, ExifIFD, Image] 41728 - File Source: Digital Camera
[EXIF, ExifIFD, Image] 41729 - Scene Type: Directly photographed
[EXIF, IFD1, Image] 259 - Compression: JPEG (old-style)
[EXIF, IFD1, Image] 274 - Orientation: Horizontal (normal)
[EXIF, IFD1, Image] 282 - X Resolution: 72
[EXIF, IFD1, Image] 283 - Y Resolution: 72
[EXIF, IFD1, Image] 296 - Resolution Unit: inches
[EXIF, IFD1, Image] 513 - Thumbnail Offset: 1096
[EXIF, IFD1, Image] 514 - Thumbnail Length: 28
[EXIF, IFD1, Image] 531 - Y Cb Cr Positioning: Co-sited
[EXIF, IFD1, Preview] ThumbnailImage - Thumbnail Image: (Binary data 28 bytes)
