[EXIF, IFD0, Camera] 271 - Gerätehersteller: FUJIFILM
[EXIF, IFD0, Camera] 272 - Kameramodell: FinePix2400Zoom
[EXIF, IFD0, Image] 274 - Ausrichtung: Horizontal (normal)
[EXIF, IFD0, Image] 282 - Horizontale Bildauflösung: 72
[EXIF, IFD0, Image] 283 - Vertikale Bildauflösung: 72
[EXIF, IFD0, Image] 296 - Einheit der X- und Y-Auflösung: Zoll
[EXIF, IFD0, Image] 305 - Software: Digital Camera FinePix2400Zoom Ver1.70
[EXIF, IFD0, Time] 306 - Änderungsdatum: 2001:05:19 18:36:41
[EXIF, IFD0, Image] 531 - Y und C Ausrichtung: Benachbart
[EXIF, IFD0, Author] 33432 - Urheberrechtsvermerk: 
[EXIF, ExifIFD, Image] 33437 - F-Wert: 3.5
[EXIF, ExifIFD, Camera] 34850 - Belichtungsprogramm: Programmautomatik
[EXIF, ExifIFD, Image] 34855 - ISO-Empfindlichkeit: 100
[EXIF, ExifIFD, Image] 36864 - Exif-Version: 0210
[EXIF, ExifIFD, Time] 36867 - Erstellungsdatum/-uhrzeit: 2001:05:19 18:36:41
[EXIF, ExifIFD, Time] 36868 - Digitalisierungsdatum/-uhrzeit: 2001:05:19 18:36:41
[EXIF, ExifIFD, Image] 37121 - Bedeutung jeder Komponente: Y, Cb, Cr, -
[EXIF, ExifIFD, Image] 37122 - Bildkomprimierungsmodus: 1.6
[EXIF, ExifIFD, Image] 37377 - Belichtungszeit: 1/64
[EXIF, ExifIFD, Image] 37378 - Blende: 3.5
[EXIF, ExifIFD, Image] 37379 - Helligkeit: 2
[EXIF, ExifIFD, Image] 37380 - Belichtungskorrektur: 0
[EXIF, ExifIFD, Camera] 37381 - Größtmögliche Blende: 3.5
[EXIF, ExifIFD, Camera] 37383 - Belichtungsmessmethode: Multi-Segment
[EXIF, ExifIFD, Camera] 37385 - Blitzmodus: Blitz wurde ausgelöst
[EXIF, ExifIFD, Camera] 37386 - Brennweite: 6.0 mm
[EXIF, ExifIFD, Image] 40960 - Unterstützte Flashpix-Version: 0100
[EXIF, ExifIFD, Image] 40961 - Farbraum: sRGB
[EXIF, ExifIFD, Image] 40962 - Exif-Bildbreite: 1600
[EXIF, ExifIFD, Image] 40963 - Exif-Bildhöhe: 1200
[EXIF, InteropIFD, Image] 1 - Interoperabilität Identifikation: R98: DCF Basic-Format (sRGB)
[EXIF, InteropIFD, Image] 2 - Interoperabilitäts-Version: 0100
[EXIF, ExifIFD, Camera] 41486 - Sensorauflösung horizontal: 3053
[EXIF, ExifIFD, Camera] 41487 - Sensorauflösung vertikal: 3053
[EXIF, ExifIFD, Camera] 41488 - Einheit der Sensorauflösung: cm
[EXIF, ExifIFD, Camera] 41495 - Messmethode: Ein-Chip-Farbsensor
[EXIF, ExifIFD, Image] 41728 - Dateiquelle: Digital-Kamera
[EXIF, ExifIFD, Image] 41729 - Szenentyp: Direkt aufgenommenes Bild
[EXIF, IFD1, Image] 259 - Komprimierungsschema: JPEG (alte Version)
[EXIF, IFD1, Image] 274 - Ausrichtung: Horizontal (normal)
[EXIF, IFD1, Image] 282 - Horizontale Bildauflösung: 72
[EXIF, IFD1, Image] 283 - Vertikale Bildauflösung: 72
[EXIF, IFD1, Image] 296 - Einheit der X- und Y-Auflösung: Zoll
[EXIF, IFD1, Image] 513 - Miniaturbild-Datenposition: 1096
[EXIF, IFD1, Image] 514 - Miniaturbild-Datenlänge: 28
[EXIF, IFD1, Image] 531 - Y und C Ausrichtung: Benachbart
[EXIF, IFD1, Preview] Exif-ThumbnailImage - Miniaturbild: (Binary data 28 bytes)
