[EXIF, IFD0, Camera] 271 - Tillverkare: FUJIFILM
[EXIF, IFD0, Camera] 272 - Kamera: FinePix2400Zoom
[EXIF, IFD0, Image] 274 - Orientering: Positiv riktning
[EXIF, IFD0, Image] 282 - X Resolution: 72
[EXIF, IFD0, Image] 283 - Y Resolution: 72
[EXIF, IFD0, Image] 296 - Enhet för X- och Y-upplösning: tum
[EXIF, IFD0, Image] 305 - Programvara: Digital Camera FinePix2400Zoom Ver1.70
[EXIF, IFD0, Time] 306 - Filändringsdatum och -tid: 2001:05:19 18:36:41
[EXIF, IFD0, Image] 531 - Y- och C-placering: Co-sited
[EXIF, IFD0, Author] 33432 - Copyright-innehavare: 
[EXIF, ExifIFD, Image] 33437 - Bländare: 3.5
[EXIF, ExifIFD, Camera] 34850 - Exponeringsprogram: Normalt program
[EXIF, ExifIFD, Image] 34855 - ISO värde: 100
[EXIF, ExifIFD, Image] 36864 - Exif-version: 0210
[EXIF, ExifIFD, Time] 36867 - Ursprungligt datum & tid: 2001:05:19 18:36:41
[EXIF, ExifIFD, Time] 36868 - Skapat datum: 2001:05:19 18:36:41
[EXIF, ExifIFD, Image] 37121 - Enskilda komponenters betydelse: Y, Cb, Cr, -
[EXIF, ExifIFD, Image] 37122 - Bildkomprimeringsläge: 1.6
[EXIF, ExifIFD, Image] 37377 - Slutartid: 1/64
[EXIF, ExifIFD, Image] 37378 - Bländare: 3.5
[EXIF, ExifIFD, Image] 37379 - Brightness Value: 2
[EXIF, ExifIFD, Image] 37380 - Exponeringsförskjutning: 0
[EXIF, ExifIFD, Camera] 37381 - Max Aperture Value: 3.5
[EXIF, ExifIFD, Camera] 37383 - Mätningstyp: Mönster
[EXIF, ExifIFD, Camera] 37385 - Blixt: Blixten utlöstes
[EXIF, ExifIFD, Camera] 37386 - Brännvidd: 6.0 mm
[EXIF, ExifIFD, Image] 40960 - Flashpix-version som stöds: 0100
[EXIF, ExifIFD, Image] 40961 - Färgområdesinformation: sRGB
[EXIF, ExifIFD, Image] 40962 - Giltig bildbredd: 1600
[EXIF, ExifIFD, Image] 40963 - Giltig bildhöjd: 1200
[EXIF, InteropIFD, Image] 1 - Interoperability Identification: R98 - DCF basic file (sRGB)
[EXIF, InteropIFD, Image] 2 - Interoperability Version: 0100
[EXIF, ExifIFD, Camera] 41486 - Focal Plane X Resolution: 3053
[EXIF, ExifIFD, Camera] 41487 - Focal Plane Y Resolution: 3053
[EXIF, ExifIFD, Camera] 41488 - Focal Plane Resolution Unit: cm
[EXIF, ExifIFD, Camera] 41495 - Avkänningsmetod: One-chip color area sensor
[EXIF, ExifIFD, Image] 41728 - Filkälla: DSC
[EXIF, ExifIFD, Image] 41729 - Motivtyp: En direktfotograferad bild
[EXIF, IFD1, Image] 259 - Komprimeringsschema: JPEG (old-style)
[EXIF, IFD1, Image] 274 - Orientering: Positiv riktning
[EXIF, IFD1, Image] 282 - X Resolution: 72
[EXIF, IFD1, Image] 283 - Y Resolution: 72
[EXIF, IFD1, Image] 296 - Enhet för X- och Y-upplösning: tum
[EXIF, IFD1, Image] 513 - Thumbnail Offset: 1096
[EXIF, IFD1, Image] 514 - Thumbnail Length: 28
[EXIF, IFD1, Image] 531 - Y- och C-placering: Co-sited
[EXIF, IFD1, Preview] ThumbnailImage - Miniatyr: (Binary data 28 bytes)
