[ExifTool, ExifTool, ExifTool] ExifToolVersion - ExifTool Version Number: 9.93
[File, System, Image] FileName - File Name: Lytro.lfp
[File, System, Image] Directory - Directory: t/images
[File, System, Image] FileSize - File Size: 4.3 kB
[File, System, Time] FileModifyDate - File Modification Date/Time: 2014:07:17 11:22:05-04:00
[File, System, Time] FileAccessDate - File Access Date/Time: 2015:04:18 07:17:35-04:00
[File, System, Time] FileInodeChangeDate - File Inode Change Date/Time: 2015:03:07 15:31:22-05:00
[File, System, Image] FilePermissions - File Permissions: rw-r--r--
[File, File, Image] FileType - File Type: LFP
[File, File, Image] FileTypeExtension - File Type Extension: lfp
[File, File, Image] MIMEType - MIME Type: image/x-lytro-lfp
[Lytro, Lytro, Camera] JSONMetadata - JSON Metadata: [(Binary data 778 bytes),(Binary data 3155 bytes),(Binary data 131 bytes)]
[Lytro, Lytro, Image] PictureDerivationArray - Picture Derivation Array: sha1-f58530c3902263bfc1d411cac2b965d635fb6287
[Lytro, Lytro, Image] PictureFrameArrayFrameImageRef - Picture Frame Array Frame Image Ref: sha1-0360f825e6eed3c7c470fb79a755a54df07fae84
[Lytro, Lytro, Image] PictureFrameArrayFrameMetadataRef - Picture Frame Array Frame Metadata Ref: sha1-031d1e1d0e65efcd6ea74c811a0bc170498d8574
[Lytro, Lytro, Image] PictureFrameArrayFramePrivateMetadataRef - Picture Frame Array Frame Private Metadata Ref: sha1-990a1858fe077fa0601df485704fc1d674a5e6b0
[Lytro, Lytro, Image] PictureFrameArrayParametersVendorContentCom.lytro.tagsDarkFrame - Picture Frame Array Dark Frame: false
[Lytro, Lytro, Image] PictureFrameArrayParametersVendorContentCom.lytro.tagsModulationFrame - Picture Frame Array Modulation Frame: false
[Lytro, Lytro, Image] PictureViewArrayType - Picture View Array Type: com.lytro.stars
[Lytro, Lytro, Image] PictureViewArrayVendorContentStarred - Picture View Array Vendor Content Starred: true
[Lytro, Lytro, Image] VersionMajor - Version Major: 1
[Lytro, Lytro, Image] VersionMinor - Version Minor: 0
[Lytro, Lytro, Image] VersionProvisionalDate - Version Provisional Date: 2011-08-03
[Lytro, Lytro, Camera] CameraFirmware - Firmware Version: v1.0a60, vv1.0.0, Thu Feb 23 15:02:57 PST 2012, e10fcca0668db3dbf94ae347248db3da070d21e9, mods=0, ofw=0
[Lytro, Lytro, Camera] CameraMake - Make: Lytro, Inc.
[Lytro, Lytro, Camera] CameraModel - Camera Model Name: F01
[Lytro, Lytro, Camera] DevicesAccelerometerSampleArrayTime - Accelerometer Time: 0
[Lytro, Lytro, Camera] DevicesAccelerometerSampleArrayX - Accelerometer X: -0.039215687662363052368
[Lytro, Lytro, Camera] DevicesAccelerometerSampleArrayY - Accelerometer Y: 0.94117647409439086914
[Lytro, Lytro, Camera] DevicesAccelerometerSampleArrayZ - Accelerometer Z: 0.2509804069995880127
[Lytro, Lytro, Time] DevicesClockZuluTime - Date Time Original: 2012:04:12 14:10:55.000Z
[Lytro, Lytro, Camera] DevicesLensExitPupilOffsetZ - Lens Exit Pupil Offset Z: 0.11637913513183592573
[Lytro, Lytro, Camera] DevicesLensFNumber - F Number: 1.9
[Lytro, Lytro, Camera] DevicesLensFocalLength - Focal Length: 6.4 mm
[Lytro, Lytro, Camera] DevicesLensFocusStep - Lens Focus Step: 721
[Lytro, Lytro, Camera] DevicesLensFocusStepperOffset - Lens Focus Stepper Offset: -13
[Lytro, Lytro, Camera] DevicesLensInfinityLambda - Lens Infinity Lambda: 43.904331207275390625
[Lytro, Lytro, Camera] DevicesLensTemperature - Lens Temperature: 34.1 C
[Lytro, Lytro, Camera] DevicesLensTemperatureAdc - Lens Temperature Adc: 2633
[Lytro, Lytro, Camera] DevicesLensZoomStep - Lens Zoom Step: 981
[Lytro, Lytro, Camera] DevicesLensZoomStepperOffset - Lens Zoom Stepper Offset: -1
[Lytro, Lytro, Camera] DevicesMlaLensPitch - Mla Lens Pitch: 1.3898614883422850808e-05
[Lytro, Lytro, Camera] DevicesMlaRotation - Mla Rotation: -0.00028155732434242963791
[Lytro, Lytro, Camera] DevicesMlaScaleFactorX - Mla Scale Factor X: 1
[Lytro, Lytro, Camera] DevicesMlaScaleFactorY - Mla Scale Factor Y: 1.0004389286041259766
[Lytro, Lytro, Camera] DevicesMlaSensorOffsetX - Mla Sensor Offset X: -3.5040323734283452459e-06
[Lytro, Lytro, Camera] DevicesMlaSensorOffsetY - Mla Sensor Offset Y: -1.6298500299453736302e-06
[Lytro, Lytro, Camera] DevicesMlaSensorOffsetZ - Mla Sensor Offset Z: 2.5000000000000001198e-05
[Lytro, Lytro, Camera] DevicesMlaTiling - Mla Tiling: hexUniformRowMajor
[Lytro, Lytro, Camera] DevicesNdfilterExposureBias - Ndfilter Exposure Bias: 3.8281672000885009766
[Lytro, Lytro, Camera] DevicesSensorAnalogGainB - Sensor Analog Gain B: 2.03125
[Lytro, Lytro, Camera] DevicesSensorAnalogGainGb - Sensor Analog Gain Gb: 1.75
[Lytro, Lytro, Camera] DevicesSensorAnalogGainGr - Sensor Analog Gain Gr: 1.75
[Lytro, Lytro, Camera] DevicesSensorAnalogGainR - Sensor Analog Gain R: 2.375
[Lytro, Lytro, Camera] DevicesSensorBitsPerPixel - Sensor Bits Per Pixel: 12
[Lytro, Lytro, Camera] DevicesSensorIso - ISO: 87
[Lytro, Lytro, Camera] DevicesSensorMosaicTile - Sensor Mosaic Tile: r,gr:gb,b
[Lytro, Lytro, Camera] DevicesSensorMosaicUpperLeftPixel - Sensor Mosaic Upper Left Pixel: b
[Lytro, Lytro, Camera] DevicesSensorPixelPitch - Focal Plane X Resolution: 18142.8574518282
[Lytro, Lytro, Camera] DevicesShutterFrameExposureDuration - Frame Exposure Time: 1/250
[Lytro, Lytro, Camera] DevicesShutterMechanism - Shutter Mechanism: sensorOpenApertureClose
[Lytro, Lytro, Camera] DevicesShutterPixelExposureDuration - Exposure Time: 1/250
[Lytro, Lytro, Camera] DevicesSocTemperature - Soc Temperature: 43.5 C
[Lytro, Lytro, Camera] DevicesSocTemperatureAdc - Soc Temperature Adc: 2776
[Lytro, Lytro, Image] ImageColorCcmRgbToSrgbArray - Image Color Ccm Rgb To Srgb Array: 3.1115827560424804688, -1.9393929243087768555, -0.17218986153602600098, -0.36290559172630310059, 1.6408803462982177734, -0.27797481417655944824, 0.078967012465000152588, -1.1558042764663696289, 2.0768373012542724609
[Lytro, Lytro, Image] ImageColorGamma - Image Color Gamma: 0.41666001081466674805
[Lytro, Lytro, Image] ImageColorWhiteBalanceGainB - Image Color White Balance Gain B: 1.48046875
[Lytro, Lytro, Image] ImageColorWhiteBalanceGainGb - Image Color White Balance Gain Gb: 1
[Lytro, Lytro, Image] ImageColorWhiteBalanceGainGr - Image Color White Balance Gain Gr: 1
[Lytro, Lytro, Image] ImageColorWhiteBalanceGainR - Image Color White Balance Gain R: 1.01171875
[Lytro, Lytro, Image] ImageHeight - Image Height: 3280
[Lytro, Lytro, Image] ImageLimitExposureBias - Image Limit Exposure Bias: +0.0
[Lytro, Lytro, Image] ImageModulationExposureBias - Image Modulation Exposure Bias: -1.2
[Lytro, Lytro, Image] ImageOrientation - Orientation: Horizontal (normal)
[Lytro, Lytro, Image] ImageRawDetailsMosaicTile - Image Raw Details Mosaic Tile: r,gr:gb,b
[Lytro, Lytro, Image] ImageRawDetailsMosaicUpperLeftPixel - Image Raw Details Mosaic Upper Left Pixel: b
[Lytro, Lytro, Image] ImageRawDetailsPixelFormatBlackB - Image Raw Details Pixel Format Black B: 168
[Lytro, Lytro, Image] ImageRawDetailsPixelFormatBlackGb - Image Raw Details Pixel Format Black Gb: 168
[Lytro, Lytro, Image] ImageRawDetailsPixelFormatBlackGr - Image Raw Details Pixel Format Black Gr: 168
[Lytro, Lytro, Image] ImageRawDetailsPixelFormatBlackR - Image Raw Details Pixel Format Black R: 168
[Lytro, Lytro, Image] ImageRawDetailsPixelFormatRightShift - Image Raw Details Pixel Format Right Shift: 0
[Lytro, Lytro, Image] ImageRawDetailsPixelFormatWhiteB - Image Raw Details Pixel Format White B: 4095
[Lytro, Lytro, Image] ImageRawDetailsPixelFormatWhiteGb - Image Raw Details Pixel Format White Gb: 4095
[Lytro, Lytro, Image] ImageRawDetailsPixelFormatWhiteGr - Image Raw Details Pixel Format White Gr: 4095
[Lytro, Lytro, Image] ImageRawDetailsPixelFormatWhiteR - Image Raw Details Pixel Format White R: 4095
[Lytro, Lytro, Image] ImageRawDetailsPixelPackingBitsPerPixel - Image Raw Details Pixel Packing Bits Per Pixel: 12
[Lytro, Lytro, Image] ImageRawDetailsPixelPackingEndianness - Image Raw Details Pixel Packing Endianness: big
[Lytro, Lytro, Image] ImageRepresentation - Image Representation: rawPacked
[Lytro, Lytro, Image] ImageWidth - Image Width: 3280
[Lytro, Lytro, Image] ModesCreative - Modes Creative: tap
[Lytro, Lytro, Image] ModesRegionOfInterestArrayType - Modes Region Of Interest Array Type: exposure
[Lytro, Lytro, Image] ModesRegionOfInterestArrayX - Modes Region Of Interest Array X: 0.26874190568923950195
[Lytro, Lytro, Image] ModesRegionOfInterestArrayY - Modes Region Of Interest Array Y: 0.55208665132522583008
[Lytro, Lytro, Image] ModesRegionOfInterestArrayType - Modes Region Of Interest Array Type: creative
[Lytro, Lytro, Image] ModesRegionOfInterestArrayX - Modes Region Of Interest Array X: 0.26874190568923950195
[Lytro, Lytro, Image] ModesRegionOfInterestArrayY - Modes Region Of Interest Array Y: 0.55208665132522583008
[Lytro, Lytro, Camera] Type - Camera Type: lightField
[Lytro, Lytro, Camera] CameraSerialNumber - Serial Number: A202110453
[Lytro, Lytro, Camera] DevicesSensorSensorSerial - Sensor Serial Number: 0x7096E34F554BDE10
[Composite, Composite, Image] Aperture - Aperture: 1.9
[Composite, Composite, Image] ImageSize - Image Size: 3280x3280
[Composite, Composite, Image] Megapixels - Megapixels: 10.8
[Composite, Composite, Camera] ScaleFactor35efl - Scale Factor To 35 mm Equivalent: 6.7
[Composite, Composite, Image] ShutterSpeed - Shutter Speed: 1/250
[Composite, Composite, Camera] CircleOfConfusion - Circle Of Confusion: 0.005 mm
[Composite, Composite, Image] FOV - Field Of View: 45.5 deg
[Composite, Composite, Camera] FocalLength35efl - Focal Length: 6.4 mm (35 mm equivalent: 43.0 mm)
[Composite, Composite, Camera] HyperfocalDistance - Hyperfocal Distance: 4.83 m
[Composite, Composite, Image] LightValue - Light Value: 10.0
