[ExifTool, ExifTool, ExifTool] ExifToolVersion - ExifTool Version Number: 12.22
[ExifTool, ExifTool, ExifTool] Warning - Warning: [minor] The ExtractEmbedded option may find more tags in the video data
[File, System, Other] FileName - File Name: M2TS.mts
[File, System, Other] Directory - Directory: t/images
[File, System, Other] FileSize - File Size: 1344 bytes
[File, System, Time] FileModifyDate - File Modification Date/Time: 2009:07:08 13:57:28-04:00
[File, System, Time] FileAccessDate - File Access Date/Time: 2021:01:25 10:41:15-05:00
[File, System, Time] FileInodeChangeDate - File Inode Change Date/Time: 2017:12:27 12:00:59-05:00
[File, System, Other] FilePermissions - File Permissions: -rw-r--r--
[File, File, Other] FileType - File Type: M2TS
[File, File, Other] FileTypeExtension - File Type Extension: mts
[File, File, Other] MIMEType - MIME Type: video/m2ts
[M2TS, M2TS, Video] VideoStreamType - Video Stream Type: H.264 (AVC) Video
[M2TS, M2TS, Video] AudioStreamType - Audio Stream Type: A52/AC-3 Audio
[M2TS, AC3, Audio] AudioBitrate - Audio Bitrate: 256 kbps
[M2TS, AC3, Audio] SurroundMode - Surround Mode: Not indicated
[M2TS, AC3, Audio] AudioChannels - Audio Channels: 2
[M2TS, M2TS, Video] Duration - Duration: 0 s
[M2TS, AC3, Audio] AudioSampleRate - Audio Sample Rate: 48000
[H264, H264, Video] ImageWidth - Image Width: 1920
[H264, H264, Video] ImageHeight - Image Height: 1080
[H264, H264, Time] 24 - Date/Time Original: 2008:12:31 23:16:24+01:00
[H264, H264, Camera] 0 - Aperture Setting: 2.4
[H264, H264, Camera] 1 - Gain: 9 dB
[H264, H264, Camera] 1 - Image Stabilization: n/a
[H264, H264, Image] 1.1 - Exposure Time: 1/25
[H264, H264, Camera] 0 - Make: Canon
[H264, H264, Camera] 0 - Recording Mode: FXP
[Composite, Composite, Image] Exif-ImageSize - Image Size: 1920x1080
[Composite, Composite, Image] Exif-Megapixels - Megapixels: 2.1
[Composite, Composite, Image] Exif-ShutterSpeed - Shutter Speed: 1/25
