[ExifTool, ExifTool, ExifTool] ExifToolVersion - ExifTool Version Number: 12.57
[File, System, Other] FileName - File Name: MIE_3_failed.mie
[File, System, Other] Directory - Directory: t
[File, System, Other] FileSize - File Size: 6.3 kB
[File, System, Time] FileModifyDate - File Modification Date/Time: 2023:02:13 20:46:22-05:00
[File, System, Time] FileAccessDate - File Access Date/Time: 2023:02:13 20:46:22-05:00
[File, System, Time] FileInodeChangeDate - File Inode Change Date/Time: 2023:02:13 20:46:22-05:00
[File, System, Other] FilePermissions - File Permissions: -rw-r--r--
[File, File, Other] FileType - File Type: MIE
[File, File, Other] FileTypeExtension - File Type Extension: mie
[File, File, Other] MIMEType - MIME Type: image/x-mie-jpeg
[File, File, Image] ExifByteOrder - Exif Byte Order: Little-endian (Intel, II)
[File, File, Image] CurrentIPTCDigest - Current IPTC Digest: ff6b1fa510bbe0d2c2323752af38a86b
[MIE, MIE-Main, Other] 0Type - Subfile Type: JPEG
[MIE, MIE-Main, Other] 0Vers - MIE Version: 1.1
[MIE, MIE-Main, Other] 1Name - Subfile Name: dummy.jpg
[MIE, MIE-Main, Other] 2MIME - Subfile MIME Type: image/jpeg
[MIE, MIE-Camera, Camera] ColorTemperature - Color Temperature: 5200
[MIE, MIE-Camera, Camera] Contrast - Contrast: 1
[MIE, MIE-Camera, Camera] ExposureComp - Exposure Compensation: 0
[MIE, MIE-Camera, Camera] ExposureMode - Exposure Mode: Manual
[MIE, MIE-Camera, Camera] ExposureTime - Exposure Time: 4
[MIE, MIE-Flash, Camera] ExposureComp - Flash Exposure Comp: 0
[MIE, MIE-Flash, Camera] GuideNumber - Flash Guide Number: 0
[MIE, MIE-Camera, Camera] FocusMode - Focus Mode: Manual Focus
[MIE, MIE-Camera, Camera] ISO - ISO: 100
[MIE, MIE-Lens, Camera] FNumber - F Number: 11
[MIE, MIE-Lens, Camera] MaxAperture - Max Aperture: 4
[MIE, MIE-Lens, Camera] MinAperture - Min Aperture: 27
[MIE, MIE-Camera, Camera] Make - Make: FUJIFILM
[MIE, MIE-Camera, Camera] Model - Model: FinePix2400Zoom
[MIE, MIE-Orient, Camera] Rotation - Rotation: 90
[MIE, MIE-Camera, Camera] OwnerName - Owner Name: Phil Harvey
[MIE, MIE-Camera, Camera] Saturation - Saturation: 1
[MIE, MIE-Camera, Camera] SerialNumber - Serial Number: 0560012345
[MIE, MIE-Camera, Camera] Sharpness - Sharpness: 1
[MIE, MIE-Camera, Camera] ShootingMode - Shooting Mode: Manual
[MIE, MIE-Doc, Document] Comment - Comment: I can eat glass and it doesn't hurt me.
[MIE, MIE-Doc, Document] Comment-cn_ZH - Comment (cn_ZH): 我能吞下玻璃而不伤身体。
[MIE, MIE-Doc, Document] Comment-de_DE - Comment (de_DE): Ich kann Glas essen, ohne mir weh zu tun.
[MIE, MIE-Doc, Document] Comment-el_GR - Comment (el_GR): Μπορώ να φάω σπασμένα γυαλιά χωρίς να πάθω τίποτα.
[MIE, MIE-Doc, Document] Comment-en_CA - Comment (en_CA): I can eat glass and it doesn't hurt me, eh.
[MIE, MIE-Doc, Document] Comment-en_GB - Comment (en_GB): I say, I can eat glass and it doesn't hurt me old boy.
[MIE, MIE-Doc, Document] Comment-en_US - Comment (en_US): Dude! Munching glass don't bust my chops.
[MIE, MIE-Doc, Document] Comment-es_ES - Comment (es_ES): Puedo comer vidrio, no me hace daño.
[MIE, MIE-Doc, Document] Comment-fr_FR - Comment (fr_FR): Je peux manger du verre, ça ne me fait pas de mal.
[MIE, MIE-Doc, Document] Comment-hi_IN - Comment (hi_IN): मैं काँच खा सकता हूँ, मुझे उस से कोई पीडा नहीं होती.
[MIE, MIE-Doc, Document] Comment-it_IT - Comment (it_IT): Posso mangiare il vetro e non mi fa male.
[MIE, MIE-Doc, Document] Comment-ja_JP - Comment (ja_JP): 私はガラスを食べられます。それは私を傷つけません。
[MIE, MIE-Doc, Document] Comment-ru_RU - Comment (ru_RU): Я могу есть стекло, оно мне не вредит.
[MIE, MIE-Doc, Author] Copyright - Copyright: © Copyright Phil Harvey
[MIE, MIE-Doc, Time] CreateDate - Create Date: 2001:05:19 18:36:41
[MIE, MIE-Doc, Document] Keywords - Keywords: ExifTool, Test, MIE
[MIE, MIE-Doc, Time] ModifyDate - Modify Date: 2004:02:26 09:36:46
[MIE, MIE-Doc, Time] OriginalDate - Date/Time Original: 2001:05:19 18:36:41
[MIE, MIE-Doc, Author] Phone - Phone Number: kühl
[MIE, MIE-Doc, Document] References - References: http://www.columbia.edu/kermit/utf8.html (Comment strings)
[MIE, MIE-Doc, Document] Software - Software: Adobe Photoshop 7.0
[MIE, MIE-Doc, Document] Title - Title: Test IPTC picture
[MIE, MIE-Doc, Document] URL - URL: https://exiftool.org/
[MIE, MIE-Geo, Location] City - City: Kingston
[MIE, MIE-Geo, Location] Country - Country: Canada
[MIE, MIE-GPS, Location] Longitude - GPS Longitude: 1 deg 30' 0.00" W
[MIE, MIE-Geo, Location] State - State: Ont
[MIE, MIE-Image, Image] ColorSpace - Color Space: sRGB
[MIE, MIE-Image, Image] Components - Components Configuration: YCbCr
[MIE, MIE-Image, Image] ImageSize - Image Size: 100x80
[MIE, MIE-Image, Image] Resolution - Resolution: 118x118(/cm)
[MIE, MIE-Thumbnail, Image] ImageSize - Thumbnail Image Size: 160x120
[MIE, MIE-Thumbnail, Preview] data - Thumbnail Image: (Binary data 28 bytes)
[MIE, MIE-Main, Other] data - Subfile Data: (Binary data 20 bytes)
[EXIF, IFD0, Image] 270 - Image Description:           
[EXIF, IFD0, Camera] 271 - Make: NIKON
[EXIF, IFD0, Camera] 272 - Camera Model Name: E775
[EXIF, IFD0, Image] 274 - Orientation: Horizontal (normal)
[EXIF, IFD0, Image] 282 - X Resolution: 200
[EXIF, IFD0, Image] 283 - Y Resolution: 300
[EXIF, IFD0, Image] 296 - Resolution Unit: inches
[EXIF, IFD0, Image] 305 - Software: E775v1.3u
[EXIF, IFD0, Time] 306 - Modify Date: 2001:08:01 12:57:23
[EXIF, IFD0, Image] 531 - Y Cb Cr Positioning: Centered
[EXIF, ExifIFD, Image] 33434 - Exposure Time: 1/213
[EXIF, ExifIFD, Image] 33437 - F Number: 9.4
[EXIF, ExifIFD, Camera] 34850 - Exposure Program: Program AE
[EXIF, ExifIFD, Image] 34855 - ISO: 100
[EXIF, ExifIFD, Image] 36864 - Exif Version: 0210
[EXIF, ExifIFD, Time] 36867 - Date/Time Original: 2001:08:01 12:57:23
[EXIF, ExifIFD, Time] 36868 - Create Date: 2001:08:01 12:57:23
[EXIF, ExifIFD, Image] 37121 - Components Configuration: Y, Cb, Cr, -
[EXIF, ExifIFD, Image] 37380 - Exposure Compensation: 0
[EXIF, ExifIFD, Camera] 37381 - Max Aperture Value: 3.4
[EXIF, ExifIFD, Camera] 37383 - Metering Mode: Multi-segment
[EXIF, ExifIFD, Camera] 37384 - Light Source: Unknown
[EXIF, ExifIFD, Camera] 37385 - Flash: No Flash
[EXIF, ExifIFD, Camera] 37386 - Focal Length: 8.6 mm
[EXIF, ExifIFD, Image] 37510 - User Comment: 
[EXIF, ExifIFD, Image] 40960 - Flashpix Version: 0100
[EXIF, ExifIFD, Image] 40961 - Color Space: sRGB
[EXIF, ExifIFD, Image] 40962 - Exif Image Width: 1600
[EXIF, ExifIFD, Image] 40963 - Exif Image Height: 1200
[EXIF, ExifIFD, Image] 41728 - File Source: Digital Camera
[EXIF, ExifIFD, Image] 41729 - Scene Type: Directly photographed
[EXIF, IFD1, Image] 259 - Compression: JPEG (old-style)
[EXIF, IFD1, Image] 282 - X Resolution: 300
[EXIF, IFD1, Image] 283 - Y Resolution: 300
[EXIF, IFD1, Image] 296 - Resolution Unit: inches
[EXIF, IFD1, Image] 513 - Thumbnail Offset: 3043
[EXIF, IFD1, Image] 514 - Thumbnail Length: 28
[EXIF, IFD1, Preview] Exif-ThumbnailImage - Thumbnail Image: (Binary data 28 bytes)
[MakerNotes, Nikon, Camera] 1 - Maker Note Version: 1.00
[MakerNotes, Nikon, Image] 2 - ISO: 0
[MakerNotes, Nikon, Camera] 3 - Color Mode: Color
[MakerNotes, Nikon, Camera] 4 - Quality: Fine
[MakerNotes, Nikon, Camera] 5 - White Balance: Auto
[MakerNotes, Nikon, Camera] 6 - Sharpness: Auto
[MakerNotes, Nikon, Camera] 7 - Focus Mode: AF-C
[MakerNotes, Nikon, Camera] 8 - Flash Setting: 
[MakerNotes, Nikon, Camera] 15 - ISO Selection: Auto
[MakerNotes, Nikon, Camera] 128 - Image Adjustment: Normal
[MakerNotes, Nikon, Camera] 130 - Auxiliary Lens: Off
[MakerNotes, Nikon, Camera] 133 - Manual Focus Distance: undef
[MakerNotes, Nikon, Camera] 134 - Digital Zoom: 1
[MakerNotes, Nikon, Camera] 0 - AF Area Mode: Single Area
[MakerNotes, Nikon, Camera] 1 - AF Point: Center
[MakerNotes, Nikon, Camera] 2 - AF Points In Focus: (none)
[MakerNotes, Nikon, Camera] 143 - Scene Mode: 
[MakerNotes, Nikon, Camera] 16 - Data Dump: (Binary data 122 bytes)
[PrintIM, PrintIM, Printing] PrintIMVersion - PrintIM Version: 0100
[IPTC, IPTC, Other] 25 - Keywords: cool
[IPTC, IPTC, Other] 0 - Application Record Version: 4
[XMP, XMP-x, Document] xmptk - XMP Toolkit: Image::ExifTool 12.57
[XMP, XMP-dc, Author] creator - Creator: phil
[Composite, Composite, Image] Exif-Aperture - Aperture: 9.4
[Composite, Composite, Image] Exif-ShutterSpeed - Shutter Speed: 1/213
[Composite, Composite, Image] Exif-LightValue - Light Value: 14.2
[Composite, Composite, Camera] Exif-FocalLength35efl - Focal Length: 8.6 mm
[Composite, Composite, Image] Exif-Megapixels - Megapixels: 0.008
