[ExifTool, ExifTool, ExifTool] ExifToolVersion - ExifTool Version Number: 10.15
[File, System, Image] FileName - File Name: MIFF.miff
[File, System, Image] Directory - Directory: t/images
[File, System, Image] FileSize - File Size: 3.7 kB
[File, System, Time] FileModifyDate - File Modification Date/Time: 2005:11:14 14:47:21-05:00
[File, System, Time] FileAccessDate - File Access Date/Time: 2016:04:12 08:45:19-04:00
[File, System, Time] FileInodeChangeDate - File Inode Change Date/Time: 2016:04:11 08:27:33-04:00
[File, System, Image] FilePermissions - File Permissions: rw-r--r--
[File, File, Image] FileType - File Type: MIFF
[File, File, Image] FileTypeExtension - File Type Extension: miff
[File, File, Image] MIMEType - MIME Type: application/x-magick-image
[File, File, Image] ExifByteOrder - Exif Byte Order: Little-endian (Intel, II)
[MIFF, MIFF, Image] id - ID: ImageMagick
[MIFF, MIFF, Image] class - Class: DirectClass
[MIFF, MIFF, Image] matte - Matte: False
[MIFF, MIFF, Image] columns - Image Width: 8
[MIFF, MIFF, Image] rows - Image Height: 8
[MIFF, MIFF, Image] depth - Depth: 8
[MIFF, MIFF, Image] Resolution - Resolution: 72x72
[MIFF, MIFF, Image] units - Units: pixels-per-inch
[IPTC, IPTC, Other] 0 - Application Record Version: 2
[IPTC, IPTC, Author] 122 - Writer-Editor: I wrote it
[IPTC, IPTC, Author] 80 - By-line: Phil Harvey
[IPTC, IPTC, Author] 110 - Credit: My Credit
[IPTC, IPTC, Time] 55 - Date Created: 2004:02:26
[IPTC, IPTC, Location] 90 - City: Kingston
[IPTC, IPTC, Location] 95 - Province-State: Ont
[IPTC, IPTC, Location] 101 - Country-Primary Location Name: Canada
[IPTC, IPTC, Other] 15 - Category: 1
[IPTC, IPTC, Other] 10 - Urgency: 8 (least urgent)
[IPTC, IPTC, Other] 25 - Keywords: ExifTool, Test, MIFF
[IPTC, IPTC, Other] 120 - Caption-Abstract: MIFF test
[Photoshop, Photoshop, Image] 1061 - IPTC Digest: 9e02efbd9bdc1dc192279e30a0e27323
[Photoshop, Photoshop, Image] 0 - X Resolution: 72
[Photoshop, Photoshop, Image] 2 - Displayed Units X: inches
[Photoshop, Photoshop, Image] 4 - Y Resolution: 72
[Photoshop, Photoshop, Image] 6 - Displayed Units Y: inches
[Photoshop, Photoshop, Image] 0 - Print Style: Centered
[Photoshop, Photoshop, Image] 2 - Print Position: 0 0
[Photoshop, Photoshop, Image] 10 - Print Scale: 1
[Photoshop, Photoshop, Image] 1037 - Global Angle: 30
[Photoshop, Photoshop, Image] 1049 - Global Altitude: 30
[Photoshop, Photoshop, Author] 1034 - Copyright Flag: False
[Photoshop, Photoshop, Author] 1035 - URL: http://owl.phy.queensu.ca/~phil/exiftool/
[Photoshop, Photoshop, Image] 1054 - URL List: 
[Photoshop, Photoshop, Image] 0 - Photoshop Quality: 2
[Photoshop, Photoshop, Image] 1 - Photoshop Format: Standard
[Photoshop, Photoshop, Image] 2 - Progressive Scans: 3 Scans
[EXIF, IFD0, Image] 270 - Image Description: A witty caption
[EXIF, IFD0, Camera] 271 - Make: FUJIFILM
[EXIF, IFD0, Camera] 272 - Camera Model Name: FinePix2400Zoom
[EXIF, IFD0, Image] 274 - Orientation: Horizontal (normal)
[EXIF, IFD0, Image] 282 - X Resolution: 72
[EXIF, IFD0, Image] 283 - Y Resolution: 72
[EXIF, IFD0, Image] 296 - Resolution Unit: inches
[EXIF, IFD0, Image] 305 - Software: Adobe Photoshop 7.0
[EXIF, IFD0, Time] 306 - Modify Date: 2005:07:21 07:47:01
[EXIF, IFD0, Author] 315 - Artist: Phil Harvey
[EXIF, IFD0, Image] 531 - Y Cb Cr Positioning: Co-sited
[EXIF, IFD0, Author] 33432 - Copyright: Copyright 2004 Phil Harvey
[EXIF, ExifIFD, Image] 33437 - F Number: 3.5
[EXIF, ExifIFD, Camera] 34850 - Exposure Program: Program AE
[EXIF, ExifIFD, Image] 34855 - ISO: 100
[EXIF, ExifIFD, Image] 36864 - Exif Version: 0210
[EXIF, ExifIFD, Time] 36867 - Date/Time Original: 2001:05:19 18:36:41
[EXIF, ExifIFD, Time] 36868 - Create Date: 2001:05:19 18:36:41
[EXIF, ExifIFD, Image] 37121 - Components Configuration: Y, Cb, Cr, -
[EXIF, ExifIFD, Image] 37122 - Compressed Bits Per Pixel: 1.6
[EXIF, ExifIFD, Image] 37377 - Shutter Speed Value: 1/64
[EXIF, ExifIFD, Image] 37378 - Aperture Value: 3.5
[EXIF, ExifIFD, Image] 37379 - Brightness Value: 2
[EXIF, ExifIFD, Image] 37380 - Exposure Compensation: 0
[EXIF, ExifIFD, Camera] 37381 - Max Aperture Value: 3.5
[EXIF, ExifIFD, Camera] 37383 - Metering Mode: Multi-segment
[EXIF, ExifIFD, Camera] 37385 - Flash: Fired
[EXIF, ExifIFD, Camera] 37386 - Focal Length: 6.0 mm
[EXIF, ExifIFD, Image] 40960 - Flashpix Version: 0100
[EXIF, ExifIFD, Image] 40961 - Color Space: sRGB
[EXIF, ExifIFD, Image] 40962 - Exif Image Width: 8
[EXIF, ExifIFD, Image] 40963 - Exif Image Height: 8
[EXIF, ExifIFD, Camera] 41486 - Focal Plane X Resolution: 3053
[EXIF, ExifIFD, Camera] 41487 - Focal Plane Y Resolution: 3053
[EXIF, ExifIFD, Camera] 41488 - Focal Plane Resolution Unit: cm
[EXIF, ExifIFD, Camera] 41495 - Sensing Method: One-chip color area
[EXIF, ExifIFD, Image] 41728 - File Source: Digital Camera
[EXIF, ExifIFD, Image] 41729 - Scene Type: Directly photographed
[EXIF, IFD1, Image] 259 - Compression: JPEG (old-style)
[EXIF, IFD1, Image] 282 - X Resolution: 72
[EXIF, IFD1, Image] 283 - Y Resolution: 72
[EXIF, IFD1, Image] 296 - Resolution Unit: inches
[EXIF, IFD1, Image] 513 - Thumbnail Offset: 854
[EXIF, IFD1, Image] 514 - Thumbnail Length: 0
[XMP, XMP-x, Document] xmptk - XMP Toolkit: Image::ExifTool 5.47
[XMP, XMP-dc, Author] creator - Creator: Phil Harvey
[XMP, XMP-dc, Image] description - Description: UTF-16 (big-endian) encoded XMP
[XMP, XMP-dc, Author] rights - Rights: Copyright 2004 Phil Harvey
[XMP, XMP-dc, Image] subject - Subject: MIFF, Test
[XMP, XMP-dc, Image] title - Title: Test IPTC picture
[XMP, XMP-photoshop, Image] Category - Category: 1
[XMP, XMP-photoshop, Location] City - City: Kingston
[XMP, XMP-photoshop, Location] Country - Country: Canada
[XMP, XMP-photoshop, Author] Credit - Credit: My Credit
[XMP, XMP-photoshop, Time] DateCreated - Date Created: 2004:02:26
[XMP, XMP-photoshop, Image] Urgency - Urgency: 8 (least urgent)
[XMP, XMP-xmpBJ, Other] JobRefName - Job Ref Name: My Job
[XMP, XMP-xmpMM, Other] DocumentID - Document ID: adobe:docid:photoshop:4cc7b857-69d0-11d8-8ac4-bb59c92f0d9a
[XMP, XMP-xmpRights, Author] Marked - Marked: False
[XMP, XMP-xmpRights, Author] WebStatement - Web Statement: http://owl.phy.queensu.ca/~phil/exiftool/
[Composite, Composite, Image] Aperture - Aperture: 3.5
[Composite, Composite, Image] ImageSize - Image Size: 8x8
[Composite, Composite, Image] Megapixels - Megapixels: 0.000064
[Composite, Composite, Image] ShutterSpeed - Shutter Speed: 1/64
[Composite, Composite, Camera] FocalLength35efl - Focal Length: 6.0 mm
[Composite, Composite, Image] LightValue - Light Value: 9.6
