[MakerNotes, Motorola, Camera] 21760 - Build Number: LPH23.116-18
[MakerNotes, Motorola, Camera] 21761 - Serial Number: NX0A3S0075
[MakerNotes, Motorola, Camera] 21762 - Motorola 0x5502: 96
[MakerNotes, Motorola, Camera] 21763 - Motorola 0x5503: 30
[MakerNotes, Motorola, Camera] 21728 - Motorola 0x54e0: 1
[MakerNotes, Motorola, Camera] 21776 - Motorola 0x5510: 1
[MakerNotes, Motorola, Camera] 21888 - Motorola 0x5580: 15000
[MakerNotes, Motorola, Camera] 21904 - Motorola 0x5590: 30000
[MakerNotes, Motorola, Camera] 21920 - Motorola 0x55a0: 1440
[MakerNotes, Motorola, Camera] 21936 - Motorola 0x55b0: 1080
[MakerNotes, Motorola, Camera] 21952 - Motorola 0x55c0: 30
[MakerNotes, Motorola, Camera] 21968 - Motorola 0x55d0: yuv420sp
[MakerNotes, Motorola, Camera] 21744 - Motorola 0x54f0: 92.9883575439453
[MakerNotes, Motorola, Camera] 25600 - Motorola 0x6400: OFF
[MakerNotes, Motorola, Camera] 21777 - Motorola 0x5511: 926
[MakerNotes, Motorola, Camera] 25616 - Motorola 0x6410: NO
[MakerNotes, Motorola, Camera] 25648 - Motorola 0x6430: 0
[MakerNotes, Motorola, Camera] 25679 - Motorola 0x644f: 0
[MakerNotes, Motorola, Camera] 25792 - Motorola 0x64c0: 2
[MakerNotes, Motorola, Camera] 25793 - Motorola 0x64c1: 1
[MakerNotes, Motorola, Camera] 25794 - Motorola 0x64c2: 1
[MakerNotes, Motorola, Camera] 25795 - Motorola 0x64c3: 0
[MakerNotes, Motorola, Camera] 25796 - Motorola 0x64c4: 583
[MakerNotes, Motorola, Camera] 25797 - Motorola 0x64c5: 912
[MakerNotes, Motorola, Camera] 25904 - Motorola 0x6530: 494
[MakerNotes, Motorola, Camera] 25905 - Motorola 0x6531: 11
[MakerNotes, Motorola, Camera] 25906 - Motorola 0x6532: 0
[MakerNotes, Motorola, Camera] 25907 - Motorola 0x6533: 0
[MakerNotes, Motorola, Camera] 25908 - Motorola 0x6534: 372423
[MakerNotes, Motorola, Camera] 25909 - Motorola 0x6535: 372822
[MakerNotes, Motorola, Camera] 28672 - Motorola 0x7000: 0
[MakerNotes, Motorola, Camera] 28673 - Motorola 0x7001: -479
[MakerNotes, Motorola, Camera] 28674 - Motorola 0x7002: -637
[MakerNotes, Motorola, Camera] 28675 - Motorola 0x7003: 958
[MakerNotes, Motorola, Camera] 28676 - Motorola 0x7004: 1274
[MakerNotes, Motorola, Camera] 28677 - Motorola 0x7005: 0
[MakerNotes, Motorola, Camera] 21778 - Motorola 0x5512: 0
[MakerNotes, Motorola, Camera] 21792 - Motorola 0x5520: 1
[MakerNotes, Motorola, Camera] 21808 - Motorola 0x5530: continuous-picture
[MakerNotes, Motorola, Camera] 21824 - Motorola 0x5540: 95
[MakerNotes, Motorola, Camera] 21840 - Motorola 0x5550: 85
[MakerNotes, Motorola, Camera] 21856 - Motorola 0x5560: auto
[MakerNotes, Motorola, Camera] 21872 - Motorola 0x5570: auto
[MakerNotes, Motorola, Camera] 25856 - Motorola 0x6500: 1
[MakerNotes, Motorola, Camera] 26177 - Motorola 0x6641: 1
[MakerNotes, Motorola, Camera] 21991 - Motorola 0x55e7: 51392
[MakerNotes, Motorola, Camera] 21992 - Motorola 0x55e8: 13376
[MakerNotes, Motorola, Camera] 21989 - Motorola 0x55e5: 47264
[MakerNotes, Motorola, Camera] 21990 - Motorola 0x55e6: 17504
[MakerNotes, Motorola, Camera] 26112 - Motorola 0x6600: 0
[MakerNotes, Motorola, Camera] 26113 - Motorola 0x6601: 1
[MakerNotes, Motorola, Camera] 26114 - Motorola 0x6602: 1
[MakerNotes, Motorola, Camera] 26176 - Motorola 0x6640: 0
[MakerNotes, Motorola, Camera] 26116 - Motorola 0x6604: 0
[MakerNotes, Motorola, Camera] 26206 - Sensor: BACK,IMX230
[MakerNotes, Motorola, Camera] 26118 - Motorola 0x6606: 5000
[MakerNotes, Motorola, Camera] 26130 - Motorola 0x6612: 461
[MakerNotes, Motorola, Camera] 26131 - Motorola 0x6613: 817
[MakerNotes, Motorola, Camera] 26132 - Motorola 0x6614: 817
[MakerNotes, Motorola, Camera] 26133 - Motorola 0x6615: 527
[MakerNotes, Motorola, Camera] 26178 - Motorola 0x6642: 471
[MakerNotes, Motorola, Camera] 26179 - Motorola 0x6643: 818
[MakerNotes, Motorola, Camera] 26180 - Motorola 0x6644: 817
[MakerNotes, Motorola, Camera] 26181 - Motorola 0x6645: 526
[MakerNotes, Motorola, Camera] 26119 - Motorola 0x6607: 3000
[MakerNotes, Motorola, Camera] 26134 - Motorola 0x6616: 660
[MakerNotes, Motorola, Camera] 26135 - Motorola 0x6617: 819
[MakerNotes, Motorola, Camera] 26136 - Motorola 0x6618: 818
[MakerNotes, Motorola, Camera] 26137 - Motorola 0x6619: 374
[MakerNotes, Motorola, Camera] 26182 - Motorola 0x6646: 673
[MakerNotes, Motorola, Camera] 26183 - Motorola 0x6647: 820
[MakerNotes, Motorola, Camera] 26184 - Motorola 0x6648: 820
[MakerNotes, Motorola, Camera] 26185 - Motorola 0x6649: 374
[MakerNotes, Motorola, Camera] 26190 - Motorola 0x664e: 10
[MakerNotes, Motorola, Camera] 26191 - Motorola 0x664f: 64
[MakerNotes, Motorola, Camera] 26192 - Motorola 0x6650: 64
[MakerNotes, Motorola, Camera] 26193 - Motorola 0x6651: 64
[MakerNotes, Motorola, Camera] 26194 - Motorola 0x6652: 64
[MakerNotes, Motorola, Camera] 26196 - Motorola 0x6654: 0
[MakerNotes, Motorola, Camera] 26197 - Motorola 0x6655: 0
[MakerNotes, Motorola, Camera] 26198 - Motorola 0x6656: 0
[MakerNotes, Motorola, Camera] 26205 - Motorola 0x665d: 1
[MakerNotes, Motorola, Camera] 26195 - Motorola 0x6653: AL
[MakerNotes, Motorola, Camera] 26368 - Motorola 0x6700: 00000000904c2ca2
[MakerNotes, Motorola, Camera] 26369 - Motorola 0x6701: 94014037
[MakerNotes, Motorola, Camera] 26370 - Motorola 0x6702: 32
[MakerNotes, Motorola, Camera] 26371 - Motorola 0x6703: SO
[MakerNotes, Motorola, Camera] 26372 - Motorola 0x6704: GU
[MakerNotes, Motorola, Camera] 26373 - Manufacture Date: 03Jun2015
[MakerNotes, Motorola, Camera] 26374 - Motorola 0x6706: 904c2ca2
[MakerNotes, Motorola, Camera] 26375 - Motorola 0x6707: 69
[MakerNotes, Motorola, Camera] 26376 - Motorola 0x6708: 47264
[MakerNotes, Motorola, Camera] 26377 - Motorola 0x6709: 17504
[MakerNotes, Motorola, Camera] 26378 - Motorola 0x670a: 47264
[MakerNotes, Motorola, Camera] 26380 - Motorola 0x670c: 0
[MakerNotes, Motorola, Camera] 25888 - Motorola 0x6520: 1
[MakerNotes, Motorola, Camera] 25889 - Motorola 0x6521: 46
