[ExifTool, ExifTool, ExifTool] ExifToolVersion - ExifTool Version Number: 12.42
[File, System, Other] FileName - File Name: Panasonic.jpg
[File, System, Other] Directory - Directory: t/images
[File, System, Other] FileSize - File Size: 7.1 kB
[File, System, Time] FileModifyDate - File Modification Date/Time: 2006:01:04 14:02:27-05:00
[File, System, Time] FileAccessDate - File Access Date/Time: 2022:06:01 14:16:45-04:00
[File, System, Time] FileInodeChangeDate - File Inode Change Date/Time: 2021:10:31 20:34:50-04:00
[File, System, Other] FilePermissions - File Permissions: -rw-r--r--
[File, File, Other] FileType - File Type: JPEG
[File, File, Other] FileTypeExtension - File Type Extension: jpg
[File, File, Other] MIMEType - MIME Type: image/jpeg
[File, File, Image] ExifByteOrder - Exif Byte Order: Little-endian (Intel, II)
[File, File, Image] ImageWidth - Image Width: 8
[File, File, Image] ImageHeight - Image Height: 8
[File, File, Image] EncodingProcess - Encoding Process: Baseline DCT, Huffman coding
[File, File, Image] BitsPerSample - Bits Per Sample: 8
[File, File, Image] ColorComponents - Color Components: 3
[File, File, Image] YCbCrSubSampling - Y Cb Cr Sub Sampling: YCbCr4:2:0 (2 2)
[EXIF, IFD0, Camera] 271 - Make: Panasonic
[EXIF, IFD0, Camera] 272 - Camera Model Name: DMC-FZ3
[EXIF, IFD0, Image] 274 - Orientation: Horizontal (normal)
[EXIF, IFD0, Image] 282 - X Resolution: 72
[EXIF, IFD0, Image] 283 - Y Resolution: 72
[EXIF, IFD0, Image] 296 - Resolution Unit: inches
[EXIF, IFD0, Time] 306 - Modify Date: 2004:08:28 15:55:46
[EXIF, IFD0, Image] 531 - Y Cb Cr Positioning: Co-sited
[EXIF, ExifIFD, Image] 33434 - Exposure Time: 1/400
[EXIF, ExifIFD, Image] 33437 - F Number: 4.0
[EXIF, ExifIFD, Camera] 34850 - Exposure Program: Program AE
[EXIF, ExifIFD, Image] 34855 - ISO: 80
[EXIF, ExifIFD, Image] 36864 - Exif Version: 0220
[EXIF, ExifIFD, Time] 36867 - Date/Time Original: 2004:08:28 15:55:46
[EXIF, ExifIFD, Time] 36868 - Create Date: 2004:08:28 15:55:46
[EXIF, ExifIFD, Image] 37121 - Components Configuration: Y, Cb, Cr, -
[EXIF, ExifIFD, Image] 37122 - Compressed Bits Per Pixel: 4
[EXIF, ExifIFD, Image] 37380 - Exposure Compensation: 0
[EXIF, ExifIFD, Camera] 37381 - Max Aperture Value: 2.8
[EXIF, ExifIFD, Camera] 37383 - Metering Mode: Multi-segment
[EXIF, ExifIFD, Camera] 37384 - Light Source: Unknown
[EXIF, ExifIFD, Camera] 37385 - Flash: Off, Did not fire
[EXIF, ExifIFD, Camera] 37386 - Focal Length: 4.6 mm
[EXIF, ExifIFD, Image] 40960 - Flashpix Version: 0100
[EXIF, ExifIFD, Image] 40961 - Color Space: sRGB
[EXIF, ExifIFD, Image] 40962 - Exif Image Width: 2016
[EXIF, ExifIFD, Image] 40963 - Exif Image Height: 1512
[EXIF, InteropIFD, Image] 1 - Interoperability Index: R98 - DCF basic file (sRGB)
[EXIF, InteropIFD, Image] 2 - Interoperability Version: 0100
[EXIF, ExifIFD, Camera] 41495 - Sensing Method: One-chip color area
[EXIF, ExifIFD, Image] 41728 - File Source: Digital Camera
[EXIF, ExifIFD, Image] 41729 - Scene Type: Directly photographed
[EXIF, ExifIFD, Image] 41985 - Custom Rendered: Normal
[EXIF, ExifIFD, Camera] 41986 - Exposure Mode: Auto
[EXIF, ExifIFD, Camera] 41987 - White Balance: Auto
[EXIF, ExifIFD, Camera] 41988 - Digital Zoom Ratio: 0
[EXIF, ExifIFD, Camera] 41989 - Focal Length In 35mm Format: 35 mm
[EXIF, ExifIFD, Camera] 41990 - Scene Capture Type: Standard
[EXIF, ExifIFD, Camera] 41991 - Gain Control: None
[EXIF, ExifIFD, Camera] 41992 - Contrast: Normal
[EXIF, ExifIFD, Camera] 41993 - Saturation: Normal
[EXIF, ExifIFD, Camera] 41994 - Sharpness: Normal
[EXIF, IFD1, Image] 259 - Compression: JPEG (old-style)
[EXIF, IFD1, Image] 274 - Orientation: Horizontal (normal)
[EXIF, IFD1, Image] 282 - X Resolution: 72
[EXIF, IFD1, Image] 283 - Y Resolution: 72
[EXIF, IFD1, Image] 296 - Resolution Unit: inches
[EXIF, IFD1, Image] 513 - Thumbnail Offset: 6822
[EXIF, IFD1, Image] 514 - Thumbnail Length: 28
[EXIF, IFD1, Image] 531 - Y Cb Cr Positioning: Co-sited
[EXIF, IFD1, Preview] Exif-ThumbnailImage - Thumbnail Image: (Binary data 28 bytes)
[MakerNotes, Panasonic, Camera] 1 - Image Quality: High
[MakerNotes, Panasonic, Camera] 2 - Firmware Version: 0.1.0.8
[MakerNotes, Panasonic, Camera] 3 - White Balance: Auto
[MakerNotes, Panasonic, Camera] 7 - Focus Mode: Auto
[MakerNotes, Panasonic, Camera] 15 - AF Area Mode: 9-area
[MakerNotes, Panasonic, Camera] 26 - Image Stabilization: On, Mode 2
[MakerNotes, Panasonic, Camera] 28 - Macro Mode: Off
[MakerNotes, Panasonic, Camera] 31 - Shooting Mode: Program
[MakerNotes, Panasonic, Camera] 32 - Audio: No
[MakerNotes, Panasonic, Camera] 33 - Data Dump: (Binary data 5428 bytes)
[MakerNotes, Panasonic, Camera] 35 - White Balance Bias: 0
[MakerNotes, Panasonic, Camera] 36 - Flash Bias: 0
[MakerNotes, Panasonic, Camera] 37 - Internal Serial Number: (S00) 2004:07:19 no. 0102
[MakerNotes, Panasonic, Camera] 38 - Panasonic Exif Version: 0100
[MakerNotes, Panasonic, Camera] 39 - Video Frame Rate: n/a
[MakerNotes, Panasonic, Camera] 40 - Color Effect: Off
[MakerNotes, Panasonic, Camera] 41 - Time Since Power On: 00:00:06.96
[MakerNotes, Panasonic, Camera] 42 - Burst Mode: Off
[MakerNotes, Panasonic, Camera] 43 - Sequence Number: 0
[MakerNotes, Panasonic, Camera] 44 - Contrast Mode: Normal
[MakerNotes, Panasonic, Camera] 45 - Noise Reduction: Standard
[MakerNotes, Panasonic, Camera] 46 - Self Timer: Off
[PrintIM, PrintIM, Printing] PrintIMVersion - PrintIM Version: 0250
[Composite, Composite, Image] Exif-Aperture - Aperture: 4.0
[Composite, Composite, Image] Exif-ImageSize - Image Size: 8x8
[Composite, Composite, Image] Exif-Megapixels - Megapixels: 0.000064
[Composite, Composite, Camera] Exif-ScaleFactor35efl - Scale Factor To 35 mm Equivalent: 7.6
[Composite, Composite, Image] Exif-ShutterSpeed - Shutter Speed: 1/400
[Composite, Composite, Camera] Exif-CircleOfConfusion - Circle Of Confusion: 0.004 mm
[Composite, Composite, Image] Exif-FOV - Field Of View: 54.4 deg
[Composite, Composite, Camera] Exif-FocalLength35efl - Focal Length: 4.6 mm (35 mm equivalent: 35.0 mm)
[Composite, Composite, Camera] Exif-HyperfocalDistance - Hyperfocal Distance: 1.34 m
[Composite, Composite, Image] Exif-LightValue - Light Value: 13.0
