[ExifTool, ExifTool, ExifTool] ExifToolVersion - ExifTool Version Number: 13.26
[File, System, Other] FileName - File Name: PCAP.pcapng
[File, System, Other] Directory - Directory: t/images
[File, System, Other] FileSize - File Size: 380 bytes
[File, System, Time] FileModifyDate - File Modification Date/Time: 2025:03:03 16:02:56-05:00
[File, System, Time] FileAccessDate - File Access Date/Time: 2025:03:11 07:53:35-04:00
[File, System, Time] FileInodeChangeDate - File Inode Change Date/Time: 2025:03:11 07:52:29-04:00
[File, System, Other] FilePermissions - File Permissions: -rw-r--r--
[File, File, Other] FileType - File Type: PCAPNG
[File, File, Other] FileTypeExtension - File Type Extension: pcapng
[File, File, Other] MIMEType - MIME Type: application/vnd.tcpdump.pcap
[File, File, Other] PCAPVersion - PCAP Version: PCAPNG 1.0
[File, File, Other] ByteOrder - Byte Order: Little-endian (Intel, II)
[File, File, Other] SHB-2 - Hardware: Intel(R) Core(TM) i7-8550U CPU @ 1.80GHz (with SSE4.2)
[File, File, Other] SHB-3 - Operating System: 64-bit Windows 10 (1809), build 17763
[File, File, Other] SHB-4 - User Application: Dumpcap (Wireshark) 3.3.0 (v3.3.0-0-gc37f1e4de0c0)
[File, File, Other] LinkType - Link Type: BSD Loopback
[File, File, Other] IDB-2 - Device Name: \Device\NPF_Loopback
[File, File, Other] IDB-9 - Time Stamp Resolution: 1e-06
[File, File, Other] IDB-12 - Operating System: 64-bit Windows 10 (1809), build 17763
[File, File, Time] TimeStamp - Time Stamp: 2020:10:13 10:12:07.025764-04:00
