[ExifTool, ExifTool, ExifTool] ExifToolVersion - ExifTool Version Number: 12.42
[File, System, Other] FileName - File Name: Pentax.jpg
[File, System, Other] Directory - Directory: t/images
[File, System, Other] FileSize - File Size: 2.7 kB
[File, System, Time] FileModifyDate - File Modification Date/Time: 2008:03:28 13:40:33-04:00
[File, System, Time] FileAccessDate - File Access Date/Time: 2022:06:01 14:16:46-04:00
[File, System, Time] FileInodeChangeDate - File Inode Change Date/Time: 2021:10:31 20:34:50-04:00
[File, System, Other] FilePermissions - File Permissions: -rw-r--r--
[File, File, Other] FileType - File Type: JPEG
[File, File, Other] FileTypeExtension - File Type Extension: jpg
[File, File, Other] MIMEType - MIME Type: image/jpeg
[File, File, Image] ExifByteOrder - Exif Byte Order: Big-endian (Motorola, MM)
[File, File, Image] ImageWidth - Image Width: 8
[File, File, Image] ImageHeight - Image Height: 8
[File, File, Image] EncodingProcess - Encoding Process: Baseline DCT, Huffman coding
[File, File, Image] BitsPerSample - Bits Per Sample: 8
[File, File, Image] ColorComponents - Color Components: 3
[File, File, Image] YCbCrSubSampling - Y Cb Cr Sub Sampling: YCbCr4:2:0 (2 2)
[JFIF, JFIF, Image] 0 - JFIF Version: 1.01
[JFIF, JFIF, Image] 2 - Resolution Unit: None
[JFIF, JFIF, Image] 3 - X Resolution: 1
[JFIF, JFIF, Image] 5 - Y Resolution: 1
[EXIF, IFD0, Camera] 271 - Make: PENTAX Corporation
[EXIF, IFD0, Camera] 272 - Camera Model Name: PENTAX K10D
[EXIF, IFD0, Image] 274 - Orientation: Rotate 270 CW
[EXIF, IFD0, Image] 282 - X Resolution: 72
[EXIF, IFD0, Image] 283 - Y Resolution: 72
[EXIF, IFD0, Image] 296 - Resolution Unit: inches
[EXIF, IFD0, Image] 305 - Software: K10D Ver 1.30
[EXIF, IFD0, Time] 306 - Modify Date: 2008:03:02 12:01:23
[EXIF, IFD0, Image] 531 - Y Cb Cr Positioning: Co-sited
[EXIF, ExifIFD, Image] 33434 - Exposure Time: 1/100
[EXIF, ExifIFD, Image] 33437 - F Number: 13.0
[EXIF, ExifIFD, Camera] 34850 - Exposure Program: Aperture-priority AE
[EXIF, ExifIFD, Image] 34855 - ISO: 100
[EXIF, ExifIFD, Image] 36864 - Exif Version: 0221
[EXIF, ExifIFD, Time] 36867 - Date/Time Original: 2008:03:02 12:01:23
[EXIF, ExifIFD, Time] 36868 - Create Date: 2008:03:02 12:01:23
[EXIF, ExifIFD, Image] 37121 - Components Configuration: Y, Cb, Cr, -
[EXIF, ExifIFD, Image] 37380 - Exposure Compensation: +0.7
[EXIF, ExifIFD, Camera] 37383 - Metering Mode: Multi-segment
[EXIF, ExifIFD, Camera] 37385 - Flash: Off, Did not fire
[EXIF, ExifIFD, Camera] 37386 - Focal Length: 10.0 mm
[EXIF, ExifIFD, Image] 40960 - Flashpix Version: 0100
[EXIF, ExifIFD, Image] 40961 - Color Space: sRGB
[EXIF, ExifIFD, Image] 40962 - Exif Image Width: 3008
[EXIF, ExifIFD, Image] 40963 - Exif Image Height: 2000
[EXIF, InteropIFD, Image] 1 - Interoperability Index: R98 - DCF basic file (sRGB)
[EXIF, InteropIFD, Image] 2 - Interoperability Version: 0100
[EXIF, ExifIFD, Camera] 41495 - Sensing Method: One-chip color area
[EXIF, ExifIFD, Image] 41728 - File Source: Digital Camera
[EXIF, ExifIFD, Image] 41729 - Scene Type: Directly photographed
[EXIF, ExifIFD, Image] 41985 - Custom Rendered: Normal
[EXIF, ExifIFD, Camera] 41986 - Exposure Mode: Manual
[EXIF, ExifIFD, Camera] 41987 - White Balance: Auto
[EXIF, ExifIFD, Camera] 41989 - Focal Length In 35mm Format: 15 mm
[EXIF, ExifIFD, Camera] 41990 - Scene Capture Type: Standard
[EXIF, ExifIFD, Camera] 41992 - Contrast: Normal
[EXIF, ExifIFD, Camera] 41993 - Saturation: Normal
[EXIF, ExifIFD, Camera] 41994 - Sharpness: Normal
[EXIF, ExifIFD, Camera] 41996 - Subject Distance Range: Distant
[EXIF, IFD1, Image] 259 - Compression: JPEG (old-style)
[EXIF, IFD1, Image] 282 - X Resolution: 72
[EXIF, IFD1, Image] 283 - Y Resolution: 72
[EXIF, IFD1, Image] 296 - Resolution Unit: inches
[EXIF, IFD1, Image] 513 - Thumbnail Offset: 2418
[EXIF, IFD1, Image] 514 - Thumbnail Length: 28
[EXIF, IFD1, Preview] Exif-ThumbnailImage - Thumbnail Image: (Binary data 28 bytes)
[MakerNotes, Pentax, Camera] 0 - Pentax Version: 3.0.0.0
[MakerNotes, Pentax, Camera] 1 - Pentax Model Type: 0
[MakerNotes, Pentax, Image] 2 - Preview Image Size: 640x480
[MakerNotes, Pentax, Image] 3 - Preview Image Length: 26
[MakerNotes, Pentax, Image] 4 - Preview Image Start: 2446
[MakerNotes, Pentax, Camera] 5 - Pentax Model ID: K10D
[MakerNotes, Pentax, Time] 6 - Date: 2008:03:02
[MakerNotes, Pentax, Time] 7 - Time: 12:01:23
[MakerNotes, Pentax, Camera] 8 - Quality: Better
[MakerNotes, Pentax, Camera] 12 - Flash Mode: Off, Did not fire; Internal
[MakerNotes, Pentax, Camera] 13 - Focus Mode: AF-S (Focus-priority)
[MakerNotes, Pentax, Camera] 14 - AF Point Selected: Center
[MakerNotes, Pentax, Camera] 18 - Exposure Time: 1/100
[MakerNotes, Pentax, Camera] 19 - F Number: 13.0
[MakerNotes, Pentax, Camera] 20 - ISO: 100
[MakerNotes, Pentax, Camera] 22 - Exposure Compensation: +0.7
[MakerNotes, Pentax, Camera] 23 - Metering Mode: Multi-segment
[MakerNotes, Pentax, Camera] 24 - Auto Bracketing: 0 EV, No Extended Bracket
[MakerNotes, Pentax, Camera] 25 - White Balance: Auto
[MakerNotes, Pentax, Camera] 26 - White Balance Mode: Auto (Daylight)
[MakerNotes, Pentax, Camera] 29 - Focal Length: 10.0 mm
[MakerNotes, Pentax, Camera] 31 - Saturation: 0 (normal)
[MakerNotes, Pentax, Camera] 32 - Contrast: 0 (normal)
[MakerNotes, Pentax, Camera] 33 - Sharpness: 0 (normal)
[MakerNotes, Pentax, Time] 34 - World Time Location: Hometown
[MakerNotes, Pentax, Time] 35 - Hometown City: Toronto
[MakerNotes, Pentax, Time] 36 - Destination City: New York
[MakerNotes, Pentax, Time] 37 - Hometown DST: No
[MakerNotes, Pentax, Time] 38 - Destination DST: No
[MakerNotes, Pentax, Camera] 39 - DSP Firmware Version: 1.30.00.18
[MakerNotes, Pentax, Camera] 40 - CPU Firmware Version: 1.30.00.18
[MakerNotes, Pentax, Camera] 45 - Effective LV: 14.8
[MakerNotes, Pentax, Camera] 50 - Image Editing: None
[MakerNotes, Pentax, Camera] 51 - Picture Mode: Aperture Priority; 1/3 EV steps
[MakerNotes, Pentax, Camera] 52 - Drive Mode: Single-frame; No Timer; Shutter Button; Single Exposure
[MakerNotes, Pentax, Camera] 55 - Color Space: sRGB
[MakerNotes, Pentax, Camera] 61 - Data Scaling: 8192
[MakerNotes, Pentax, Camera] 62 - Preview Image Borders: 28 28 0 0
[MakerNotes, Pentax, Camera] 0 - Lens Type: Sigma or Tamron Lens (3 44)
[MakerNotes, Pentax, Camera] 64 - Sensitivity Adjust: 0
[MakerNotes, Pentax, Camera] 65 - Image Edit Count: 0
[MakerNotes, Pentax, Camera] 71 - Camera Temperature: 12 C
[MakerNotes, Pentax, Camera] 72 - AE Lock: Off
[MakerNotes, Pentax, Camera] 73 - Noise Reduction: Off
[MakerNotes, Pentax, Camera] 77 - Flash Exposure Comp: 0
[MakerNotes, Pentax, Camera] 79 - Image Tone: Natural
[MakerNotes, Pentax, Camera] 0 - SR Result: Stabilized
[MakerNotes, Pentax, Camera] 1 - Shake Reduction: On
[MakerNotes, Pentax, Camera] 2 - SR Half Press Time: 1.53 s
[MakerNotes, Pentax, Camera] 3 - SR Focal Length: 10 mm
[MakerNotes, Pentax, Camera] 93 - Shutter Count: 1648
[MakerNotes, Pentax, Camera] 98 - Raw Development Process: 1 (K10D,K200D,K2000,K-m)
[MakerNotes, Pentax, Camera] 512 - Black Point: 0 0 0 0
[MakerNotes, Pentax, Camera] 513 - White Point: 13568 8192 8192 9088
[MakerNotes, Pentax, Camera] 0 - Picture Mode 2: Aperture Priority
[MakerNotes, Pentax, Camera] 1.1 - Program Line: Normal
[MakerNotes, Pentax, Camera] 1.2 - EV Steps: 1/3 EV Steps
[MakerNotes, Pentax, Camera] 1.3 - E-Dial In Program: Tv or Av
[MakerNotes, Pentax, Camera] 1.4 - Aperture Ring Use: Permitted
[MakerNotes, Pentax, Camera] 2 - Flash Options: Wireless (Master)
[MakerNotes, Pentax, Camera] 2.1 - Metering Mode 2: Multi-segment
[MakerNotes, Pentax, Camera] 3 - AF Point Mode: Select
[MakerNotes, Pentax, Camera] 3.1 - Focus Mode 2: AF-S
[MakerNotes, Pentax, Camera] 4 - AF Point Selected 2: Center
[MakerNotes, Pentax, Camera] 6 - ISO Floor: 100
[MakerNotes, Pentax, Camera] 7 - Drive Mode 2: Single-frame
[MakerNotes, Pentax, Camera] 8 - Exposure Bracket Step Size: 0.3
[MakerNotes, Pentax, Camera] 9 - Bracket Shot Number: n/a
[MakerNotes, Pentax, Camera] 10 - White Balance Set: Auto
[MakerNotes, Pentax, Camera] 10.1 - Multiple Exposure Set: Off
[MakerNotes, Pentax, Camera] 13 - Raw And Jpg Recording: RAW+JPEG (PEF, Better)
[MakerNotes, Pentax, Camera] 14.1 - Jpg Recorded Pixels: 6 MP
[MakerNotes, Pentax, Camera] 16 - Flash Options 2: Wireless (Master)
[MakerNotes, Pentax, Camera] 16.1 - Metering Mode 3: Multi-segment
[MakerNotes, Pentax, Camera] 17.1 - SR Active: Yes
[MakerNotes, Pentax, Camera] 17.2 - Rotation: Rotate 270 CW
[MakerNotes, Pentax, Camera] 17.3 - ISO Setting: Manual
[MakerNotes, Pentax, Camera] 17.4 - Sensitivity Steps: 1 EV Steps
[MakerNotes, Pentax, Camera] 18 - Tv Exposure Time Setting: 1/203
[MakerNotes, Pentax, Camera] 19 - Av Aperture Setting: 12.7
[MakerNotes, Pentax, Camera] 20 - Sv ISO Setting: 100
[MakerNotes, Pentax, Camera] 21 - Base Exposure Compensation: +0.7
[MakerNotes, Pentax, Camera] 0 - AE Exposure Time: 1/101
[MakerNotes, Pentax, Camera] 1 - AE Aperture: 12.9
[MakerNotes, Pentax, Camera] 2 - AE ISO: 100
[MakerNotes, Pentax, Camera] 3 - AE Xv: -0.625
[MakerNotes, Pentax, Camera] 4 - AEB Xv: 0
[MakerNotes, Pentax, Camera] 5 - AE Min Exposure Time: 1/3862
[MakerNotes, Pentax, Camera] 6 - AE Program Mode: Av, B or X
[MakerNotes, Pentax, Camera] 8 - AE Aperture Steps: 28
[MakerNotes, Pentax, Camera] 9 - AE Max Aperture: 4.0
[MakerNotes, Pentax, Camera] 10 - AE Max Aperture 2: 4.0
[MakerNotes, Pentax, Camera] 11 - AE Min Aperture: 23
[MakerNotes, Pentax, Camera] 12 - AE Metering Mode: Multi-segment
[MakerNotes, Pentax, Camera] 14 - Flash Exposure Comp. Setting: 0
[MakerNotes, Pentax, Camera] 0 - Lens Type: Sigma or Tamron Lens (3 44)
[MakerNotes, Pentax, Camera] 0.1 - Auto Aperture: On
[MakerNotes, Pentax, Camera] 0.2 - Min Aperture: 22
[MakerNotes, Pentax, Camera] 0.3 - Lens F Stops: 8.5
[MakerNotes, Pentax, Camera] 3 - Min Focus Distance: 0.49-0.50 m
[MakerNotes, Pentax, Camera] 3.1 - Focus Range Index: 7 (very far)
[MakerNotes, Pentax, Camera] 9 - Lens Focal Length: 10.0 mm
[MakerNotes, Pentax, Camera] 10 - Nominal Max Aperture: 4.0
[MakerNotes, Pentax, Camera] 10.1 - Nominal Min Aperture: 23
[MakerNotes, Pentax, Camera] 14.1 - Max Aperture: 3.9
[MakerNotes, Pentax, Camera] 0 - Flash Status: Off
[MakerNotes, Pentax, Camera] 1 - Internal Flash Mode: Did not fire, Wireless (Master)
[MakerNotes, Pentax, Camera] 2 - External Flash Mode: Off
[MakerNotes, Pentax, Camera] 3 - Internal Flash Strength: 18
[MakerNotes, Pentax, Camera] 4 - TTL DA A Up: 0
[MakerNotes, Pentax, Camera] 5 - TTL DA A Down: 0
[MakerNotes, Pentax, Camera] 6 - TTL DA B Up: 0
[MakerNotes, Pentax, Camera] 7 - TTL DA B Down: 0
[MakerNotes, Pentax, Camera] 24.1 - External Flash Guide Number: n/a
[MakerNotes, Pentax, Camera] 25 - External Flash Exposure Comp: n/a
[MakerNotes, Pentax, Camera] 26 - External Flash Bounce: n/a
[MakerNotes, Pentax, Camera] 521 - AE Metering Segments: 13.5 13.6 13.5 13.2 13.6 15.0 13.8 12.9 13.8 16.4 14.4 13.9 14.4 15.8 14.0 16.0
[MakerNotes, Pentax, Camera] 522 - Flash Metering Segments: 0 0 0 0 0 0 0 0 0 0 0 0 0 0 0 0
[MakerNotes, Pentax, Camera] 523 - Slave Flash Metering Segments: 0 0 0 0 0 0 0 0 0 0 0 0 0 0 0 0
[MakerNotes, Pentax, Camera] 525 - WB RGGB Levels Daylight: 13600 8192 8192 8765
[MakerNotes, Pentax, Camera] 526 - WB RGGB Levels Shade: 16128 8192 8192 6635
[MakerNotes, Pentax, Camera] 527 - WB RGGB Levels Cloudy: 14560 8192 8192 7782
[MakerNotes, Pentax, Camera] 528 - WB RGGB Levels Tungsten: 8192 8192 8192 20971
[MakerNotes, Pentax, Camera] 529 - WB RGGB Levels Fluorescent D: 17376 8192 8192 8847
[MakerNotes, Pentax, Camera] 530 - WB RGGB Levels Fluorescent N: 14528 8192 8192 10076
[MakerNotes, Pentax, Camera] 531 - WB RGGB Levels Fluorescent W: 13088 8192 8192 12206
[MakerNotes, Pentax, Camera] 532 - WB RGGB Levels Flash: 13632 8192 8192 8601
[MakerNotes, Pentax, Camera] 0 - Pentax Model ID: K10D
[MakerNotes, Pentax, Time] 1 - Manufacture Date: 2007:09:13
[MakerNotes, Pentax, Camera] 2 - Production Code: 2.1
[MakerNotes, Pentax, Camera] 4 - Internal Serial Number: 132352
[MakerNotes, Pentax, Camera] 0.1 - Power Source: Body Battery
[MakerNotes, Pentax, Camera] 1.1 - Body Battery State: Full
[MakerNotes, Pentax, Camera] 1.2 - Grip Battery State: Empty or Missing
[MakerNotes, Pentax, Camera] 2 - Body Battery A/D No Load: 173 (7.6V, 51%)
[MakerNotes, Pentax, Camera] 3 - Body Battery A/D Load: 168 (7.4V, 47%)
[MakerNotes, Pentax, Camera] 4 - Grip Battery A/D No Load: 5
[MakerNotes, Pentax, Camera] 5 - Grip Battery A/D Load: 1
[MakerNotes, Pentax, Camera] 4 - AF Predictor: 4
[MakerNotes, Pentax, Camera] 6 - AF Defocus: 2
[MakerNotes, Pentax, Camera] 7 - AF Integration Time: 0 ms
[MakerNotes, Pentax, Camera] 11 - AF Points In Focus: Center (horizontal)
[MakerNotes, Pentax, Image] 16 - WB Shift AB: 0
[MakerNotes, Pentax, Image] 17 - WB Shift GM: 0
[MakerNotes, Pentax, Preview] Exif-PreviewImage - Preview Image: (Binary data 26 bytes)
[PrintIM, PrintIM, Printing] PrintIMVersion - PrintIM Version: 0300
[Composite, Composite, Image] Exif-Aperture - Aperture: 13.0
[Composite, Composite, Image] Exif-ImageSize - Image Size: 8x8
[Composite, Composite, Camera] Exif-LensID - Lens ID: Sigma AF 10-20mm F4-5.6 EX DC
[Composite, Composite, Image] Exif-Megapixels - Megapixels: 0.000064
[Composite, Composite, Camera] Exif-ScaleFactor35efl - Scale Factor To 35 mm Equivalent: 1.5
[Composite, Composite, Image] Exif-ShutterSpeed - Shutter Speed: 1/100
[Composite, Composite, Camera] Exif-CircleOfConfusion - Circle Of Confusion: 0.020 mm
[Composite, Composite, Image] Exif-FOV - Field Of View: 100.4 deg
[Composite, Composite, Camera] Exif-FocalLength35efl - Focal Length: 10.0 mm (35 mm equivalent: 15.0 mm)
[Composite, Composite, Camera] Exif-HyperfocalDistance - Hyperfocal Distance: 0.38 m
[Composite, Composite, Image] Exif-LightValue - Light Value: 14.0
