[ExifTool, ExifTool, ExifTool] ExifToolVersion - ExifTool Version Number: 10.38
[File, System, Image] FileName - File Name: PhaseOne_3_failed.iiq
[File, System, Image] Directory - Directory: t
[File, System, Image] FileSize - File Size: 3.3 kB
[File, System, Time] FileModifyDate - File Modification Date/Time: 2016:12:29 11:37:22-05:00
[File, System, Time] FileAccessDate - File Access Date/Time: 2016:12:29 11:37:22-05:00
[File, System, Time] FileInodeChangeDate - File Inode Change Date/Time: 2016:12:29 11:37:22-05:00
[File, System, Image] FilePermissions - File Permissions: rw-r--r--
[File, File, Image] FileType - File Type: IIQ
[File, File, Image] FileTypeExtension - File Type Extension: iiq
[File, File, Image] MIMEType - MIME Type: image/x-raw
[File, File, Image] ExifByteOrder - Exif Byte Order: Little-endian (Intel, II)
[EXIF, IFD0, Image] 254 - Subfile Type: Full-resolution Image
[EXIF, IFD0, Image] 256 - Image Width: 1
[EXIF, IFD0, Image] 257 - Image Height: 1
[EXIF, IFD0, Image] 258 - Bits Per Sample: 8 8 8
[EXIF, IFD0, Image] 259 - Compression: Uncompressed
[EXIF, IFD0, Image] 262 - Photometric Interpretation: RGB
[EXIF, IFD0, Camera] 271 - Make: Leaf
[EXIF, IFD0, Camera] 272 - Camera Model Name: Credo 40
[EXIF, IFD0, Image] 273 - Strip Offsets: 3370
[EXIF, IFD0, Image] 277 - Samples Per Pixel: 3
[EXIF, IFD0, Image] 278 - Rows Per Strip: 1
[EXIF, IFD0, Image] 279 - Strip Byte Counts: 3
[EXIF, IFD0, Image] 282 - X Resolution: 341.3333333
[EXIF, IFD0, Image] 283 - Y Resolution: 341.3333333
[EXIF, IFD0, Image] 284 - Planar Configuration: Chunky
[EXIF, IFD0, Image] 296 - Resolution Unit: inches
[EXIF, ExifIFD, Image] 18246 - Rating: 0
[EXIF, ExifIFD, Image] 33434 - Exposure Time: 1/1250
[EXIF, ExifIFD, Image] 33437 - F Number: 5.6
[EXIF, ExifIFD, Image] 34855 - ISO: 100
[EXIF, ExifIFD, Image] 36864 - Exif Version: 0220
[EXIF, ExifIFD, Time] 36867 - Date/Time Original: 2013:06:19 15:44:21
[EXIF, ExifIFD, Time] 36868 - Create Date: 2013:06:19 15:44:21
[EXIF, ExifIFD, Image] 37122 - Compressed Bits Per Pixel: 3
[EXIF, ExifIFD, Image] 37377 - Shutter Speed Value: 1/1250
[EXIF, ExifIFD, Image] 37378 - Aperture Value: 5.6
[EXIF, ExifIFD, Camera] 37384 - Light Source: Daylight
[EXIF, ExifIFD, Camera] 37386 - Focal Length: 80.0 mm
[EXIF, ExifIFD, Image] 40962 - Exif Image Width: 7320
[EXIF, ExifIFD, Image] 40963 - Exif Image Height: 5484
[EXIF, ExifIFD, Camera] 41495 - Sensing Method: One-chip color area
[EXIF, ExifIFD, Camera] 41987 - White Balance: Manual
[EXIF, ExifIFD, Image] 42016 - Image Unique ID: 00004C20007000000400E05800000508
[EXIF, ExifIFD, Image] 42033 - Serial Number: 1234
[EXIF, IFD1, Image] 254 - Subfile Type: Reduced-resolution image
[EXIF, IFD1, Image] 256 - Image Width: 1
[EXIF, IFD1, Image] 257 - Image Height: 1
[EXIF, IFD1, Image] 258 - Bits Per Sample: 8 8 8
[EXIF, IFD1, Image] 259 - Compression: Uncompressed
[EXIF, IFD1, Image] 262 - Photometric Interpretation: RGB
[EXIF, IFD1, Image] 273 - Strip Offsets: 3366
[EXIF, IFD1, Image] 277 - Samples Per Pixel: 3
[EXIF, IFD1, Image] 278 - Rows Per Strip: 1
[EXIF, IFD1, Image] 279 - Strip Byte Counts: 3
[EXIF, IFD1, Image] 282 - X Resolution: 341.3333333
[EXIF, IFD1, Image] 283 - Y Resolution: 341.3333333
[EXIF, IFD1, Image] 284 - Planar Configuration: Chunky
[EXIF, IFD1, Image] 296 - Resolution Unit: inches
[EXIF, IFD1, Preview] ThumbnailTIFF - Thumbnail TIFF: (Binary data 219 bytes)
[MakerNotes, PhaseOne, Camera] 271 - Raw Data: (Binary data 15 bytes)
[MakerNotes, PhaseOne, Camera] 256 - Camera Orientation: Horizontal (normal)
[MakerNotes, PhaseOne, Camera] 533 - Phase One 0x0215: 2
[MakerNotes, PhaseOne, Camera] 264 - Sensor Width: 7372
[MakerNotes, PhaseOne, Camera] 265 - Sensor Height: 5536
[MakerNotes, PhaseOne, Camera] 266 - Sensor Left Margin: 36
[MakerNotes, PhaseOne, Camera] 267 - Sensor Top Margin: 6
[MakerNotes, PhaseOne, Camera] 268 - Image Width: 7320
[MakerNotes, PhaseOne, Camera] 269 - Image Height: 5484
[MakerNotes, PhaseOne, Camera] 270 - Raw Format: IIQ L
[MakerNotes, PhaseOne, Camera] 259 - Phase One 0x0103: 19
[MakerNotes, PhaseOne, Camera] 275 - Image Number: 1288
[MakerNotes, PhaseOne, Camera] 257 - Phase One 0x0101: 32
[MakerNotes, PhaseOne, Camera] 260 - Phase One 0x0104: 50
[MakerNotes, PhaseOne, Camera] 261 - ISO: 100
[MakerNotes, PhaseOne, Camera] 523 - Phase One 0x020b: 0
[MakerNotes, PhaseOne, Camera] 524 - Phase One 0x020c: 2
[MakerNotes, PhaseOne, Camera] 581 - Phase One 0x0245: 1.20000004768372
[MakerNotes, PhaseOne, Camera] 526 - Phase One 0x020e: 3
[MakerNotes, PhaseOne, Camera] 528 - Sensor Temperature: 37.00 C
[MakerNotes, PhaseOne, Camera] 529 - Sensor Temperature 2: 37.00 C
[MakerNotes, PhaseOne, Time] 530 - Unknown Date: 2013:06:19 15:44:22
[MakerNotes, PhaseOne, Camera] 531 - Phase One 0x0213: 32
[MakerNotes, PhaseOne, Time] 274 - Date/Time Original: 2013:06:19 15:44:21
[MakerNotes, PhaseOne, Camera] 542 - Phase One 0x021e: 1
[MakerNotes, PhaseOne, Camera] 544 - Phase One 0x0220: 32
[MakerNotes, PhaseOne, Camera] 545 - Phase One 0x0221: 0
[MakerNotes, PhaseOne, Camera] 580 - Phase One 0x0244: 0
[MakerNotes, PhaseOne, Camera] 554 - Phase One 0x022a: 0
[MakerNotes, PhaseOne, Camera] 555 - Phase One 0x022b: 0
[MakerNotes, PhaseOne, Camera] 556 - Phase One 0x022c: 0
[MakerNotes, PhaseOne, Camera] 551 - Phase One 0x0227: 0
[MakerNotes, PhaseOne, Camera] 553 - Phase One 0x0229: 0
[MakerNotes, PhaseOne, Camera] 768 - Phase One 0x0300: 2097264
[MakerNotes, PhaseOne, Camera] 772 - Phase One 0x0304: 4
[MakerNotes, PhaseOne, Camera] 541 - Black Level: 1024
[MakerNotes, PhaseOne, Camera] 263 - WB RGB Levels: 1.30548012256622 1 1.41912007331848
[MakerNotes, PhaseOne, Camera] 262 - Color Matrix 1: 1.280 -0.280 0.000 -0.050 1.180 -0.130 0.000 -0.250 1.250
[MakerNotes, PhaseOne, Camera] 550 - Color Matrix 2: 1.950 -0.950 0.000 -0.250 1.750 -0.500 0.000 -0.950 1.950
[MakerNotes, PhaseOne, Camera] 1042 - Lens Model: Mamiya LS 80mm f/2.8 D
[MakerNotes, PhaseOne, Camera] 540 - Strip Offsets: (Binary data 54 bytes)
[MakerNotes, PhaseOne, Camera] 547 - Black Level Data: (Binary data 65 bytes)
[MakerNotes, PhaseOne, Camera] 546 - Split Column: 3696
[MakerNotes, PhaseOne, Camera] 549 - Phase One 0x0225: 25660 28021 31085 25632 29793 15969
[MakerNotes, PhaseOne, Camera] 548 - Phase One 0x0224: 2748
[MakerNotes, PhaseOne, Camera] 769 - Firmware Versions: Credo 40, Factory Firmware: 1.01.4
[MakerNotes, PhaseOne, Camera] 515 - Software: Camera back, Firmware: 1.01.4
[MakerNotes, PhaseOne, Camera] 516 - System: Digital Camera Back
[MakerNotes, PhaseOne, Camera] 258 - Serial Number: 1234
[MakerNotes, PhaseOne, Camera] 1024 - Shutter Speed Value: 1/1250
[MakerNotes, PhaseOne, Camera] 1025 - Aperture Value: 5.6
[MakerNotes, PhaseOne, Camera] 1027 - Focal Length: 80.0 mm
[MakerNotes, PhaseOne, Camera] 578 - Phase One 0x0242: 1
[MakerNotes, PhaseOne, Camera] 579 - Phase One 0x0243: 27
[MakerNotes, PhaseOne, Camera] 1041 - Phase One 0x0411: 33556736
[MakerNotes, PhaseOne, Camera] 1043 - Phase One 0x0413: 16909056
[MakerNotes, PhaseOne, Camera] 1028 - Sensor Calibration 0x0404: IGNORE
[MakerNotes, PhaseOne, Camera] 1029 - Sensor Calibration 0x0405: IGNORE
[MakerNotes, PhaseOne, Camera] 1030 - Sensor Calibration 0x0406: IGNORE
[MakerNotes, PhaseOne, Camera] 1031 - Serial Number: 1234
[MakerNotes, PhaseOne, Camera] 1026 - Sensor Calibration 0x0402: 
[MakerNotes, PhaseOne, Camera] 1032 - Sensor Calibration 0x0408: -71.6800003051758 1.93874990940094
[MakerNotes, PhaseOne, Camera] 1043 - Sensor Calibration 0x0413: 10
[MakerNotes, PhaseOne, Camera] 1065 - Sensor Calibration 0x0429: 1836409916 1679849837 1046574177
[MakerNotes, PhaseOne, Camera] 1066 - Sensor Calibration 0x042a: 1836409916 1679849837 1046574177
[MakerNotes, PhaseOne, Camera] 1067 - Sensor Calibration 0x042b: 1836409916 1679849837 1046574177
[MakerNotes, PhaseOne, Camera] 1068 - Sensor Calibration 0x042c: 1836409916 1679849837 1046574177
[MakerNotes, PhaseOne, Camera] 1073 - Sensor Calibration 0x0431: 2834 5641 11238 18190 25062 31884 37951 10032 10042 100[...]
[MakerNotes, PhaseOne, Camera] 1074 - Sensor Calibration 0x0432: 4914 10023 20046 40093 10026 10030 10032 10031 10000 10[...]
[MakerNotes, PhaseOne, Camera] 1069 - Sensor Calibration 0x042d: 1836409916 1679849837 1046574177
[MakerNotes, PhaseOne, Camera] 1070 - Sensor Calibration 0x042e: 1836409916 1679849837 1046574177
[MakerNotes, PhaseOne, Camera] 1071 - Sensor Calibration 0x042f: 1836409916 1679849837 1046574177
[MakerNotes, PhaseOne, Camera] 1072 - Sensor Calibration 0x0430: 1836409916 1679849837 1046574177
[MakerNotes, PhaseOne, Camera] 1076 - Sensor Calibration 0x0434: 1836409916 1679849837 1046574177
[MakerNotes, PhaseOne, Camera] 1077 - Sensor Calibration 0x0435: 1836409916 1679849837 1046574177
[MakerNotes, PhaseOne, Camera] 1078 - Sensor Calibration 0x0436: 1836409916 1679849837 1046574177
[MakerNotes, PhaseOne, Camera] 1079 - Sensor Calibration 0x0437: 1836409916 1679849837 1046574177
[MakerNotes, PhaseOne, Camera] 1052 - Sensor Calibration 0x041c: 0.989000022411346 0.972000002861023
[MakerNotes, PhaseOne, Camera] 1044 - Sensor Calibration 0x0414: 4 1.06456995010376 -0.060589998960495 -0.00398000003769994 0.00316999992355704 1.00963997840881 -0.012810000218451 0.00692000007256866 0.0190500002354383 0.974020004272461 0.939149975776672 0.0562799982726574 0.00457999994978309 -0.00303000002168119 0.990019977092743 0.0130099998787045 -0.00662000011652708 -0.0197700001299381 1.02637994289398 0.988960027694702 0.971849977970123 0.89521998167038
[MakerNotes, PhaseOne, Camera] 1075 - Sensor Calibration 0x0433: 1836409916 1679849837 1046574177
[MakerNotes, PhaseOne, Camera] 1024 - Sensor Defects: (Binary data 12 bytes)
[MakerNotes, PhaseOne, Camera] 1040 - All Color Flat Field 2: (Binary data 12 bytes)
[MakerNotes, PhaseOne, Camera] 1040 - All Color Flat Field 2: (Binary data 12 bytes)
[MakerNotes, PhaseOne, Camera] 1040 - All Color Flat Field 2: (Binary data 12 bytes)
[MakerNotes, PhaseOne, Camera] 1040 - All Color Flat Field 2: (Binary data 12 bytes)
[MakerNotes, PhaseOne, Camera] 1040 - All Color Flat Field 2: (Binary data 12 bytes)
[MakerNotes, PhaseOne, Camera] 1040 - All Color Flat Field 2: (Binary data 12 bytes)
[MakerNotes, PhaseOne, Camera] 1040 - All Color Flat Field 2: (Binary data 12 bytes)
[MakerNotes, PhaseOne, Camera] 1040 - All Color Flat Field 2: (Binary data 12 bytes)
[MakerNotes, PhaseOne, Camera] 1040 - All Color Flat Field 2: (Binary data 12 bytes)
[MakerNotes, PhaseOne, Camera] 1040 - All Color Flat Field 2: (Binary data 12 bytes)
[MakerNotes, PhaseOne, Camera] 1040 - All Color Flat Field 2: (Binary data 12 bytes)
[MakerNotes, PhaseOne, Camera] 1035 - Red Blue Flat Field: (Binary data 12 bytes)
[MakerNotes, PhaseOne, Camera] 1035 - Red Blue Flat Field: (Binary data 12 bytes)
[MakerNotes, PhaseOne, Camera] 1035 - Red Blue Flat Field: (Binary data 12 bytes)
[MakerNotes, PhaseOne, Camera] 1035 - Red Blue Flat Field: (Binary data 12 bytes)
[MakerNotes, PhaseOne, Camera] 1035 - Red Blue Flat Field: (Binary data 12 bytes)
[MakerNotes, PhaseOne, Camera] 1035 - Red Blue Flat Field: (Binary data 12 bytes)
[MakerNotes, PhaseOne, Camera] 1035 - Red Blue Flat Field: (Binary data 12 bytes)
[MakerNotes, PhaseOne, Camera] 1035 - Red Blue Flat Field: (Binary data 12 bytes)
[MakerNotes, PhaseOne, Camera] 586 - Phase One 0x024a: 1363265759
[Composite, Composite, Image] Aperture - Aperture: 5.6
[Composite, Composite, Image] ImageSize - Image Size: 7320x5484
[Composite, Composite, Image] Megapixels - Megapixels: 40.1
[Composite, Composite, Image] ShutterSpeed - Shutter Speed: 1/1250
[Composite, Composite, Camera] BlueBalance - Blue Balance: 1.41912
[Composite, Composite, Image] LightValue - Light Value: 15.3
[Composite, Composite, Camera] RedBalance - Red Balance: 1.30548
[Composite, Composite, Camera] FocalLength35efl - Focal Length: 80.0 mm
