[ExifTool, ExifTool, ExifTool] ExifToolVersion - ExifTool Version Number: 12.49
[ExifTool, ExifTool, ExifTool] Warning - Warning: IPTCDigest is not current. XMP may be out of sync
[File, System, Other] FileName - File Name: Photoshop_3_failed.psd
[File, System, Other] Directory - Directory: t
[File, System, Other] FileSize - File Size: 17 kB
[File, System, Time] FileModifyDate - File Modification Date/Time: 2022:10:19 14:17:57-04:00
[File, System, Time] FileAccessDate - File Access Date/Time: 2022:10:19 14:17:57-04:00
[File, System, Time] FileInodeChangeDate - File Inode Change Date/Time: 2022:10:19 14:17:57-04:00
[File, System, Other] FilePermissions - File Permissions: -rw-r--r--
[File, File, Other] FileType - File Type: PSD
[File, File, Other] FileTypeExtension - File Type Extension: psd
[File, File, Other] MIMEType - MIME Type: application/vnd.adobe.photoshop
[File, File, Image] CurrentIPTCDigest - Current IPTC Digest: 01c26dbee9b75ddbe23315cf1b5e1486
[File, File, Image] ExifByteOrder - Exif Byte Order: Big-endian (Motorola, MM)
[Photoshop, Photoshop, Image] 6 - Num Channels: 3
[Photoshop, Photoshop, Image] 7 - Image Height: 8
[Photoshop, Photoshop, Image] 9 - Image Width: 8
[Photoshop, Photoshop, Image] 11 - Bit Depth: 8
[Photoshop, Photoshop, Image] 12 - Color Mode: RGB
[Photoshop, Photoshop, Image] 1061 - IPTC Digest: b765e54396f2885e9a76ff4ad665b190
[Photoshop, Photoshop, Image] 1002 - XML Data: (Binary data 7600 bytes)
[Photoshop, Photoshop, Image] 1001 - Macintosh Print Info: .HH.ﬁ.@ˇÓˇÓ...R.g.(.¸.HH.ÿ.(.d......ˇ..h...ê 
[Photoshop, Photoshop, Image] 0 - X Resolution: 120
[Photoshop, Photoshop, Image] 2 - Displayed Units X: inches
[Photoshop, Photoshop, Image] 4 - Y Resolution: 120
[Photoshop, Photoshop, Image] 6 - Displayed Units Y: inches
[Photoshop, Photoshop, Image] 0 - Print Style: Centered
[Photoshop, Photoshop, Image] 2 - Print Position: 0 0
[Photoshop, Photoshop, Image] 10 - Print Scale: 1
[Photoshop, Photoshop, Image] 1037 - Global Angle: 120
[Photoshop, Photoshop, Image] 1049 - Global Altitude: 30
[Photoshop, Photoshop, Image] 1011 - Print Flags: Print flags
[Photoshop, Photoshop, Author] 1034 - Copyright Flag: False
[Photoshop, Photoshop, Author] 1035 - URL: https://exiftool.org/                    
[Photoshop, Photoshop, Image] 10000 - Print Flags Info: ..
[Photoshop, Photoshop, Image] 1013 - Color Halftoning Info: /ff.lff../ff.°ôö..2.Z..5.-..
[Photoshop, Photoshop, Image] 1016 - Color Transfer Funcs: ˇˇˇˇˇˇˇˇˇˇˇˇˇˇˇˇˇˇˇˇˇˇ.Ëˇˇˇˇˇˇˇˇˇˇˇˇˇˇˇˇˇˇˇˇˇˇ.Ëˇˇˇˇˇˇˇˇˇˇˇˇˇˇˇˇˇˇˇˇˇˇ.Ëˇˇˇˇˇˇˇˇˇˇˇˇˇˇˇˇˇˇˇˇˇˇ.Ë
[Photoshop, Photoshop, Image] 1032 - Grid Guides Info: ..@.@
[Photoshop, Photoshop, Image] 1054 - URL List: 
[Photoshop, Photoshop, Other] 20 - Slices Group Name: b
[Photoshop, Photoshop, Other] 24 - Num Slices: 1
[Photoshop, Photoshop, Image] 1044 - IDs Base Value: 1
[Photoshop, Photoshop, Image] 4 - Has Real Merged Data: Yes
[Photoshop, Photoshop, Image] 5 - Writer Name: Adobe Photoshop
[Photoshop, Photoshop, Image] 9 - Reader Name: Adobe Photoshop 7.0
[Photoshop, Photoshop, Image] _xcnt - Layer Count: 0
[Photoshop, Photoshop, Image] 0 - Compression: RLE
[IPTC, IPTC, Other] 0 - Application Record Version: 2
[IPTC, IPTC, Other] 120 - Caption-Abstract: This is a teeny weeny white square
[IPTC, IPTC, Author] 122 - Writer-Editor: Me too
[IPTC, IPTC, Author] 80 - By-line: Phil Again
[IPTC, IPTC, Author] 85 - By-line Title: Supreme leader
[IPTC, IPTC, Other] 5 - Object Name: Test Picture
[IPTC, IPTC, Author] 116 - Copyright Notice: Free for all
[XMP, XMP-x, Document] xmptk - XMP Toolkit: Image::ExifTool 12.49
[XMP, XMP-rdf, Document] about - About: uuid:c197d41e-f8f7-11d9-b03e-c023c3939af5
[XMP, XMP-dc, Author] creator - Creator: Phil Harvey
[XMP, XMP-dc, Image] description - Description: This is a teeny weeny white square
[XMP, XMP-dc, Author] rights - Rights: Free for all
[XMP, XMP-dc, Image] title - Title: Test Picture
[XMP, XMP-photoshop, Author] AuthorsPosition - Authors Position: Supreme leader
[XMP, XMP-photoshop, Author] CaptionWriter - Caption Writer: Me too
[XMP, XMP-xmpBJ, Other] JobRefName - Job Ref Name: This isn't a job
[XMP, XMP-xmpMM, Other] DocumentID - Document ID: adobe:docid:photoshop:c197d41a-f8f7-11d9-b03e-c023c3939af5
[XMP, XMP-xmpRights, Author] WebStatement - Web Statement: https://exiftool.org/
[ICC_Profile, ICC-header, Image] 4 - Profile CMM Type: Adobe Systems Inc.
[ICC_Profile, ICC-header, Image] 8 - Profile Version: 2.1.0
[ICC_Profile, ICC-header, Image] 12 - Profile Class: Display Device Profile
[ICC_Profile, ICC-header, Image] 16 - Color Space Data: RGB 
[ICC_Profile, ICC-header, Image] 20 - Profile Connection Space: XYZ 
[ICC_Profile, ICC-header, Time] 24 - Profile Date Time: 1999:06:03 00:00:00
[ICC_Profile, ICC-header, Image] 36 - Profile File Signature: acsp
[ICC_Profile, ICC-header, Image] 40 - Primary Platform: Apple Computer Inc.
[ICC_Profile, ICC-header, Image] 44 - CMM Flags: Not Embedded, Independent
[ICC_Profile, ICC-header, Image] 48 - Device Manufacturer: none
[ICC_Profile, ICC-header, Image] 52 - Device Model: 
[ICC_Profile, ICC-header, Image] 56 - Device Attributes: Reflective, Glossy, Positive, Color
[ICC_Profile, ICC-header, Image] 64 - Rendering Intent: Media-Relative Colorimetric
[ICC_Profile, ICC-header, Image] 68 - Connection Space Illuminant: 0.9642 1 0.82491
[ICC_Profile, ICC-header, Image] 80 - Profile Creator: Adobe Systems Inc.
[ICC_Profile, ICC-header, Image] 84 - Profile ID: 0
[ICC_Profile, ICC_Profile, Image] cprt - Profile Copyright: Copyright 1999 Adobe Systems Incorporated
[ICC_Profile, ICC_Profile, Image] desc - Profile Description: Apple RGB
[ICC_Profile, ICC_Profile, Image] wtpt - Media White Point: 0.95045 1 1.08905
[ICC_Profile, ICC_Profile, Image] bkpt - Media Black Point: 0 0 0
[ICC_Profile, ICC_Profile, Image] rTRC - Red Tone Reproduction Curve: (Binary data 14 bytes)
[ICC_Profile, ICC_Profile, Image] gTRC - Green Tone Reproduction Curve: (Binary data 14 bytes)
[ICC_Profile, ICC_Profile, Image] bTRC - Blue Tone Reproduction Curve: (Binary data 14 bytes)
[ICC_Profile, ICC_Profile, Image] rXYZ - Red Matrix Column: 0.47554 0.25516 0.01845
[ICC_Profile, ICC_Profile, Image] gXYZ - Green Matrix Column: 0.33972 0.67259 0.11333
[ICC_Profile, ICC_Profile, Image] bXYZ - Blue Matrix Column: 0.14896 0.07225 0.69312
[EXIF, IFD0, Image] 270 - Image Description: This is a teeny weeny white square
[EXIF, IFD0, Image] 274 - Orientation: Horizontal (normal)
[EXIF, IFD0, Image] 282 - X Resolution: 120
[EXIF, IFD0, Image] 283 - Y Resolution: 120
[EXIF, IFD0, Image] 296 - Resolution Unit: inches
[EXIF, IFD0, Image] 305 - Software: Adobe Photoshop 7.0
[EXIF, IFD0, Time] 306 - Modify Date: 2005:07:18 08:27:14
[EXIF, IFD0, Author] 315 - Artist: Phil Harvey
[EXIF, IFD0, Author] 33432 - Copyright: Free for all
[EXIF, ExifIFD, Image] 40961 - Color Space: Uncalibrated
[EXIF, ExifIFD, Image] 40962 - Exif Image Width: 8
[EXIF, ExifIFD, Image] 40963 - Exif Image Height: 8
[EXIF, IFD1, Image] 259 - Compression: JPEG (old-style)
[EXIF, IFD1, Image] 282 - X Resolution: 72
[EXIF, IFD1, Image] 283 - Y Resolution: 72
[EXIF, IFD1, Image] 296 - Resolution Unit: inches
[EXIF, IFD1, Image] 513 - Thumbnail Offset: 388
[EXIF, IFD1, Image] 514 - Thumbnail Length: 0
[PhotoMechanic, PhotoMechanic, Image] 221 - Tagged: No
[PhotoMechanic, PhotoMechanic, Image] 222 - Color Class: 6 (Typical alt)
[PhotoMechanic, PhotoMechanic, Image] 216 - Rotation: 180
[PhotoMechanic, PhotoMechanic, Image] 217 - Crop Left: 438
[PhotoMechanic, PhotoMechanic, Image] 218 - Crop Top: 618
[PhotoMechanic, PhotoMechanic, Image] 219 - Crop Right: 890
[PhotoMechanic, PhotoMechanic, Image] 220 - Crop Bottom: 1072
[Composite, Composite, Image] Exif-ImageSize - Image Size: 8x8
[Composite, Composite, Image] Exif-Megapixels - Megapixels: 0.000064
