[ExifTool, ExifTool, ExifTool, Main] ExifToolVersion - ExifTool Version Number: 12.42
[ExifTool, ExifTool, ExifTool, Main] Warning - Warning: IPTCDigest is not current. XMP may be out of sync
[File, System, Other, Main] FileName - File Name: PostScript_3_failed.eps
[File, System, Other, Main] Directory - Directory: t
[File, System, Other, Main] FileSize - File Size: 14 kB
[File, System, Time, Main] FileModifyDate - File Modification Date/Time: 2022:06:01 14:16:49-04:00
[File, System, Time, Main] FileAccessDate - File Access Date/Time: 2022:06:01 14:16:49-04:00
[File, System, Time, Main] FileInodeChangeDate - File Inode Change Date/Time: 2022:06:01 14:16:49-04:00
[File, System, Other, Main] FilePermissions - File Permissions: -rw-r--r--
[File, File, Other, Main] FileType - File Type: EPS
[File, File, Other, Main] FileTypeExtension - File Type Extension: eps
[File, File, Other, Main] MIMEType - MIME Type: application/postscript
[File, File, Image, Main] CurrentIPTCDigest - Current IPTC Digest: 04d104a94abbcadb3742516c01f6568b
[File, File, Image, Main] ExifByteOrder - Exif Byte Order: Little-endian (Intel, II)
[PostScript, PostScript, Image, Main] Creator - Creator: phil made it
[PostScript, PostScript, Image, Main] Title - Title: new title
[PostScript, PostScript, Time, Main] CreationDate - Create Date: 7/18/05 2:33 PM
[PostScript, PostScript, Image, Main] BoundingBox - Bounding Box: 0 0 8 8
[PostScript, PostScript, Image, Main] Copyright - Copyright: my copyright
[PostScript, PostScript, Image, Doc1] EmbeddedFileName - Embedded File Name: Test-Doc1.eps
[PostScript, PostScript, Image, Doc1] Creator - Creator: Adobe Photoshop Version 9.0x211
[PostScript, PostScript, Image, Doc1] Title - Title: 12a.eps
[PostScript, PostScript, Image, Doc1] BoundingBox - Bounding Box: 0 0 435 283
[PostScript, PostScript, Image, Doc2] EmbeddedFileName - Embedded File Name: Test-Doc2.eps
[PostScript, PostScript, Image, Doc2] Creator - Creator: Adobe Photoshop Version 9.0x211
[PostScript, PostScript, Image, Doc2] Title - Title: 12b.eps
[PostScript, PostScript, Image, Doc2] BoundingBox - Bounding Box: 0 0 435 283
[PostScript, PostScript, Image, Doc2-1] EmbeddedFileName - Embedded File Name: Test-Doc2-1.eps
[PostScript, PostScript, Image, Doc2-1] Creator - Creator: Adobe Photoshop Version 9.0x211
[PostScript, PostScript, Image, Doc2-1] Title - Title: 12c.eps
[PostScript, PostScript, Image, Doc2-1] BoundingBox - Bounding Box: 0 0 435 283
[PostScript, PostScript, Image, Doc3] EmbeddedFileName - Embedded File Name: Test-Doc3.eps
[PostScript, PostScript, Image, Doc3] Creator - Creator: Adobe Photoshop Version 9.0x211
[PostScript, PostScript, Image, Doc3] Title - Title: 12d.eps
[PostScript, PostScript, Image, Doc3] BoundingBox - Bounding Box: 0 0 435 283
[PostScript, PostScript, Image, Main] ImageData - Image Data: 8 8 8 3 1 8 2 "beginimage"
[IPTC, IPTC, Other, Main] 0 - Application Record Version: 2
[IPTC, IPTC, Other, Main] 120 - Caption-Abstract: A witty caption
[IPTC, IPTC, Author, Main] 122 - Writer-Editor: I wrote it
[IPTC, IPTC, Other, Main] 105 - Headline: No headline
[IPTC, IPTC, Other, Main] 40 - Special Instructions: What instructions
[IPTC, IPTC, Author, Main] 80 - By-line: Phil Harvey
[IPTC, IPTC, Author, Main] 85 - By-line Title: My Position
[IPTC, IPTC, Author, Main] 110 - Credit: My Credit
[IPTC, IPTC, Author, Main] 115 - Source: I'm the source
[IPTC, IPTC, Other, Main] 5 - Object Name: Test IPTC picture
[IPTC, IPTC, Time, Main] 55 - Date Created: 2004:02:26
[IPTC, IPTC, Location, Main] 90 - City: Kingston
[IPTC, IPTC, Location, Main] 95 - Province-State: Ont
[IPTC, IPTC, Location, Main] 101 - Country-Primary Location Name: Canada
[IPTC, IPTC, Other, Main] 103 - Original Transmission Reference: What is a transmission reference
[IPTC, IPTC, Other, Main] 15 - Category: 1
[IPTC, IPTC, Other, Main] 20 - Supplemental Categories: amazing, image, utilities
[IPTC, IPTC, Other, Main] 10 - Urgency: 8 (least urgent)
[IPTC, IPTC, Other, Main] 25 - Keywords: ExifTool, Test, IPTC
[IPTC, IPTC, Author, Main] 116 - Copyright Notice: Copyright 2004 Phil Harvey
[Photoshop, Photoshop, Image, Main] 1061 - IPTC Digest: 9e02efbd9bdc1dc192279e30a0e27323
[Photoshop, Photoshop, Author, Main] 1034 - Copyright Flag: False
[Photoshop, Photoshop, Author, Main] 1035 - URL: https://exiftool.org/
[Photoshop, Photoshop, Image, Main] 1037 - Global Angle: 30
[Photoshop, Photoshop, Image, Main] 1049 - Global Altitude: 30
[EXIF, IFD0, Image, Main] 270 - Image Description: A witty caption
[EXIF, IFD0, Camera, Main] 271 - Make: FUJIFILM
[EXIF, IFD0, Camera, Main] 272 - Camera Model Name: FinePix2400Zoom
[EXIF, IFD0, Image, Main] 274 - Orientation: Horizontal (normal)
[EXIF, IFD0, Image, Main] 282 - X Resolution: 72
[EXIF, IFD0, Image, Main] 283 - Y Resolution: 72
[EXIF, IFD0, Image, Main] 296 - Resolution Unit: inches
[EXIF, IFD0, Image, Main] 305 - Software: Adobe Photoshop 7.0
[EXIF, IFD0, Time, Main] 306 - Modify Date: 2004:02:26 09:36:46
[EXIF, IFD0, Author, Main] 315 - Artist: Phil Harvey
[EXIF, IFD0, Image, Main] 531 - Y Cb Cr Positioning: Centered
[EXIF, IFD0, Author, Main] 33432 - Copyright: my copyright
[EXIF, ExifIFD, Image, Main] 33437 - F Number: 3.5
[EXIF, ExifIFD, Camera, Main] 34850 - Exposure Program: Program AE
[EXIF, ExifIFD, Image, Main] 34855 - ISO: 100
[EXIF, ExifIFD, Image, Main] 36864 - Exif Version: 0210
[EXIF, ExifIFD, Time, Main] 36867 - Date/Time Original: 2001:05:19 18:36:41
[EXIF, ExifIFD, Time, Main] 36868 - Create Date: 2001:05:19 18:36:41
[EXIF, ExifIFD, Image, Main] 37121 - Components Configuration: Y, Cb, Cr, -
[EXIF, ExifIFD, Image, Main] 37377 - Shutter Speed Value: 1/64
[EXIF, ExifIFD, Image, Main] 37378 - Aperture Value: 3.5
[EXIF, ExifIFD, Image, Main] 37379 - Brightness Value: 2
[EXIF, ExifIFD, Image, Main] 37380 - Exposure Compensation: 0
[EXIF, ExifIFD, Camera, Main] 37381 - Max Aperture Value: 3.5
[EXIF, ExifIFD, Camera, Main] 37383 - Metering Mode: Multi-segment
[EXIF, ExifIFD, Camera, Main] 37385 - Flash: Fired
[EXIF, ExifIFD, Camera, Main] 37386 - Focal Length: 6.0 mm
[EXIF, ExifIFD, Image, Main] 40960 - Flashpix Version: 0100
[EXIF, ExifIFD, Image, Main] 40961 - Color Space: sRGB
[EXIF, ExifIFD, Image, Main] 40962 - Exif Image Width: 100
[EXIF, ExifIFD, Image, Main] 40963 - Exif Image Height: 80
[EXIF, ExifIFD, Camera, Main] 41486 - Focal Plane X Resolution: 3053
[EXIF, ExifIFD, Camera, Main] 41487 - Focal Plane Y Resolution: 3053
[EXIF, ExifIFD, Camera, Main] 41488 - Focal Plane Resolution Unit: cm
[EXIF, ExifIFD, Camera, Main] 41495 - Sensing Method: One-chip color area
[EXIF, ExifIFD, Image, Main] 41728 - File Source: Digital Camera
[EXIF, ExifIFD, Image, Main] 41729 - Scene Type: Directly photographed
[EXIF, IFD1, Image, Main] 259 - Compression: JPEG (old-style)
[EXIF, IFD1, Image, Main] 282 - X Resolution: 72
[EXIF, IFD1, Image, Main] 283 - Y Resolution: 72
[EXIF, IFD1, Image, Main] 296 - Resolution Unit: inches
[XMP, XMP-x, Document, Main] xmptk - XMP Toolkit: Image::ExifTool 12.42
[XMP, XMP-rdf, Document, Main] about - About: uuid:b691db36-f92a-11d9-99a4-8c8e8269c120
[XMP, XMP-dc, Author, Main] creator - Creator: phil made it
[XMP, XMP-dc, Image, Main] description - Description: UTF-16 (big-endian) encoded XMP
[XMP, XMP-dc, Author, Main] rights - Rights: Copyright 2004 Phil Harvey
[XMP, XMP-dc, Image, Main] subject - Subject: ExifTool, Test, XMP
[XMP, XMP-dc, Image, Main] title - Title: new title
[XMP, XMP-photoshop, Author, Main] AuthorsPosition - Authors Position: My Position
[XMP, XMP-photoshop, Author, Main] CaptionWriter - Caption Writer: I wrote it
[XMP, XMP-photoshop, Image, Main] Category - Category: 1
[XMP, XMP-photoshop, Location, Main] City - City: Kingston
[XMP, XMP-photoshop, Location, Main] Country - Country: Canada
[XMP, XMP-photoshop, Author, Main] Credit - Credit: My Credit
[XMP, XMP-photoshop, Time, Main] DateCreated - Date Created: 2004:02:26
[XMP, XMP-photoshop, Image, Main] Headline - Headline: No headline
[XMP, XMP-photoshop, Image, Main] Instructions - Instructions: What instructions
[XMP, XMP-photoshop, Author, Main] Source - Source: I'm the source
[XMP, XMP-photoshop, Location, Main] State - State: Ont
[XMP, XMP-photoshop, Image, Main] SupplementalCategories - Supplemental Categories: amazing, image, utilities
[XMP, XMP-photoshop, Image, Main] TransmissionReference - Transmission Reference: What is a transmission reference?
[XMP, XMP-photoshop, Image, Main] Urgency - Urgency: 8 (least urgent)
[XMP, XMP-xmpBJ, Other, Main] JobRefName - Job Ref Name: My Job
[XMP, XMP-xmpMM, Other, Main] DocumentID - Document ID: adobe:docid:photoshop:4cc7b857-69d0-11d8-8ac4-bb59c92f0d9a
[XMP, XMP-xmpRights, Author, Main] Marked - Marked: False
[XMP, XMP-xmpRights, Author, Main] WebStatement - Web Statement: https://exiftool.org/
[Composite, Composite, Image, Main] Exif-Aperture - Aperture: 3.5
[Composite, Composite, Image, Main] Exif-ShutterSpeed - Shutter Speed: 1/64
[Composite, Composite, Image, Main] PostScript-ImageHeight - Image Height: 8
[Composite, Composite, Image, Main] PostScript-ImageWidth - Image Width: 8
[Composite, Composite, Image, Main] Exif-ImageSize - Image Size: 8x8
[Composite, Composite, Image, Main] Exif-LightValue - Light Value: 9.6
[Composite, Composite, Image, Main] Exif-Megapixels - Megapixels: 0.000064
[Composite, Composite, Camera, Main] Exif-FocalLength35efl - Focal Length: 6.0 mm
