[QuickTime, ItemList, Audio] \xa9nam - Title: Sample
[QuickTime, ItemList, Audio] cpil - Compilation: No
[QuickTime, ItemList, Audio] tmpo - Beats Per Minute: 120
[QuickTime, ItemList, Audio] \xa9too - Encoder: iTunes v4.9, QuickTime 7.0.1
[QuickTime, ItemList, Audio] \xa9lyr - Lyrics: these are lyrics
[QuickTime, ItemList, Audio] \xa9ART - Artist: Phil Harvey
[QuickTime, ItemList, Author] aART - Album Artist: album artist
[QuickTime, ItemList, Audio] \xa9wrt - Composer: Composer
[QuickTime, ItemList, Audio] \xa9alb - Album: album
[QuickTime, ItemList, Audio] \xa9grp - Grouping: grouping
[QuickTime, ItemList, Audio] \xa9gen - Genre: Children’s Music
[QuickTime, ItemList, Audio] trkn - Track Number: 1 of 2
[QuickTime, ItemList, Audio] disk - Disk Number: 1 of 3
[QuickTime, ItemList, Time] \xa9day - Content Create Date: 2006
[QuickTime, ItemList, Audio] \xa9cmt - Comment: comments
[QuickTime, ItemList, Audio] pgap - Play Gap: No Gap
[QuickTime, ItemList, Preview] covr - Cover Art: (Binary data 19 bytes)
[QuickTime, ItemList, Preview] covr - Cover Art: (Binary data 19 bytes)
[QuickTime, ItemList, Author] auth - Author: aut
[QuickTime, UserData, Video] \xa9ART - Artist: art
