[QuickTime, Keys, Other] artist - Artist: me
[QuickTime, Keys, Other] comment - Comment: çømménts
[QuickTime, Keys, Location] direction.facing - Camera Direction: 90
[QuickTime, Keys, Other] director - Director: director
[QuickTime, UserData, Video] \xa9fmt - Format: Digital Camera
[QuickTime, UserData, Video] \xa9inf - Information: PENTAX DIGITAL CAMERA                            
[QuickTime, UserData, Video] \xa9alb - Album: albumA
[QuickTime, UserData, Video] \xa9ART - Artist: me
[QuickTime, UserData, Video] \xa9cmt - Comment: çømménts
[QuickTime, UserData, Video] \xa9com - Composer: cømpøsér
[QuickTime, UserData, Video] \xa9gen - Genre: rock
[QuickTime, ItemList, Audio] \xa9lyr - Lyrics: These are lyrics
[QuickTime, ItemList, Preview] covr - Cover Art: (Binary data 251 bytes)
[QuickTime, ItemList, Audio] \xa9ART - Artist: me
[QuickTime, ItemList, Author] aART - Album Artist: ålbüm årtîst
[QuickTime, ItemList, Audio] \xa9wrt - Composer: cømpøsér
[QuickTime, ItemList, Audio] \xa9alb - Album: albumB
[QuickTime, ItemList, Audio] \xa9grp - Grouping: grøuping
[QuickTime, ItemList, Audio] \xa9gen - Genre: Genré
[QuickTime, ItemList, Audio] trkn - Track Number: 1 of 2
[QuickTime, ItemList, Audio] disk - Disk Number: 3 of 4
[QuickTime, ItemList, Time] \xa9day - Content Create Date: 2010
[QuickTime, ItemList, Audio] \xa9cmt - Comment: çømménts
[QuickTime, ItemList, Audio] \xa9cmt-fra-FR - Comment (fra-FR): fr comment
[QuickTime, ItemList, Audio] tmpo - Beats Per Minute: 128
[QuickTime, ItemList, Audio] albm - Album: albumC
[QuickTime, UserData, Video] \xa9mod - Model: model
