[QuickTime, VideoKeys, Camera] camera.lens_model - Lens Model: test lens
[QuickTime, AudioKeys, Audio] player.movie.audio.treble - Treble: 50
[QuickTime, Keys, Other] album - Album: √•lbum
[QuickTime, Keys, Other] artist - Artist: √•rtist
[QuickTime, Keys, Other] comment - Comment: √ß√∏mm√©nts
[QuickTime, UserData, Video] ©fmt - Format: Digital Camera
[QuickTime, UserData, Video] ©inf - Information: PENTAX DIGITAL CAMERA                            
[QuickTime, UserData, Video] ©alb - Album: √•lbum
[QuickTime, UserData, Video] ©ART - Artist: √•rtist
[QuickTime, UserData, Video] ©cmt - Comment: √ß√∏mm√©nts
[QuickTime, UserData, Video] ©com - Composer: c√∏mp√∏s√©r
[QuickTime, UserData, Video] ©gen - Genre: Genr√©
[QuickTime, ItemList, Audio] ©lyr - Lyrics: These are lyrics
[QuickTime, ItemList, Preview] covr - Cover Art: (Binary data 251 bytes)
[QuickTime, ItemList, Audio] ©ART - Artist: √•rtist
[QuickTime, ItemList, Author] aART - Album Artist: √•lb√ºm √•rt√Æst
[QuickTime, ItemList, Audio] ©wrt - Composer: c√∏mp√∏s√©r
[QuickTime, ItemList, Audio] ©alb - Album: √•lbum
[QuickTime, ItemList, Audio] ©grp - Grouping: gr√∏uping
[QuickTime, ItemList, Audio] ©gen - Genre: Genr√©
[QuickTime, ItemList, Audio] trkn - Track Number: 1 of 2
[QuickTime, ItemList, Audio] disk - Disk Number: 3 of 4
[QuickTime, ItemList, Time] ©day - Content Create Date: 2010
[QuickTime, ItemList, Audio] ©cmt - Comment: √ß√∏mm√©nts
[QuickTime, ItemList, Audio] tmpo - Beats Per Minute: 128
