[QuickTime, QuickTime, Video] 0 - Movie Header Version: 0
[QuickTime, QuickTime, Time] 1 - Create Date: 2005:08:11 14:03:54
[QuickTime, QuickTime, Time] 2 - Modify Date: 2010:07:30 15:43:59
[QuickTime, QuickTime, Video] 3 - Time Scale: 600
[QuickTime, QuickTime, Video] 4 - Duration: 4.97 s
[QuickTime, QuickTime, Video] 5 - Preferred Rate: 1
[QuickTime, QuickTime, Video] 6 - Preferred Volume: 99.61%
[QuickTime, QuickTime, Video] 9 - Matrix Structure: 1 0 0 0 1 0 0 0 1
[QuickTime, QuickTime, Video] 18 - Preview Time: 0 s
[QuickTime, QuickTime, Video] 19 - Preview Duration: 0 s
[QuickTime, QuickTime, Video] 20 - Poster Time: 0 s
[QuickTime, QuickTime, Video] 21 - Selection Time: 0 s
[QuickTime, QuickTime, Video] 22 - Selection Duration: 0 s
[QuickTime, QuickTime, Video] 23 - Current Time: 0 s
[QuickTime, QuickTime, Video] 24 - Next Track ID: 3
[QuickTime, QuickTime, Video] 8 - Handler Type: Metadata
[QuickTime, ItemList, Audio] ©pub - Publisher: pub
[QuickTime, QuickTime, Video] mdat-size - Media Data Size: 0
[QuickTime, QuickTime, Video] mdat-offset - Media Data Offset: 4743
[QuickTime, QuickTime, Video] mdat - Media Data: (Binary data 0 bytes)
[XMP, XMP-x, Document] xmptk - XMP Toolkit: Image::ExifTool 12.19
[XMP, XMP-dc, Author] publisher - Publisher: pub
