[QuickTime, QuickTime, Video] 0 - Major Brand: Apple iTunes AAC-LC (.M4A) Audio
[QuickTime, QuickTime, Video] 1 - Minor Version: 0.0.0
[QuickTime, QuickTime, Video] 2 - Compatible Brands: M4A , mp42, isom
[QuickTime, QuickTime, Video] 0 - Movie Header Version: 0
[QuickTime, QuickTime, Time] 1 - Create Date: 2005:06:29 19:02:19
[QuickTime, QuickTime, Time] 2 - Modify Date: 2006:09:22 11:06:45
[QuickTime, QuickTime, Video] 3 - Time Scale: 600
[QuickTime, QuickTime, Video] 4 - Duration: 29.05 s
[QuickTime, QuickTime, Video] 5 - Preferred Rate: 1
[QuickTime, QuickTime, Video] 6 - Preferred Volume: 100.00%
[QuickTime, QuickTime, Video] 9 - Matrix Structure: 1 0 0 0 1 0 0 0 1
[QuickTime, QuickTime, Video] 18 - Preview Time: 0 s
[QuickTime, QuickTime, Video] 19 - Preview Duration: 0 s
[QuickTime, QuickTime, Video] 20 - Poster Time: 0 s
[QuickTime, QuickTime, Video] 21 - Selection Time: 0 s
[QuickTime, QuickTime, Video] 22 - Selection Duration: 0 s
[QuickTime, QuickTime, Video] 23 - Current Time: 0 s
[QuickTime, QuickTime, Video] 24 - Next Track ID: 2
[QuickTime, Track1, Video] 0 - Track Header Version: 0
[QuickTime, Track1, Time] 1 - Track Create Date: 2005:06:29 19:02:19
[QuickTime, Track1, Time] 2 - Track Modify Date: 2006:09:22 11:06:45
[QuickTime, Track1, Video] 3 - Track ID: 1
[QuickTime, Track1, Video] 5 - Track Duration: 29.05 s
[QuickTime, Track1, Video] 8 - Track Layer: 0
[QuickTime, Track1, Video] 9 - Track Volume: 100.00%
[QuickTime, Track1, Video] 10 - Matrix Structure: 1 0 0 0 1 0 0 0 1
[QuickTime, Track1, Video] 0 - Media Header Version: 0
[QuickTime, Track1, Time] 1 - Media Create Date: 2005:06:29 19:02:19
[QuickTime, Track1, Time] 2 - Media Modify Date: 2006:09:22 11:06:45
[QuickTime, Track1, Video] 3 - Media Time Scale: 32000
[QuickTime, Track1, Video] 4 - Media Duration: 29.06 s
[QuickTime, Track1, Video] 5 - Media Language Code: und
[QuickTime, Track1, Video] 8 - Handler Type: Audio Track
[QuickTime, Track1, Audio] 2 - Balance: 0
[QuickTime, Track1, Audio] 4 - Audio Format: mp4a
[QuickTime, Track1, Audio] 24 - Audio Channels: 2
[QuickTime, Track1, Audio] 26 - Audio Bits Per Sample: 16
[QuickTime, Track1, Audio] 32 - Audio Sample Rate: 44100
[QuickTime, Track1, Audio] esds - Unknown esds: (Binary data 43 bytes)
[QuickTime, Track1, Video] stts - Time To Sample Table: (Binary data 16 bytes)
[QuickTime, Track1, Video] stsc - Sample To Chunk: (Binary data 32 bytes)
[QuickTime, Track1, Video] stsz - Sample Sizes: (Binary data 3644 bytes)
[QuickTime, Track1, Video] stco - Chunk Offset: (Binary data 184 bytes)
[QuickTime, QuickTime, Video] 8 - Handler Type: Metadata
[QuickTime, QuickTime, Video] 12 - Handler Vendor ID: Apple
[QuickTime, ItemList, Audio] ©ART - Artist: me
[QuickTime, UserData, Video] ©arg - Arranger: arr
[QuickTime, QuickTime, Video] 8 - Handler Type: Metadata Tags
[QuickTime, Keys, Other] director - Director: dir
[QuickTime, QuickTime, Video] mdat-size - Media Data Size: 0
[QuickTime, QuickTime, Video] mdat-offset - Media Data Offset: 7449
[QuickTime, QuickTime, Video] mdat - Media Data: (Binary data 0 bytes)
[XMP, XMP-x, Document] xmptk - XMP Toolkit: Image::ExifTool 12.27
[XMP, XMP-tiff, Author] Artist - Artist: me
