[ExifTool, ExifTool, ExifTool] ExifToolVersion - ExifTool Version Number: 12.46
[File, System, Other] FileName - File Name: RIFF_7_failed.webp
[File, System, Other] Directory - Directory: t
[File, System, Other] FileSize - File Size: 3.2 kB
[File, System, Time] FileModifyDate - File Modification Date/Time: 2022:09:29 07:38:50-04:00
[File, System, Time] FileAccessDate - File Access Date/Time: 2022:09:29 07:38:50-04:00
[File, System, Time] FileInodeChangeDate - File Inode Change Date/Time: 2022:09:29 07:38:50-04:00
[File, System, Other] FilePermissions - File Permissions: -rw-r--r--
[File, File, Other] FileType - File Type: Extended WEBP
[File, File, Other] FileTypeExtension - File Type Extension: webp
[File, File, Other] MIMEType - MIME Type: image/webp
[File, File, Image] ExifByteOrder - Exif Byte Order: Big-endian (Motorola, MM)
[RIFF, RIFF, Image] 0 - WebP Flags: XMP, EXIF, Alpha
[RIFF, RIFF, Image] 4 - Image Width: 1
[RIFF, RIFF, Image] 6 - Image Height: 1
[RIFF, RIFF, Image] 0 - Alpha Preprocessing: Level Reduction
[RIFF, RIFF, Image] 0.1 - Alpha Filtering: Horizontal
[RIFF, RIFF, Image] 0.2 - Alpha Compression: Lossless
[RIFF, RIFF, Image] 0 - VP8 Version: 2 (bilinear reconstruction, no loop)
[RIFF, RIFF, Image] 6 - Image Width: 1
[RIFF, RIFF, Image] 6.1 - Horizontal Scale: 0
[RIFF, RIFF, Image] 8 - Image Height: 1
[RIFF, RIFF, Image] 8.1 - Vertical Scale: 0
[EXIF, IFD0, Image] 282 - X Resolution: 72
[EXIF, IFD0, Image] 283 - Y Resolution: 72
[EXIF, IFD0, Image] 296 - Resolution Unit: inches
[EXIF, IFD0, Image] 531 - Y Cb Cr Positioning: Centered
[EXIF, ExifIFD, Image] 36864 - Exif Version: 0232
[EXIF, ExifIFD, Image] 37121 - Components Configuration: Y, Cb, Cr, -
[EXIF, ExifIFD, Image] 37510 - User Comment: test comment 2
[EXIF, ExifIFD, Image] 40960 - Flashpix Version: 0100
[EXIF, ExifIFD, Image] 40961 - Color Space: Uncalibrated
[XMP, XMP-x, Document] xmptk - XMP Toolkit: Image::ExifTool 12.46
[XMP, XMP-dc, Image] description - Description: test description 2
[Composite, Composite, Image] Exif-ImageSize - Image Size: 1x1
[Composite, Composite, Image] Exif-Megapixels - Megapixels: 0.000001
