[ExifTool, ExifTool, ExifTool] ExifToolVersion - ExifTool Version Number: 12.03
[ExifTool, ExifTool, ExifTool]  - Make: Sony
[ExifTool, ExifTool, ExifTool]  - Model: DSC-F1
[File, System, Other] FileName - File Name: Sony.pmp
[File, System, Other] Directory - Directory: t/images
[File, System, Other] FileSize - File Size: 375 bytes
[File, System, Time] FileModifyDate - File Modification Date/Time: 2010:04:13 18:42:12-04:00
[File, System, Time] FileAccessDate - File Access Date/Time: 2020:07:29 09:04:21-04:00
[File, System, Time] FileInodeChangeDate - File Inode Change Date/Time: 2017:12:27 12:00:59-05:00
[File, System, Other] FilePermissions - File Permissions: rw-r--r--
[File, File, Other] FileType - File Type: PMP
[File, File, Other] FileTypeExtension - File Type Extension: pmp
[File, File, Other] MIMEType - MIME Type: image/x-sony-pmp
[File, File, Image] ImageWidth - Image Width: 8
[File, File, Image] ImageHeight - Image Height: 8
[File, File, Image] EncodingProcess - Encoding Process: Baseline DCT, Huffman coding
[File, File, Image] BitsPerSample - Bits Per Sample: 8
[File, File, Image] ColorComponents - Color Components: 3
[File, File, Image] YCbCrSubSampling - Y Cb Cr Sub Sampling: YCbCr4:2:0 (2 2)
[MakerNotes, Sony, Image] 8 - Jpg From Raw Start: 124
[MakerNotes, Sony, Image] 12 - Jpg From Raw Length: 251
[MakerNotes, Sony, Image] 22 - Sony Image Width: 640
[MakerNotes, Sony, Image] 24 - Sony Image Height: 480
[MakerNotes, Sony, Image] 27 - Orientation: Horizontal (normal)
[MakerNotes, Sony, Image] 29 - Image Quality: Standard
[MakerNotes, Sony, Image] 52 - Comment: 
[MakerNotes, Sony, Time] 76 - Date/Time Original: 1998:09:01 20:19:57
[MakerNotes, Sony, Time] 84 - Modify Date: 1998:09:01 20:19:57
[MakerNotes, Sony, Image] 102 - Exposure Time: 1/100
[MakerNotes, Sony, Camera] 118 - Flash: No Flash
[MakerNotes, Sony, Preview] Exif-JpgFromRaw - Jpg From Raw: (Binary data 251 bytes)
[Composite, Composite, Image] Exif-ShutterSpeed - Shutter Speed: 1/100
[Composite, Composite, Image] Exif-ImageSize - Image Size: 8x8
[Composite, Composite, Image] Exif-Megapixels - Megapixels: 0.000064
