AEBBracketValue: 0
AFAreaHeight: 151
AFAreaWidth: 151
AFAreaXPositions: 1014 608 0 0 0 -608 -1014
AFAreaYPositions: 0 0 -506 0 506 0 0
AFImageHeight: 2048
AFImageWidth: 3072
AFPointsInFocus: (none)
Aperture: 14.0
ApertureValue: 14.0
AutoExposureBracketing: Off
AutoISO: 100
AutoRotate: None
BaseISO: 100
BitsPerSample: 8
BlueBalance: 1.190619
BracketMode: Off
BracketShotNumber: 0
BracketValue: 0
BulbDuration: 4
CameraISO: n/a
CameraType: EOS Mid-range
CanonExposureMode: Manual
CanonFileLength: 4480822
CanonFirmwareVersion: Firmware Version 1.1.1
CanonFlashMode: Off
CanonImageHeight: 2048
CanonImageSize: Large
CanonImageType: CRW:EOS DIGITAL REBEL CMOS RAW
CanonImageWidth: 3072
CanonModelID: EOS Digital Rebel / 300D / Kiss Digital
CircleOfConfusion: 0.019 mm
ColorComponents: 3
ColorSpace: sRGB
ColorSpace (1): sRGB
ColorTemperature: 5200
ColorTone: Normal
Comment: New comment in JPG file
ComponentsConfiguration: Y, Cb, Cr, -
CompressedBitsPerPixel: 9
ContinuousDrive: Continuous
Contrast: +1
ControlMode: Camera Local Control
CreateDate: 2003:12:04 06:46:52
CustomRendered: Normal
DOF: inf (4.31 m - inf)
DateTimeOriginal: 2003:12:04 06:46:52
DigitalZoom: Unknown (-1)
Directory: t
DriveMode: Continuous Shooting
EasyMode: Manual
EncodingProcess: Baseline DCT, Huffman coding
ExifByteOrder: Little-endian (Intel, II)
ExifImageHeight: 120
ExifImageWidth: 160
ExifToolVersion: 9.93
ExifVersion: 0221
ExposureCompensation: 0
ExposureCompensation (1): 0
ExposureMode: Manual
ExposureTime: 4
ExposureTime (1): 128
FNumber: 14.0
FNumber (1): 14
FOV: 36.9 deg
FileAccessDate: 2015:04:18 07:17:51-04:00
FileInodeChangeDate: 2015:04:18 07:17:51-04:00
FileModifyDate: 2015:04:18 07:17:51-04:00
FileName: Writer_2_failed.jpg
FileNumber: 118-1861
FilePermissions: rw-r--r--
FileSize: 2.7 kB
FileSource: Digital Camera
FileType: JPEG
FileTypeExtension: jpg
Flash: No Flash
FlashActivity: 0
FlashBits: (none)
FlashExposureComp: 0
FlashGuideNumber: 0
FlashpixVersion: 0100
FocalLength: 34.0 mm
FocalLength (1): 34 mm
FocalLength35efl: 34.0 mm (35 mm equivalent: 54.0 mm)
FocalPlaneResolutionUnit: inches
FocalPlaneXResolution: 3443.946188
FocalPlaneXSize: 23.22 mm
FocalPlaneYResolution: 3442.016807
FocalPlaneYSize: 15.49 mm
FocalUnits: 1/mm
FocusDistanceLower: 5.46 m
FocusDistanceUpper: inf
FocusMode: Manual Focus (3)
FocusRange: Not Known
HyperfocalDistance: 4.37 m
ISO: 100
ISO (1): 100
ImageHeight: 8
ImageSize: 8x8
ImageWidth: 8
InteropIndex: THM - DCF thumbnail file
InteropVersion: 0100
Lens: 18.0 - 55.0 mm
Lens35efl: 18.0 - 55.0 mm (35 mm equivalent: 28.6 - 87.4 mm)
LensID: Unknown 18-55mm
LensType: n/a
LightValue: 5.6
MIMEType: image/jpeg
MacroMode: Unknown (0)
Make: Canon
ManualFlashOutput: n/a
MaxAperture: 4
MaxApertureValue: 4.5
MaxFocalLength: 55 mm
MeasuredEV: -1.25
MeasuredEV2: -1.25
MeasuredRGGB: 998 1022 1026 808
Megapixels: 0.000064
MeteringMode: Center-weighted average
MeteringMode (1): Average
MinAperture: 27
MinFocalLength: 18 mm
Model: Canon EOS DIGITAL REBEL
ModifyDate: 2003:12:04 06:46:52
NDFilter: n/a
NumAFPoints: 7
OpticalZoomCode: n/a
Orientation: Horizontal (normal)
OwnerName: Phil Harvey
Quality: RAW
RecordMode: CRW+THM
RedBalance: 2.067348
RelatedImageHeight: 2048
RelatedImageWidth: 3072
ResolutionUnit: inches
Saturation: +1
ScaleFactor35efl: 1.6
SceneCaptureType: Standard
SelfTimer: Off
SelfTimer2: 0
SensingMethod: One-chip color area
SequenceNumber: 0
SerialNumber: 0560018150
SerialNumberFormat: Format 1
Sharpness: +1
ShootingMode: Bulb
ShutterSpeed: 4
ShutterSpeedValue: 0
SlowShutter: None
TargetAperture: 14
ThumbnailImageValidArea: 0 159 7 112
UserComment: 
ValidAFPoints: 7
WB_RGGBBlackLevels: 124 123 124 123
WB_RGGBLevels: 1719 832 831 990
WB_RGGBLevelsAuto: 1719 832 831 990
WB_RGGBLevelsCloudy: 1878 832 831 903
WB_RGGBLevelsCustom: 1722 832 831 989
WB_RGGBLevelsDaylight: 1722 832 831 989
WB_RGGBLevelsFlash: 1933 832 831 895
WB_RGGBLevelsFluorescent: 1506 842 841 1381
WB_RGGBLevelsKelvin: 1722 832 831 988
WB_RGGBLevelsShade: 2035 832 831 839
WB_RGGBLevelsTungsten: 1228 913 912 1668
WhiteBalance: Auto
WhiteBalance (1): Auto
XResolution: 180
YCbCrPositioning: Centered
YCbCrSubSampling: YCbCr4:2:0 (2 2)
YResolution: 180
ZoomSourceWidth: 3072
ZoomTargetWidth: 3072
