[ExifTool, ExifTool, ExifTool] ExifToolVersion - ExifTool Version Number: 10.74
[File, System, Image] FileName - File Name: Writer_35_failed.jpg
[File, System, Image] Directory - Directory: t
[File, System, Image] FileSize - File Size: 9.5 kB
[File, System, Time] FileModifyDate - File Modification Date/Time: 2018:01:08 13:16:13-05:00
[File, System, Time] FileAccessDate - File Access Date/Time: 2018:01:08 13:16:13-05:00
[File, System, Time] FileInodeChangeDate - File Inode Change Date/Time: 2018:01:08 13:16:13-05:00
[File, System, Image] FilePermissions - File Permissions: rw-r--r--
[File, File, Image] FileType - File Type: JPEG
[File, File, Image] FileTypeExtension - File Type Extension: jpg
[File, File, Image] MIMEType - MIME Type: image/jpeg
[File, File, Image] ExifByteOrder - Exif Byte Order: Little-endian (Intel, II)
[File, File, Image] CurrentIPTCDigest - Current IPTC Digest: d624fa41e4169333a86729e3c275f95a
[File, File, Image] Comment - Comment: © PhotoStudio Unicode comment;;
[File, File, Image] ImageWidth - Image Width: 8
[File, File, Image] ImageHeight - Image Height: 8
[File, File, Image] EncodingProcess - Encoding Process: Baseline DCT, Huffman coding
[File, File, Image] BitsPerSample - Bits Per Sample: 8
[File, File, Image] ColorComponents - Color Components: 3
[File, File, Image] YCbCrSubSampling - Y Cb Cr Sub Sampling: YCbCr4:2:0 (2 2)
[EXIF, IFD0, Image] 270 - Image Description: A witty caption
[EXIF, IFD0, Camera] 271 - Make: FUJIFILM
[EXIF, IFD0, Camera] 272 - Camera Model Name: FinePix2400Zoom
[EXIF, IFD0, Image] 274 - Orientation: Horizontal (normal)
[EXIF, IFD0, Image] 282 - X Resolution: 72
[EXIF, IFD0, Image] 283 - Y Resolution: 72
[EXIF, IFD0, Image] 296 - Resolution Unit: inches
[EXIF, IFD0, Image] 305 - Software: Adobe Photoshop 7.0
[EXIF, IFD0, Time] 306 - Modify Date: 2004:02:26 09:36:46
[EXIF, IFD0, Author] 315 - Artist: Phil Harvey
[EXIF, IFD0, Image] 531 - Y Cb Cr Positioning: Centered
[EXIF, IFD0, Author] 33432 - Copyright: Copyright 2004 Phil Harvey
[EXIF, ExifIFD, Image] 33437 - F Number: 3.5
[EXIF, ExifIFD, Camera] 34850 - Exposure Program: Program AE
[EXIF, ExifIFD, Image] 34855 - ISO: 100
[EXIF, ExifIFD, Image] 36864 - Exif Version: 0210
[EXIF, ExifIFD, Time] 36867 - Date/Time Original: 2001:05:19 18:36:41
[EXIF, ExifIFD, Time] 36868 - Create Date: 2001:05:19 18:36:41
[EXIF, ExifIFD, Image] 37121 - Components Configuration: Y, Cb, Cr, -
[EXIF, ExifIFD, Image] 37377 - Shutter Speed Value: 1/64
[EXIF, ExifIFD, Image] 37378 - Aperture Value: 3.5
[EXIF, ExifIFD, Image] 37379 - Brightness Value: 2
[EXIF, ExifIFD, Image] 37380 - Exposure Compensation: 0
[EXIF, ExifIFD, Camera] 37381 - Max Aperture Value: 3.5
[EXIF, ExifIFD, Camera] 37383 - Metering Mode: Multi-segment
[EXIF, ExifIFD, Camera] 37385 - Flash: Fired
[EXIF, ExifIFD, Camera] 37386 - Focal Length: 6.0 mm
[EXIF, ExifIFD, Image] 40960 - Flashpix Version: 0100
[EXIF, ExifIFD, Image] 40961 - Color Space: sRGB
[EXIF, ExifIFD, Image] 40962 - Exif Image Width: 100
[EXIF, ExifIFD, Image] 40963 - Exif Image Height: 80
[EXIF, ExifIFD, Camera] 41486 - Focal Plane X Resolution: 3053
[EXIF, ExifIFD, Camera] 41487 - Focal Plane Y Resolution: 3053
[EXIF, ExifIFD, Camera] 41488 - Focal Plane Resolution Unit: cm
[EXIF, ExifIFD, Camera] 41495 - Sensing Method: One-chip color area
[EXIF, ExifIFD, Image] 41728 - File Source: Digital Camera
[EXIF, ExifIFD, Image] 41729 - Scene Type: Directly photographed
[EXIF, IFD1, Image] 259 - Compression: JPEG (old-style)
[EXIF, IFD1, Image] 282 - X Resolution: 72
[EXIF, IFD1, Image] 283 - Y Resolution: 72
[EXIF, IFD1, Image] 296 - Resolution Unit: inches
[IPTC, IPTC, Other] 0 - Application Record Version: 2
[IPTC, IPTC, Other] 5 - Object Name: Test IPTC picture
[IPTC, IPTC, Other] 10 - Urgency: 8 (least urgent)
[IPTC, IPTC, Other] 15 - Category: 1
[IPTC, IPTC, Other] 20 - Supplemental Categories: amazing, image, utilities
[IPTC, IPTC, Other] 25 - Keywords: jambalaya
[IPTC, IPTC, Other] 40 - Special Instructions: What instructions
[IPTC, IPTC, Time] 55 - Date Created: 2004:02:26
[IPTC, IPTC, Author] 80 - By-line: Phil Harvey
[IPTC, IPTC, Author] 85 - By-line Title: My Position
[IPTC, IPTC, Location] 90 - City: Kingston
[IPTC, IPTC, Location] 95 - Province-State: Ont
[IPTC, IPTC, Location] 101 - Country-Primary Location Name: Canada
[IPTC, IPTC, Other] 103 - Original Transmission Reference: What is a transmission reference
[IPTC, IPTC, Other] 105 - Headline: No headline
[IPTC, IPTC, Author] 110 - Credit: My Credit
[IPTC, IPTC, Author] 115 - Source: I'm the source
[IPTC, IPTC, Author] 116 - Copyright Notice: Copyright 2004 Phil Harvey
[IPTC, IPTC, Other] 120 - Caption-Abstract: A witty caption
[IPTC, IPTC, Author] 122 - Writer-Editor: I wrote it
[Photoshop, Photoshop, Author] 1034 - Copyright Flag: False
[Photoshop, Photoshop, Author] 1035 - URL: http://owl.phy.queensu.ca/~phil/exiftool/
[Photoshop, Photoshop, Image] 1037 - Global Angle: 30
[Photoshop, Photoshop, Image] 1049 - Global Altitude: 30
[XMP, XMP-x, Document] xmptk - XMP Toolkit: Image::ExifTool 10.74
[XMP, XMP-dc, Author] creator - Creator: Phil Harvey
[XMP, XMP-dc, Image] description - Description: UTF-16 (big-endian) encoded XMP
[XMP, XMP-dc, Author] rights - Rights: Copyright 2004 Phil Harvey
[XMP, XMP-dc, Image] subject - Subject: ExifTool, Test, XMP
[XMP, XMP-dc, Image] title - Title: Test IPTC picture
[XMP, XMP-photoshop, Author] AuthorsPosition - Authors Position: My Position
[XMP, XMP-photoshop, Author] CaptionWriter - Caption Writer: I wrote it
[XMP, XMP-photoshop, Image] Category - Category: 1
[XMP, XMP-photoshop, Location] City - City: Kingston
[XMP, XMP-photoshop, Location] Country - Country: Canada
[XMP, XMP-photoshop, Author] Credit - Credit: My Credit
[XMP, XMP-photoshop, Time] DateCreated - Date Created: 2004:02:26
[XMP, XMP-photoshop, Image] Headline - Headline: No headline
[XMP, XMP-photoshop, Image] Instructions - Instructions: What instructions
[XMP, XMP-photoshop, Author] Source - Source: I'm the source
[XMP, XMP-photoshop, Location] State - State: Ont
[XMP, XMP-photoshop, Image] SupplementalCategories - Supplemental Categories: amazing, image, utilities
[XMP, XMP-photoshop, Image] TransmissionReference - Transmission Reference: What is a transmission reference?
[XMP, XMP-photoshop, Image] Urgency - Urgency: 8 (least urgent)
[XMP, XMP-xmpBJ, Other] JobRefName - Job Ref Name: My Job
[XMP, XMP-xmpMM, Other] DocumentID - Document ID: adobe:docid:photoshop:4cc7b857-69d0-11d8-8ac4-bb59c92f0d9a
[XMP, XMP-xmpRights, Author] Marked - Marked: False
[XMP, XMP-xmpRights, Author] WebStatement - Web Statement: http://owl.phy.queensu.ca/~phil/exiftool/
[ICC_Profile, ICC-header, Image] 4 - Profile CMM Type: Adobe Systems Inc.
[ICC_Profile, ICC-header, Image] 8 - Profile Version: 2.1.0
[ICC_Profile, ICC-header, Image] 12 - Profile Class: Display Device Profile
[ICC_Profile, ICC-header, Image] 16 - Color Space Data: RGB 
[ICC_Profile, ICC-header, Image] 20 - Profile Connection Space: XYZ 
[ICC_Profile, ICC-header, Time] 24 - Profile Date Time: 1999:06:03 00:00:00
[ICC_Profile, ICC-header, Image] 36 - Profile File Signature: acsp
[ICC_Profile, ICC-header, Image] 40 - Primary Platform: Apple Computer Inc.
[ICC_Profile, ICC-header, Image] 44 - CMM Flags: Not Embedded, Independent
[ICC_Profile, ICC-header, Image] 48 - Device Manufacturer: none
[ICC_Profile, ICC-header, Image] 52 - Device Model: 
[ICC_Profile, ICC-header, Image] 56 - Device Attributes: Reflective, Glossy, Positive, Color
[ICC_Profile, ICC-header, Image] 64 - Rendering Intent: Perceptual
[ICC_Profile, ICC-header, Image] 68 - Connection Space Illuminant: 0.9642 1 0.82491
[ICC_Profile, ICC-header, Image] 80 - Profile Creator: Adobe Systems Inc.
[ICC_Profile, ICC-header, Image] 84 - Profile ID: 0
[ICC_Profile, ICC_Profile, Image] cprt - Profile Copyright: Copyright 1999 Adobe Systems Incorporated
[ICC_Profile, ICC_Profile, Image] desc - Profile Description: Adobe RGB (1998)
[ICC_Profile, ICC_Profile, Image] wtpt - Media White Point: 0.95045 1 1.08905
[ICC_Profile, ICC_Profile, Image] bkpt - Media Black Point: 0 0 0
[ICC_Profile, ICC_Profile, Image] rTRC - Red Tone Reproduction Curve: (Binary data 14 bytes)
[ICC_Profile, ICC_Profile, Image] gTRC - Green Tone Reproduction Curve: (Binary data 14 bytes)
[ICC_Profile, ICC_Profile, Image] bTRC - Blue Tone Reproduction Curve: (Binary data 14 bytes)
[ICC_Profile, ICC_Profile, Image] rXYZ - Red Matrix Column: 0.60974 0.31111 0.01947
[ICC_Profile, ICC_Profile, Image] gXYZ - Green Matrix Column: 0.20528 0.62567 0.06087
[ICC_Profile, ICC_Profile, Image] bXYZ - Blue Matrix Column: 0.14919 0.06322 0.74457
[Ducky, Ducky, Author] 3 - Copyright: Copyright 2004 Phil Harvey
[Ducky, Ducky, Image] 1 - Quality: 84%
[APP14, Adobe, Image] 0 - DCT Encode Version: 100
[APP14, Adobe, Image] 1 - APP14 Flags 0: (none)
[APP14, Adobe, Image] 2 - APP14 Flags 1: (none)
[APP14, Adobe, Image] 3 - Color Transform: YCbCr
[CanonVRD, CanonVRD, Image] 2 - VRD Version: 1.0.0
[CanonVRD, CanonVRD, Image] 6 - WB Adj RGGB Levels: 0 0 0 0
[CanonVRD, CanonVRD, Image] 24 - White Balance Adj: Shot Settings
[CanonVRD, CanonVRD, Image] 26 - WB Adj Color Temp: 5600
[CanonVRD, CanonVRD, Image] 36 - WB Fine Tune Active: No
[CanonVRD, CanonVRD, Image] 40 - WB Fine Tune Saturation: 0
[CanonVRD, CanonVRD, Image] 44 - WB Fine Tune Tone: 0
[CanonVRD, CanonVRD, Image] 46 - Raw Color Adj: Shot Settings
[CanonVRD, CanonVRD, Image] 48 - Raw Custom Saturation: 0
[CanonVRD, CanonVRD, Image] 52 - Raw Custom Tone: 0
[CanonVRD, CanonVRD, Image] 56 - Raw Brightness Adj: 0.00
[CanonVRD, CanonVRD, Image] 60 - Tone Curve Property: Shot Settings
[CanonVRD, CanonVRD, Image] 122 - Dynamic Range Min: 0
[CanonVRD, CanonVRD, Image] 124 - Dynamic Range Max: 4095
[CanonVRD, CanonVRD, Image] 272 - Tone Curve Active: No
[CanonVRD, CanonVRD, Image] 275 - Tone Curve Mode: RGB
[CanonVRD, CanonVRD, Image] 276 - Brightness Adj: 0
[CanonVRD, CanonVRD, Image] 277 - Contrast Adj: 0
[CanonVRD, CanonVRD, Image] 278 - Saturation Adj: 100
[CanonVRD, CanonVRD, Image] 286 - Color Tone Adj: 0
[CanonVRD, CanonVRD, Image] 294 - Luminance Curve Points: (0,0) (255,255)
[CanonVRD, CanonVRD, Image] 336 - Luminance Curve Limits: 255 0 255 0
[CanonVRD, CanonVRD, Image] 345 - Tone Curve Interpolation: Curve
[CanonVRD, CanonVRD, Image] 352 - Red Curve Points: (0,0) (255,255)
[CanonVRD, CanonVRD, Image] 394 - Red Curve Limits: 255 0 255 0
[CanonVRD, CanonVRD, Image] 410 - Green Curve Points: (0,0) (255,255)
[CanonVRD, CanonVRD, Image] 452 - Green Curve Limits: 255 0 255 0
[CanonVRD, CanonVRD, Image] 468 - Blue Curve Points: (0,0) (255,255)
[CanonVRD, CanonVRD, Image] 510 - Blue Curve Limits: 255 0 255 0
[CanonVRD, CanonVRD, Image] 526 - RGB Curve Points: (0,0) (255,255)
[CanonVRD, CanonVRD, Image] 568 - RGB Curve Limits: 255 0 255 0
[CanonVRD, CanonVRD, Image] 580 - Crop Active: No
[CanonVRD, CanonVRD, Image] 582 - Crop Left: 0
[CanonVRD, CanonVRD, Image] 584 - Crop Top: 0
[CanonVRD, CanonVRD, Image] 586 - Crop Width: 0
[CanonVRD, CanonVRD, Image] 588 - Crop Height: 0
[CanonVRD, CanonVRD, Image] 602 - Sharpness Adj: 0
[CanonVRD, CanonVRD, Image] 608 - Crop Aspect Ratio: Free
[CanonVRD, CanonVRD, Image] 610 - Constrained Crop Width: 0
[CanonVRD, CanonVRD, Image] 614 - Constrained Crop Height: 0
[CanonVRD, CanonVRD, Image] 618 - Check Mark: Clear
[CanonVRD, CanonVRD, Image] 622 - Rotation: 90
[CanonVRD, CanonVRD, Image] 624 - Work Color Space: sRGB
