[ExifTool, ExifTool, ExifTool] ExifToolVersion - ExifTool Version Number: 9.93
[File, System, Image] FileName - File Name: XMP4.xmp
[File, System, Image] Directory - Directory: t/images
[File, System, Image] FileSize - File Size: 2.4 kB
[File, System, Time] FileModifyDate - File Modification Date/Time: 2009:05:24 11:19:39-04:00
[File, System, Time] FileAccessDate - File Access Date/Time: 2015:04:18 07:17:35-04:00
[File, System, Time] FileInodeChangeDate - File Inode Change Date/Time: 2015:03:07 15:31:55-05:00
[File, System, Image] FilePermissions - File Permissions: rw-r--r--
[File, File, Image] FileType - File Type: XMP
[File, File, Image] FileTypeExtension - File Type Extension: xmp
[File, File, Image] MIMEType - MIME Type: application/rdf+xml
[XMP, XMP-x, Document] xmptk - XMP Toolkit: Image::ExifTool 7.77
[XMP, XMP-iptcExt, Location] LocationCreated - Location Created: [{City=one,CountryCode=1},{City=two,CountryCode=2},{City=three},{CountryCode=4}]
[XMP, XMP-dc, Author] contributor - Contributor: me
[XMP, XMP-dc, Image] subject - Subject: one, two
[XMP, XMP-test, Unknown] test:StructList2 - Struct List 2: [{Item1=c1-1,Item2=c2-1},{Item1=c1-2,Item2=c2-2,TestList1=[x1],TestList2=[y1,y2]}]
[XMP, XMP-test, Unknown] test:StructList1 - Struct List 1: [{Item1=b1,Item2=b2}]
[XMP, XMP-test, Unknown] test:BareStruct - Bare Struct: {Item1=a1,Item2=a2}
[XMP, XMP-test, Unknown] test:BareList2 - Bare List 2: b1, b2
[XMP, XMP-test, Unknown] test:BareList1 - Bare List 1: a1
