<?xpacket begin='﻿' id='W5M0MpCehiHzreSzNTczkc9d'?>
<x:xmpmeta xmlns:x='adobe:ns:meta/' x:xmptk='Image::ExifTool 10.08'>
<rdf:RDF xmlns:rdf='http://www.w3.org/1999/02/22-rdf-syntax-ns#'>

 <rdf:Description rdf:about=''
  xmlns:exif='http://ns.adobe.com/exif/1.0/'>
  <exif:Flash rdf:parseType='Resource'/>
 </rdf:Description>

 <rdf:Description rdf:about=''
  xmlns:mwg-rs='http://www.metadataworkinggroup.com/schemas/regions/'>
  <mwg-rs:Regions rdf:parseType='Resource'>
   <mwg-rs:RegionList>
    <rdf:Bag>
     <rdf:li rdf:parseType='Resource'/>
     <rdf:li rdf:parseType='Resource'/>
    </rdf:Bag>
   </mwg-rs:RegionList>
  </mwg-rs:Regions>
 </rdf:Description>
</rdf:RDF>
</x:xmpmeta>
<?xpacket end='w'?>