[EXIF, IFD0, Camera] 271 - Make: Canon
[EXIF, IFD0, Camera] 272 - Camera Model Name: Canon DIGITAL IXUS 40
[EXIF, IFD0, Image] 274 - Orientation: Horizontal (normal)
[EXIF, IFD0, Image] 282 - X Resolution: 180
[EXIF, IFD0, Image] 283 - Y Resolution: 180
[EXIF, IFD0, Image] 296 - Resolution Unit: inches
[EXIF, IFD0, Time] 306 - Modify Date: 2005:11:21 17:07:14
[EXIF, IFD0, Image] 531 - Y Cb Cr Positioning: Centered
[EXIF, IFD0, Image] 18246 - Rating: 1
[EXIF, ExifIFD, Image] 33434 - Exposure Time: 0.4
[EXIF, ExifIFD, Image] 33437 - F Number: 2.8
[EXIF, ExifIFD, Image] 36864 - Exif Version: 0220
[EXIF, ExifIFD, Time] 36867 - Date/Time Original: 2005:06:09 20:09:27
[EXIF, ExifIFD, Time] 36868 - Create Date: 2005:11:21 17:07:14
[EXIF, ExifIFD, Image] 37121 - Components Configuration: Y, Cb, Cr, -
[EXIF, ExifIFD, Image] 37377 - Shutter Speed Value: 0.4
[EXIF, ExifIFD, Image] 37378 - Aperture Value: 2.8
[EXIF, ExifIFD, Image] 37380 - Exposure Compensation: -1
[EXIF, ExifIFD, Camera] 37381 - Max Aperture Value: 2.8
[EXIF, ExifIFD, Camera] 37383 - Metering Mode: Multi-segment
[EXIF, ExifIFD, Camera] 37386 - Focal Length: 5.8 mm
[EXIF, ExifIFD, Image] 40960 - Flashpix Version: 0100
[EXIF, ExifIFD, Image] 40961 - Color Space: sRGB
[EXIF, ExifIFD, Image] 40962 - Exif Image Width: 1136
[EXIF, ExifIFD, Image] 40963 - Exif Image Height: 852
[EXIF, ExifIFD, Camera] 41486 - Focal Plane X Resolution: 10142.85714
[EXIF, ExifIFD, Camera] 41487 - Focal Plane Y Resolution: 10142.85714
[EXIF, ExifIFD, Camera] 41488 - Focal Plane Resolution Unit: inches
[EXIF, ExifIFD, Camera] 41495 - Sensing Method: One-chip color area
[EXIF, ExifIFD, Image] 41728 - File Source: Digital Camera
[EXIF, ExifIFD, Image] 41985 - Custom Rendered: Normal
[EXIF, ExifIFD, Camera] 41986 - Exposure Mode: Manual
[EXIF, ExifIFD, Camera] 41987 - White Balance: Auto
[EXIF, ExifIFD, Camera] 41988 - Digital Zoom Ratio: 1
[EXIF, ExifIFD, Camera] 41990 - Scene Capture Type: Standard
