[ExifTool, ExifTool, ExifTool] ExifToolVersion - ExifTool Version Number: 9.93
[File, System, Image] FileName - File Name: XMP_6_failed.xmp
[File, System, Image] Directory - Directory: t
[File, System, Image] FileSize - File Size: 5.7 kB
[File, System, Time] FileModifyDate - File Modification Date/Time: 2015:04:18 07:17:54-04:00
[File, System, Time] FileAccessDate - File Access Date/Time: 2015:04:18 07:17:54-04:00
[File, System, Time] FileInodeChangeDate - File Inode Change Date/Time: 2015:04:18 07:17:54-04:00
[File, System, Image] FilePermissions - File Permissions: rw-r--r--
[File, File, Image] FileType - File Type: XMP
[File, File, Image] FileTypeExtension - File Type Extension: xmp
[File, File, Image] MIMEType - MIME Type: application/rdf+xml
[XMP, XMP-x, Document] xmptk - XMP Toolkit: Image::ExifTool 9.93
[XMP, XMP-dc, Author] creator - Creator: Phil Harvey
[XMP, XMP-dc, Image] description - Description: UTF-16 (big-endian) encoded XMP
[XMP, XMP-dc, Author] rights - Rights: Copyright 2004 Phil Harvey
[XMP, XMP-dc, Image] subject - Subject: ExifTool, Test, XMP
[XMP, XMP-dc, Image] title - Title: Test IPTC picture
[XMP, XMP-exif, Image] ApertureValue - Aperture Value: 3.5
[XMP, XMP-exif, Image] BrightnessValue - Brightness Value: 2
[XMP, XMP-exif, Image] ColorSpace - Color Space: sRGB
[XMP, XMP-exif, Image] ComponentsConfiguration - Components Configuration: Y, Cb, Cr, -
[XMP, XMP-exif, Image] CompressedBitsPerPixel - Compressed Bits Per Pixel: 1.6
[XMP, XMP-exif, Time] DateTimeOriginal - Date/Time Original: 2001:05:19 18:36:41
[XMP, XMP-exif, Image] ExifVersion - Exif Version: 0210
[XMP, XMP-exif, Image] ExposureBiasValue - Exposure Compensation: 0
[XMP, XMP-exif, Camera] ExposureProgram - Exposure Program: Program AE
[XMP, XMP-exif, Image] FNumber - F Number: 3.5
[XMP, XMP-exif, Image] FileSource - File Source: Digital Camera
[XMP, XMP-exif, Camera] FlashFired - Flash Fired: True
[XMP, XMP-exif, Camera] FlashFunction - Flash Function: False
[XMP, XMP-exif, Camera] FlashMode - Flash Mode: Unknown
[XMP, XMP-exif, Camera] FlashRedEyeMode - Flash Red Eye Mode: False
[XMP, XMP-exif, Camera] FlashReturn - Flash Return: No return detection
[XMP, XMP-exif, Image] FlashpixVersion - Flashpix Version: 0100
[XMP, XMP-exif, Camera] FocalLength - Focal Length: 6.0 mm
[XMP, XMP-exif, Camera] FocalPlaneResolutionUnit - Focal Plane Resolution Unit: cm
[XMP, XMP-exif, Camera] FocalPlaneXResolution - Focal Plane X Resolution: 3053
[XMP, XMP-exif, Camera] FocalPlaneYResolution - Focal Plane Y Resolution: 3053
[XMP, XMP-exif, Image] ISOSpeedRatings - ISO: 100
[XMP, XMP-exif, Camera] MaxApertureValue - Max Aperture Value: 3.5
[XMP, XMP-exif, Camera] MeteringMode - Metering Mode: Multi-segment
[XMP, XMP-exif, Image] PixelXDimension - Exif Image Width: 100
[XMP, XMP-exif, Image] PixelYDimension - Exif Image Height: 80
[XMP, XMP-exif, Image] SceneType - Scene Type: Directly photographed
[XMP, XMP-exif, Camera] SensingMethod - Sensing Method: One-chip color area
[XMP, XMP-exif, Image] ShutterSpeedValue - Shutter Speed Value: 1/64
[XMP, XMP-photoshop, Author] AuthorsPosition - Authors Position: My Position
[XMP, XMP-photoshop, Author] CaptionWriter - Caption Writer: I wrote it
[XMP, XMP-photoshop, Image] Category - Category: 1
[XMP, XMP-photoshop, Location] City - City: Kingston
[XMP, XMP-photoshop, Location] Country - Country: Canada
[XMP, XMP-photoshop, Author] Credit - Credit: My Credit
[XMP, XMP-photoshop, Time] DateCreated - Date Created: 2004:02:26
[XMP, XMP-photoshop, Image] Headline - Headline: No headline
[XMP, XMP-photoshop, Image] Instructions - Instructions: What instructions
[XMP, XMP-photoshop, Author] Source - Source: I'm the source
[XMP, XMP-photoshop, Location] State - State: Ont
[XMP, XMP-photoshop, Image] SupplementalCategories - Supplemental Categories: amazing, image, utilities
[XMP, XMP-photoshop, Image] TransmissionReference - Transmission Reference: What is a transmission reference?
[XMP, XMP-photoshop, Image] Urgency - Urgency: 8 (least urgent)
[XMP, XMP-tiff, Author] Artist - Artist: Phil Harvey
[XMP, XMP-tiff, Image] BitsPerSample - Bits Per Sample: 8
[XMP, XMP-tiff, Image] Compression - Compression: JPEG (old-style)
[XMP, XMP-tiff, Author] Copyright - Copyright: Copyright 2004 Phil Harvey
[XMP, XMP-tiff, Image] ImageDescription - Image Description: A witty caption
[XMP, XMP-tiff, Image] ImageLength - Image Height: 8
[XMP, XMP-tiff, Image] ImageWidth - Image Width: 8
[XMP, XMP-tiff, Camera] Make - Make: FUJIFILM
[XMP, XMP-tiff, Camera] Model - Camera Model Name: FinePix2400Zoom
[XMP, XMP-tiff, Image] Orientation - Orientation: Horizontal (normal)
[XMP, XMP-tiff, Image] ResolutionUnit - Resolution Unit: inches
[XMP, XMP-tiff, Image] Software - Software: Adobe Photoshop 7.0
[XMP, XMP-tiff, Image] XResolution - X Resolution: 72
[XMP, XMP-tiff, Image] YCbCrPositioning - Y Cb Cr Positioning: Co-sited
[XMP, XMP-tiff, Image] YCbCrSubSampling - Y Cb Cr Sub Sampling: YCbCr4:2:0 (2 2)
[XMP, XMP-tiff, Image] YResolution - Y Resolution: 72
[XMP, XMP-xmp, Time] CreateDate - Create Date: 2001:05:19 18:36:41
[XMP, XMP-xmp, Time] ModifyDate - Modify Date: 2004:02:26 09:36:46
[XMP, XMP-xmpBJ, Other] JobRefName - Job Ref Name: My Job
[XMP, XMP-xmpMM, Other] DocumentID - Document ID: adobe:docid:photoshop:4cc7b857-69d0-11d8-8ac4-bb59c92f0d9a
[XMP, XMP-xmpRights, Author] Marked - Marked: False
[XMP, XMP-xmpRights, Author] WebStatement - Web Statement: http://owl.phy.queensu.ca/~phil/exiftool/
[Composite, Composite, Image] Aperture - Aperture: 3.5
[Composite, Composite, Other] Flash - Flash: Fired
[Composite, Composite, Image] ShutterSpeed - Shutter Speed: 1/64
[Composite, Composite, Image] ImageSize - Image Size: 8x8
[Composite, Composite, Image] LightValue - Light Value: 9.6
[Composite, Composite, Image] Megapixels - Megapixels: 0.000064
[Composite, Composite, Camera] FocalLength35efl - Focal Length: 6.0 mm
