<?xpacket begin='﻿' id='W5M0MpCehiHzreSzNTczkc9d'?>
<x:xmpmeta xmlns:x='adobe:ns:meta/' x:xmptk='Image::ExifTool 8.44'>
<rdf:RDF xmlns:rdf='http://www.w3.org/1999/02/22-rdf-syntax-ns#'>

 <rdf:Description rdf:about=''
  xmlns:dc='http://purl.org/dc/elements/1.1/'>
  <dc:creator>
   <rdf:Seq>
    <rdf:li>Phil Harvey</rdf:li>
   </rdf:Seq>
  </dc:creator>
  <dc:description>
   <rdf:Alt>
    <rdf:li xml:lang='x-default'>UTF-16 (big-endian) encoded XMP</rdf:li>
   </rdf:Alt>
  </dc:description>
  <dc:rights>
   <rdf:Alt>
    <rdf:li xml:lang='x-default'>Copyright 2004 Phil Harvey</rdf:li>
   </rdf:Alt>
  </dc:rights>
  <dc:subject>
   <rdf:Bag>
    <rdf:li>ExifTool</rdf:li>
    <rdf:li>Test</rdf:li>
    <rdf:li>XMP</rdf:li>
   </rdf:Bag>
  </dc:subject>
  <dc:title>
   <rdf:Alt>
    <rdf:li xml:lang='x-default'>Test IPTC picture</rdf:li>
   </rdf:Alt>
  </dc:title>
 </rdf:Description>

 <rdf:Description rdf:about=''
  xmlns:photoshop='http://ns.adobe.com/photoshop/1.0/'>
  <photoshop:AuthorsPosition>My Position</photoshop:AuthorsPosition>
  <photoshop:CaptionWriter>I wrote it</photoshop:CaptionWriter>
  <photoshop:Category>1</photoshop:Category>
  <photoshop:City>Kingston</photoshop:City>
  <photoshop:Country>Canada</photoshop:Country>
  <photoshop:Credit>My Credit</photoshop:Credit>
  <photoshop:DateCreated>2004-02-26</photoshop:DateCreated>
  <photoshop:Headline>No headline</photoshop:Headline>
  <photoshop:Instructions>What instructions</photoshop:Instructions>
  <photoshop:Source>I&#39;m the source</photoshop:Source>
  <photoshop:State>Ont</photoshop:State>
  <photoshop:SupplementalCategories>
   <rdf:Bag>
    <rdf:li>amazing</rdf:li>
    <rdf:li>image</rdf:li>
    <rdf:li>utilities</rdf:li>
   </rdf:Bag>
  </photoshop:SupplementalCategories>
  <photoshop:TransmissionReference>What is a transmission reference?</photoshop:TransmissionReference>
  <photoshop:Urgency>8</photoshop:Urgency>
 </rdf:Description>

 <rdf:Description rdf:about=''
  xmlns:xmp='http://ns.adobe.com/xap/1.0/'>
  <xmp:CreateDate>2001-05-19T18:36:41</xmp:CreateDate>
  <xmp:ModifyDate>2004-02-26T09:36:46</xmp:ModifyDate>
 </rdf:Description>

 <rdf:Description rdf:about=''
  xmlns:stJob='http://ns.adobe.com/xap/1.0/sType/Job#'
  xmlns:xmpBJ='http://ns.adobe.com/xap/1.0/bj/'>
  <xmpBJ:JobRef>
   <rdf:Bag>
    <rdf:li rdf:parseType='Resource'>
     <stJob:name>My Job</stJob:name>
    </rdf:li>
   </rdf:Bag>
  </xmpBJ:JobRef>
 </rdf:Description>

 <rdf:Description rdf:about=''
  xmlns:xmpMM='http://ns.adobe.com/xap/1.0/mm/'>
  <xmpMM:DocumentID>adobe:docid:photoshop:4cc7b857-69d0-11d8-8ac4-bb59c92f0d9a</xmpMM:DocumentID>
 </rdf:Description>

 <rdf:Description rdf:about=''
  xmlns:xmpRights='http://ns.adobe.com/xap/1.0/rights/'>
  <xmpRights:Marked>False</xmpRights:Marked>
  <xmpRights:WebStatement>http://owl.phy.queensu.ca/~phil/exiftool/</xmpRights:WebStatement>
 </rdf:Description>
</rdf:RDF>
</x:xmpmeta>
<?xpacket end='w'?>