[XMP, XMP-x, Document] xmptk - XMP Toolkit: Image::ExifTool 9.32
[XMP, XMP-exif, Image] ApertureValue - Aperture Value: 14.0
[XMP, XMP-exif, Image] ColorSpace - Color Space: sRGB
[XMP, XMP-exif, Image] ComponentsConfiguration - Components Configuration: Y, Cb, Cr, -
[XMP, XMP-exif, Image] CompressedBitsPerPixel - Compressed Bits Per Pixel: 9
[XMP, XMP-exif, Image] CustomRendered - Custom Rendered: Normal
[XMP, XMP-exif, Time] DateTimeOriginal - Date/Time Original: 2003:12:04 06:46:52
[XMP, XMP-exif, Image] ExifVersion - Exif Version: 0221
[XMP, XMP-exif, Image] ExposureBiasValue - Exposure Compensation: 0
[XMP, XMP-exif, Camera] ExposureMode - Exposure Mode: Manual
[XMP, XMP-exif, Image] ExposureTime - Exposure Time: 4
[XMP, XMP-exif, Image] FNumber - F Number: 14.0
[XMP, XMP-exif, Image] FileSource - File Source: Digital Camera
[XMP, XMP-exif, Image] FlashpixVersion - Flashpix Version: 0100
[XMP, XMP-exif, Camera] FocalLength - Focal Length: 34.0 mm
[XMP, XMP-exif, Camera] FocalPlaneResolutionUnit - Focal Plane Resolution Unit: inches
[XMP, XMP-exif, Camera] FocalPlaneXResolution - Focal Plane X Resolution: 3443.94615384615
[XMP, XMP-exif, Camera] FocalPlaneYResolution - Focal Plane Y Resolution: 3442.01680672269
[XMP, XMP-exif, Image] ISOSpeedRatings - ISO: 100
[XMP, XMP-exif, Camera] MaxApertureValue - Max Aperture Value: 4.5
[XMP, XMP-exif, Camera] MeteringMode - Metering Mode: Average
[XMP, XMP-exif, Image] PixelXDimension - Exif Image Width: 160
[XMP, XMP-exif, Image] PixelYDimension - Exif Image Height: 120
[XMP, XMP-exif, Camera] SceneCaptureType - Scene Capture Type: Standard
[XMP, XMP-exif, Camera] SensingMethod - Sensing Method: One-chip color area
[XMP, XMP-exif, Image] ShutterSpeedValue - Shutter Speed Value: 1
[XMP, XMP-exif, Image] UserComment - User Comment: 
[XMP, XMP-exif, Camera] WhiteBalance - White Balance: Auto
[XMP, XMP-exifEX, Image] InteroperabilityIndex - Interoperability Index: THM - DCF thumbnail file
[XMP, XMP-tiff, Camera] Make - Make: Canon
[XMP, XMP-tiff, Camera] Model - Camera Model Name: Canon EOS DIGITAL REBEL
[XMP, XMP-tiff, Image] Orientation - Orientation: Horizontal (normal)
[XMP, XMP-tiff, Image] ResolutionUnit - Resolution Unit: inches
[XMP, XMP-tiff, Image] XResolution - X Resolution: 180
[XMP, XMP-tiff, Image] YCbCrPositioning - Y Cb Cr Positioning: Centered
[XMP, XMP-tiff, Image] YResolution - Y Resolution: 180
[XMP, XMP-xmp, Time] CreateDate - Create Date: 2003:12:04 06:46:52
[XMP, XMP-xmp, Time] ModifyDate - Modify Date: 2003:12:04 06:46:52
