[ExifTool, ExifTool, ExifTool] ExifToolVersion - ExifTool Version Number: 12.11
[File, System, Other] FileName - File Name: XMP5.xmp
[File, System, Other] Directory - Directory: t/images
[File, System, Other] FileSize - File Size: 4.6 KiB
[File, System, Time] FileModifyDate - File Modification Date/Time: 2015:04:11 07:17:32-04:00
[File, System, Time] FileAccessDate - File Access Date/Time: 2020:11:26 10:02:49-05:00
[File, System, Time] FileInodeChangeDate - File Inode Change Date/Time: 2017:12:27 12:00:59-05:00
[File, System, Other] FilePermissions - File Permissions: rw-r--r--
[File, File, Other] FileType - File Type: XMP
[File, File, Other] FileTypeExtension - File Type Extension: xmp
[File, File, Other] MIMEType - MIME Type: application/rdf+xml
[XMP, XMP-x, Document] xmptk - XMP Toolkit: Image::ExifTool 8.82
[XMP, XMP-iptcExt, Author] ArtworkOrObjectAOTitle - Artwork Title: test
[XMP, XMP-iptcExt, Author] ArtworkOrObjectAOTitle-de - Artwork Title (de): pr&uuml;fung
[XMP, XMP-iptcExt, Author] ArtworkOrObjectAOTitle-fr - Artwork Title (fr): &eacute;preuve
[XMP, XMP-exif, Camera] FlashMode - Flash Mode: Off
[XMP, XMP-exif, Camera] FlashReturn - Flash Return: No return detection
[XMP, XMP-mwg-kw, Image] KeywordsHierarchyChildrenKeyword - Hierarchical Keywords 2: A-2, B-2
[XMP, XMP-mwg-kw, Image] KeywordsHierarchyKeyword - Hierarchical Keywords 1: A-1, B-1, C-1
[XMP, XMP-mwg-rs, Image] RegionsRegionListAreaH - Region Area H: 8
[XMP, XMP-mwg-rs, Image] RegionsRegionListAreaW - Region Area W: 8
[XMP, XMP-mwg-rs, Image] RegionsRegionListAreaX - Region Area X: 0
[XMP, XMP-mwg-rs, Image] RegionsRegionListAreaY - Region Area Y: 0
[XMP, XMP-mwg-rs, Image] RegionsRegionListName - Region Name: Region 1
[XMP, XMP-mwg-rs, Image] RegionsRegionListType - Region Type: Face
[XMP, XMP-mwg-rs, Image] RegionsRegionListSeeAlso - Region See Also: plus:Licensee
[XMP, XMP-mwg-rs, Author] Iptc4xmpExt:RegionsRegionListExtensionsArtworkOrObjectAOTitle-de - Region Extensions Artwork Title (de): verf&auml;nglich
[XMP, XMP-mwg-rs, Camera] exif:RegionsRegionListExtensionsFlashMode - Region Extensions Flash Mode: On
[XMP, XMP-mwg-rs, Camera] exif:RegionsRegionListExtensionsFlashReturn - Region Extensions Flash Return: Return not detected
[XMP, XMP-mwg-rs, Other] myXMPns:RegionsRegionListExtensionsBTestTagField1 - Region Extensions Renamed: this is wild
[XMP, XMP-mwg-rs, Author] xmpRights:RegionsRegionListExtensionsUsageTerms-fr - Region Extensions Usage Terms (fr): libre
[XMP, XMP-myXMPns, Other] BTestTagField1-en-CA - Renamed (en-CA): eh?
[XMP, XMP-myXMPns, Other] BTestTagField1-en-US - Renamed (en-US): huh?, groovy
[XMP, XMP-myXMPns, Other] BTestTagField1-fr - Renamed (fr): ing&eacute;nieux
[XMP, XMP-plus, Author] LicenseeLicenseeName - Licensee Name: Phil
[Composite, Composite, Camera] XMP-Flash - Flash: Off, Did not fire
