<?xpacket begin='﻿' id='W5M0MpCehiHzreSzNTczkc9d'?>
<x:xmpmeta xmlns:x='adobe:ns:meta/' x:xmptk='Image::ExifTool 9.75'>
<rdf:RDF xmlns:rdf='http://www.w3.org/1999/02/22-rdf-syntax-ns#'>

 <rdf:Description rdf:about=''
  xmlns:dc='http://purl.org/dc/elements/1.1/'>
  <dc:format>image/jpeg</dc:format>
  <dc:rights>
   <rdf:Alt>
    <rdf:li xml:lang='x-default'>© Copyright Someone Else</rdf:li>
   </rdf:Alt>
  </dc:rights>
  <dc:subject>
   <rdf:Bag>
    <rdf:li>test1</rdf:li>
    <rdf:li>&amp;-<![CDATA[&amp;]]>-&amp;</rdf:li>
    <rdf:li>char test: &amp; &gt; &lt; &#39; &quot;</rdf:li>
   </rdf:Bag>
  </dc:subject>
 </rdf:Description>

 <rdf:Description rdf:about=''
  xmlns:exif='http://ns.adobe.com/exif/1.0/'>
  <exif:ApertureValue>95/32</exif:ApertureValue>
  <exif:ColorSpace>1</exif:ColorSpace>
  <exif:ComponentsConfiguration>
   <rdf:Seq>
    <rdf:li>1</rdf:li>
    <rdf:li>2</rdf:li>
    <rdf:li>3</rdf:li>
    <rdf:li>0</rdf:li>
   </rdf:Seq>
  </exif:ComponentsConfiguration>
  <exif:CompressedBitsPerPixel>3/1</exif:CompressedBitsPerPixel>
  <exif:CustomRendered>0</exif:CustomRendered>
  <exif:DateTimeDigitized>2005-06-09T20:09:27+02:00</exif:DateTimeDigitized>
  <exif:DateTimeOriginal>2005-06-09T20:09:27+02:00</exif:DateTimeOriginal>
  <exif:DigitalZoomRatio>2272/2272</exif:DigitalZoomRatio>
  <exif:ExifVersion>0.2.2.0</exif:ExifVersion>
  <exif:ExposureBiasValue>-3/3</exif:ExposureBiasValue>
  <exif:ExposureMode>1</exif:ExposureMode>
  <exif:ExposureTime>4/10</exif:ExposureTime>
  <exif:FNumber>28/10</exif:FNumber>
  <exif:FileSource>3</exif:FileSource>
  <exif:Flash rdf:parseType='Resource'>
   <exif:Fired>False</exif:Fired>
   <exif:Function>False</exif:Function>
   <exif:Mode>2</exif:Mode>
   <exif:RedEyeMode>False</exif:RedEyeMode>
   <exif:Return>0</exif:Return>
  </exif:Flash>
  <exif:FlashpixVersion>0.1.0.0</exif:FlashpixVersion>
  <exif:FocalLength>5800/1000</exif:FocalLength>
  <exif:FocalPlaneResolutionUnit>2</exif:FocalPlaneResolutionUnit>
  <exif:FocalPlaneXResolution>2272000/224</exif:FocalPlaneXResolution>
  <exif:FocalPlaneYResolution>1704000/168</exif:FocalPlaneYResolution>
  <exif:MaxApertureValue>95/32</exif:MaxApertureValue>
  <exif:MeteringMode>5</exif:MeteringMode>
  <exif:NativeDigest>36864,40960,40961,37121,37122,40962,40963,37510,40964,36867,36868,33434,33437,34850,34852,34855,34856,37377,37378,37379,37380,37381,37382,37383,37384,37385,37386,37396,41483,41484,41486,41487,41488,41492,41493,41495,41728,41729,41730,41985,41986,41987,41988,41989,41990,41991,41992,41993,41994,41995,41996,42016,0,2,4,5,6,7,8,9,10,11,12,13,14,15,16,17,18,20,22,23,24,25,26,27,28,30;CE459FE772DF591DDF5F63CA3F2A087B</exif:NativeDigest>
  <exif:PixelXDimension>1136</exif:PixelXDimension>
  <exif:PixelYDimension>852</exif:PixelYDimension>
  <exif:SceneCaptureType>0</exif:SceneCaptureType>
  <exif:SensingMethod>2</exif:SensingMethod>
  <exif:ShutterSpeedValue>42/32</exif:ShutterSpeedValue>
  <exif:WhiteBalance>0</exif:WhiteBalance>
 </rdf:Description>

 <rdf:Description rdf:about=''
  xmlns:photoshop='http://ns.adobe.com/photoshop/1.0/'>
  <photoshop:ColorMode>3</photoshop:ColorMode>
  <photoshop:History/>
  <photoshop:ICCProfile>sRGB IEC61966-2.1</photoshop:ICCProfile>
 </rdf:Description>

 <rdf:Description rdf:about=''
  xmlns:tiff='http://ns.adobe.com/tiff/1.0/'>
  <tiff:BitsPerSample>
   <rdf:Seq>
    <rdf:li>8</rdf:li>
    <rdf:li>8</rdf:li>
    <rdf:li>8</rdf:li>
   </rdf:Seq>
  </tiff:BitsPerSample>
  <tiff:ImageLength>852</tiff:ImageLength>
  <tiff:ImageWidth>1136</tiff:ImageWidth>
  <tiff:Make>Canon</tiff:Make>
  <tiff:Model>Canon DIGITAL IXUS 40</tiff:Model>
  <tiff:NativeDigest>256,257,258,259,262,274,277,284,530,531,282,283,296,301,318,319,529,532,306,270,271,272,305,315,33432;D11E7FC551E751BE9E616260834B2A1D</tiff:NativeDigest>
  <tiff:Orientation>1</tiff:Orientation>
  <tiff:ResolutionUnit>2</tiff:ResolutionUnit>
  <tiff:XResolution>1800000/10000</tiff:XResolution>
  <tiff:YCbCrPositioning>1</tiff:YCbCrPositioning>
  <tiff:YResolution>1800000/10000</tiff:YResolution>
 </rdf:Description>

 <rdf:Description rdf:about=''
  xmlns:xmp='http://ns.adobe.com/xap/1.0/'>
  <xmp:CreateDate>2005-11-21T17:07:14+01:00</xmp:CreateDate>
  <xmp:CreatorTool>Adobe Photoshop CS2 Windows</xmp:CreatorTool>
  <xmp:Label>Blue</xmp:Label>
  <xmp:MetadataDate>2005-11-21T17:11:31+01:00</xmp:MetadataDate>
  <xmp:ModifyDate>2005-11-21T17:07:14+01:00</xmp:ModifyDate>
  <xmp:Rating>3</xmp:Rating>
 </rdf:Description>

 <rdf:Description rdf:about=''
  xmlns:stRef='http://ns.adobe.com/xap/1.0/sType/ResourceRef#'
  xmlns:xmpMM='http://ns.adobe.com/xap/1.0/mm/'>
  <xmpMM:DerivedFrom rdf:parseType='Resource'>
   <stRef:documentID>adobe:docid:photoshop:f481cc67-d8f5-11d9-a31e-a1606d941d83</stRef:documentID>
   <stRef:instanceID>adobe:docid:photoshop:f481cc67-d8f5-11d9-a31e-a1606d941d83</stRef:instanceID>
  </xmpMM:DerivedFrom>
  <xmpMM:DocumentID>uuid:7A9636BAA85ADA11B611C7FA524F1F71</xmpMM:DocumentID>
  <xmpMM:InstanceID>uuid:7B9636BAA85ADA11B611C7FA524F1F71</xmpMM:InstanceID>
 </rdf:Description>
</rdf:RDF>
</x:xmpmeta>
<?xpacket end='w'?>