<?xpacket begin='﻿' id='W5M0MpCehiHzreSzNTczkc9d'?>
<x:xmpmeta xmlns:x='adobe:ns:meta/' x:xmptk='Image::ExifTool 11.64'>
<rdf:RDF xmlns:rdf='http://www.w3.org/1999/02/22-rdf-syntax-ns#'>

 <rdf:Description rdf:about=''
  xmlns:plus='http://ns.useplus.org/ldf/xmp/1.0/'>
  <plus:Custom1>
   <rdf:Bag>
    <rdf:li>
     <rdf:Alt>
      <rdf:li xml:lang='x-default'>cu1</rdf:li>
      <rdf:li xml:lang='de'>de1</rdf:li>
      <rdf:li xml:lang='fr'>fr1</rdf:li>
     </rdf:Alt>
    </rdf:li>
    <rdf:li>
     <rdf:Alt>
      <rdf:li xml:lang='x-default'>cu2</rdf:li>
      <rdf:li xml:lang='de'/>
      <rdf:li xml:lang='fr'/>
     </rdf:Alt>
    </rdf:li>
    <rdf:li>
     <rdf:Alt>
      <rdf:li xml:lang='x-default'>cu3</rdf:li>
      <rdf:li xml:lang='de'>de3</rdf:li>
      <rdf:li xml:lang='fr'>fr3</rdf:li>
     </rdf:Alt>
    </rdf:li>
   </rdf:Bag>
  </plus:Custom1>
 </rdf:Description>
</rdf:RDF>
</x:xmpmeta>
<?xpacket end='w'?>